#
# There is insufficient memory for the Java Runtime Environment to continue.
# Native memory allocation (mmap) failed to map 65536 bytes for committing reserved memory.
# Possible reasons:
#   The system is out of physical RAM or swap space
#   In 32 bit mode, the process size limit was hit
# Possible solutions:
#   Reduce memory load on the system
#   Increase physical memory or swap space
#   Check if swap backing store is full
#   Use 64 bit Java on a 64 bit OS
#   Decrease Java heap size (-Xmx/-Xms)
#   Decrease number of Java threads
#   Decrease Java thread stack sizes (-Xss)
#   Set larger code cache with -XX:ReservedCodeCacheSize=
# This output file may be truncated or incomplete.
#
#  Out of Memory Error (os_linux.cpp:2671), pid=8153, tid=140028618716928
#
# JRE version: Java(TM) SE Runtime Environment (8.0_31-b13) (build 1.8.0_31-b13)
# Java VM: Java HotSpot(TM) 64-Bit Server VM (25.31-b07 mixed mode linux-amd64 compressed oops)
# Failed to write core dump. Core dumps have been disabled. To enable core dumping, try "ulimit -c unlimited" before starting Java again
#

---------------  T H R E A D  ---------------

Current thread (0x00007f5af00cb800):  JavaThread "C1 CompilerThread1" daemon [_thread_in_vm, id=8163, stack(0x00007f5af403b000,0x00007f5af413c000)]

Stack: [0x00007f5af403b000,0x00007f5af413c000],  sp=0x00007f5af4139c50,  free space=1019k
Native frames: (J=compiled Java code, j=interpreted, Vv=VM code, C=native code)
V  [libjvm.so+0xa79e0a]  VMError::report_and_die()+0x2ca
V  [libjvm.so+0x4e57bb]  report_vm_out_of_memory(char const*, int, unsigned long, VMErrorType, char const*)+0x8b
V  [libjvm.so+0x8e5a23]  os::Linux::commit_memory_impl(char*, unsigned long, bool)+0x103
V  [libjvm.so+0x8e5f79]  os::pd_commit_memory(char*, unsigned long, unsigned long, bool)+0x29
V  [libjvm.so+0x8dfc4a]  os::commit_memory(char*, unsigned long, unsigned long, bool)+0x2a
V  [libjvm.so+0xa75d39]  VirtualSpace::expand_by(unsigned long, bool)+0x1c9
V  [libjvm.so+0x5f1fac]  CodeHeap::expand_by(unsigned long)+0x8c
V  [libjvm.so+0x46f0c0]  CodeCache::allocate(int, bool)+0x60
V  [libjvm.so+0x8b22cc]  nmethod::new_nmethod(methodHandle, int, int, CodeOffsets*, int, DebugInformationRecorder*, Dependencies*, CodeBuffer*, int, OopMapSet*, ExceptionHandlerTable*, ImplicitExceptionTable*, AbstractCompiler*, int)+0x1fc
V  [libjvm.so+0x4091f4]  ciEnv::register_method(ciMethod*, int, CodeOffsets*, int, CodeBuffer*, int, OopMapSet*, ExceptionHandlerTable*, ImplicitExceptionTable*, AbstractCompiler*, int, bool, bool, RTMState)+0x6e4
V  [libjvm.so+0x34dee9]  Compilation::install_code(int)+0xc9
V  [libjvm.so+0x34f3dc]  Compilation::compile_method()+0xec
V  [libjvm.so+0x34f6ab]  Compilation::Compilation(AbstractCompiler*, ciEnv*, ciMethod*, int, BufferBlob*)+0x25b
V  [libjvm.so+0x350459]  Compiler::compile_method(ciEnv*, ciMethod*, int)+0xa9
V  [libjvm.so+0x49bdea]  CompileBroker::invoke_compiler_on_method(CompileTask*)+0xc8a
V  [libjvm.so+0x49e7c0]  CompileBroker::compiler_thread_loop()+0x620
V  [libjvm.so+0xa2a9ef]  JavaThread::thread_main_inner()+0xdf
V  [libjvm.so+0xa2ab1c]  JavaThread::run()+0x11c
V  [libjvm.so+0x8e8158]  java_start(Thread*)+0x108
C  [libpthread.so.0+0x8182]  start_thread+0xc2


Current CompileTask:
C1:  17374 1999       2       javafx.scene.layout.Region::snappedLeftInset (5 bytes)


---------------  P R O C E S S  ---------------

Java Threads: ( => current thread )
  0x00007f5ad018d800 JavaThread "Prism Font Disposer" daemon [_thread_blocked, id=8170, stack(0x00007f5abb771000,0x00007f5abb872000)]
  0x00007f5af020f800 JavaThread "JavaFX-Launcher" [_thread_blocked, id=8169, stack(0x00007f5abc293000,0x00007f5abc394000)]
  0x00007f5af020b800 JavaThread "JavaFX Application Thread" [_thread_blocked, id=8168, stack(0x00007f5abc394000,0x00007f5abc495000)]
  0x00007f5af0207800 JavaThread "Thread-1" daemon [_thread_blocked, id=8167, stack(0x00007f5ae0075000,0x00007f5ae0176000)]
  0x00007f5af01be000 JavaThread "QuantumRenderer-0" daemon [_thread_blocked, id=8166, stack(0x00007f5ae0c71000,0x00007f5ae0d72000)]
  0x00007f5af00d0800 JavaThread "Service Thread" daemon [_thread_blocked, id=8164, stack(0x00007f5ae0eff000,0x00007f5ae1000000)]
=>0x00007f5af00cb800 JavaThread "C1 CompilerThread1" daemon [_thread_in_vm, id=8163, stack(0x00007f5af403b000,0x00007f5af413c000)]
  0x00007f5af00c9800 JavaThread "C2 CompilerThread0" daemon [_thread_in_native, id=8162, stack(0x00007f5af413c000,0x00007f5af423d000)]
  0x00007f5af00c7800 JavaThread "Signal Dispatcher" daemon [_thread_blocked, id=8161, stack(0x00007f5af423d000,0x00007f5af433e000)]
  0x00007f5af009a000 JavaThread "Finalizer" daemon [_thread_blocked, id=8160, stack(0x00007f5af4607000,0x00007f5af4708000)]
  0x00007f5af0098000 JavaThread "Reference Handler" daemon [_thread_blocked, id=8159, stack(0x00007f5af4708000,0x00007f5af4809000)]
  0x00007f5af0009800 JavaThread "main" [_thread_blocked, id=8157, stack(0x00007f5af85f0000,0x00007f5af86f1000)]

Other Threads:
  0x00007f5af0093000 VMThread [stack: 0x00007f5af4809000,0x00007f5af490a000] [id=8158]
  0x00007f5af00d6000 WatcherThread [stack: 0x00007f5ae0dfe000,0x00007f5ae0eff000] [id=8165]

VM state:not at safepoint (normal execution)

VM Mutex/Monitor currently owned by a thread:  ([mutex/lock_event])
[0x00007f5af0005390] CodeCache_lock - owner thread: 0x00007f5af00cb800
[0x00007f5af0006a10] Compile_lock - owner thread: 0x00007f5af00cb800
[0x00007f5af0006b10] MethodCompileQueue_lock - owner thread: 0x00007f5af00cb800

Heap:
 def new generation   total 4992K, used 4710K [0x00000000f0600000, 0x00000000f0b60000, 0x00000000f5950000)
  eden space 4480K,  94% used [0x00000000f0600000, 0x00000000f0a22788, 0x00000000f0a60000)
  from space 512K,  93% used [0x00000000f0ae0000, 0x00000000f0b57150, 0x00000000f0b60000)
  to   space 512K,   0% used [0x00000000f0a60000, 0x00000000f0a60000, 0x00000000f0ae0000)
 tenured generation   total 19140K, used 13632K [0x00000000f5950000, 0x00000000f6c01000, 0x0000000100000000)
   the space 19140K,  71% used [0x00000000f5950000, 0x00000000f66a02f8, 0x00000000f66a0400, 0x00000000f6c01000)
 Metaspace       used 18317K, capacity 19428K, committed 19584K, reserved 1067008K
  class space    used 2710K, capacity 2895K, committed 2944K, reserved 1048576K

Card table byte_map: [0x00007f5af8572000,0x00007f5af85f0000] byte_map_base: 0x00007f5af7def000

Polling page: 0x00007f5af8701000

CodeCache: size=245760Kb used=5940Kb max_used=5940Kb free=239819Kb
 bounds [0x00007f5ae1000000, 0x00007f5ae15d0000, 0x00007f5af0000000]
 total_blobs=2580 nmethods=1982 adapters=511
 compilation: enabled

Compilation events (10 events):
Event: 17.337 Thread 0x00007f5af00cb800 nmethod 1993 0x00007f5ae15ced50 code [0x00007f5ae15ceec0, 0x00007f5ae15cf080]
Event: 17.344 Thread 0x00007f5af00cb800 1995       2       java.lang.Character::charCount (12 bytes)
Event: 17.344 Thread 0x00007f5af00cb800 nmethod 1995 0x00007f5ae15cf150 code [0x00007f5ae15cf2a0, 0x00007f5ae15cf3f0]
Event: 17.344 Thread 0x00007f5af00cb800 1996       2       java.lang.Character::isHighSurrogate (18 bytes)
Event: 17.344 Thread 0x00007f5af00cb800 nmethod 1996 0x00007f5ae15cf450 code [0x00007f5ae15cf5a0, 0x00007f5ae15cf6f0]
Event: 17.346 Thread 0x00007f5af00cb800 1997       2       javafx.scene.layout.Region::snappedTopInset (5 bytes)
Event: 17.346 Thread 0x00007f5af00cb800 nmethod 1997 0x00007f5ae15cf750 code [0x00007f5ae15cf8a0, 0x00007f5ae15cf9f0]
Event: 17.346 Thread 0x00007f5af00cb800 1998       2       javafx.scene.layout.Region::snapSize (9 bytes)
Event: 17.346 Thread 0x00007f5af00cb800 nmethod 1998 0x00007f5ae15cfa90 code [0x00007f5ae15cfc20, 0x00007f5ae15cfdc0]
Event: 17.346 Thread 0x00007f5af00cb800 1999       2       javafx.scene.layout.Region::snappedLeftInset (5 bytes)

GC Heap History (10 events):
Event: 3.658 GC heap before
{Heap before GC invocations=5 (full 0):
 def new generation   total 4928K, used 4700K [0x00000000f0600000, 0x00000000f0b50000, 0x00000000f5950000)
  eden space 4416K, 100% used [0x00000000f0600000, 0x00000000f0a50000, 0x00000000f0a50000)
  from space 512K,  55% used [0x00000000f0ad0000, 0x00000000f0b17078, 0x00000000f0b50000)
  to   space 512K,   0% used [0x00000000f0a50000, 0x00000000f0a50000, 0x00000000f0ad0000)
 tenured generation   total 10944K, used 2943K [0x00000000f5950000, 0x00000000f6400000, 0x0000000100000000)
   the space 10944K,  26% used [0x00000000f5950000, 0x00000000f5c2fd78, 0x00000000f5c2fe00, 0x00000000f6400000)
 Metaspace       used 14345K, capacity 14826K, committed 14976K, reserved 1062912K
  class space    used 2005K, capacity 2141K, committed 2176K, reserved 1048576K
Event: 3.665 GC heap after
Heap after GC invocations=6 (full 0):
 def new generation   total 4928K, used 424K [0x00000000f0600000, 0x00000000f0b50000, 0x00000000f5950000)
  eden space 4416K,   0% used [0x00000000f0600000, 0x00000000f0600000, 0x00000000f0a50000)
  from space 512K,  82% used [0x00000000f0a50000, 0x00000000f0aba020, 0x00000000f0ad0000)
  to   space 512K,   0% used [0x00000000f0ad0000, 0x00000000f0ad0000, 0x00000000f0b50000)
 tenured generation   total 10944K, used 3193K [0x00000000f5950000, 0x00000000f6400000, 0x0000000100000000)
   the space 10944K,  29% used [0x00000000f5950000, 0x00000000f5c6e460, 0x00000000f5c6e600, 0x00000000f6400000)
 Metaspace       used 14345K, capacity 14826K, committed 14976K, reserved 1062912K
  class space    used 2005K, capacity 2141K, committed 2176K, reserved 1048576K
}
Event: 4.277 GC heap before
{Heap before GC invocations=6 (full 0):
 def new generation   total 4928K, used 4076K [0x00000000f0600000, 0x00000000f0b50000, 0x00000000f5950000)
  eden space 4416K,  82% used [0x00000000f0600000, 0x00000000f0991198, 0x00000000f0a50000)
  from space 512K,  82% used [0x00000000f0a50000, 0x00000000f0aba020, 0x00000000f0ad0000)
  to   space 512K,   0% used [0x00000000f0ad0000, 0x00000000f0ad0000, 0x00000000f0b50000)
 tenured generation   total 10944K, used 3193K [0x00000000f5950000, 0x00000000f6400000, 0x0000000100000000)
   the space 10944K,  29% used [0x00000000f5950000, 0x00000000f5c6e460, 0x00000000f5c6e600, 0x00000000f6400000)
 Metaspace       used 15685K, capacity 16180K, committed 16256K, reserved 1062912K
  class space    used 2277K, capacity 2384K, committed 2432K, reserved 1048576K
Event: 4.341 GC heap after
Heap after GC invocations=7 (full 1):
 def new generation   total 4992K, used 0K [0x00000000f0600000, 0x00000000f0b60000, 0x00000000f5950000)
  eden space 4480K,   0% used [0x00000000f0600000, 0x00000000f0600000, 0x00000000f0a60000)
  from space 512K,   0% used [0x00000000f0a60000, 0x00000000f0a60000, 0x00000000f0ae0000)
  to   space 512K,   0% used [0x00000000f0ae0000, 0x00000000f0ae0000, 0x00000000f0b60000)
 tenured generation   total 10944K, used 4652K [0x00000000f5950000, 0x00000000f6400000, 0x0000000100000000)
   the space 10944K,  42% used [0x00000000f5950000, 0x00000000f5ddb270, 0x00000000f5ddb400, 0x00000000f6400000)
 Metaspace       used 15683K, capacity 16178K, committed 16256K, reserved 1062912K
  class space    used 2276K, capacity 2383K, committed 2432K, reserved 1048576K
}
Event: 14.246 GC heap before
{Heap before GC invocations=7 (full 1):
 def new generation   total 4992K, used 4480K [0x00000000f0600000, 0x00000000f0b60000, 0x00000000f5950000)
  eden space 4480K, 100% used [0x00000000f0600000, 0x00000000f0a60000, 0x00000000f0a60000)
  from space 512K,   0% used [0x00000000f0a60000, 0x00000000f0a60000, 0x00000000f0ae0000)
  to   space 512K,   0% used [0x00000000f0ae0000, 0x00000000f0ae0000, 0x00000000f0b60000)
 tenured generation   total 19140K, used 12844K [0x00000000f5950000, 0x00000000f6c01000, 0x0000000100000000)
   the space 19140K,  67% used [0x00000000f5950000, 0x00000000f65db280, 0x00000000f65db400, 0x00000000f6c01000)
 Metaspace       used 16579K, capacity 17238K, committed 17408K, reserved 1064960K
  class space    used 2385K, capacity 2536K, committed 2560K, reserved 1048576K
Event: 14.255 GC heap after
Heap after GC invocations=8 (full 1):
 def new generation   total 4992K, used 511K [0x00000000f0600000, 0x00000000f0b60000, 0x00000000f5950000)
  eden space 4480K,   0% used [0x00000000f0600000, 0x00000000f0600000, 0x00000000f0a60000)
  from space 512K,  99% used [0x00000000f0ae0000, 0x00000000f0b5fff8, 0x00000000f0b60000)
  to   space 512K,   0% used [0x00000000f0a60000, 0x00000000f0a60000, 0x00000000f0ae0000)
 tenured generation   total 19140K, used 13123K [0x00000000f5950000, 0x00000000f6c01000, 0x0000000100000000)
   the space 19140K,  68% used [0x00000000f5950000, 0x00000000f6620c28, 0x00000000f6620e00, 0x00000000f6c01000)
 Metaspace       used 16579K, capacity 17238K, committed 17408K, reserved 1064960K
  class space    used 2385K, capacity 2536K, committed 2560K, reserved 1048576K
}
Event: 14.791 GC heap before
{Heap before GC invocations=8 (full 1):
 def new generation   total 4992K, used 4991K [0x00000000f0600000, 0x00000000f0b60000, 0x00000000f5950000)
  eden space 4480K, 100% used [0x00000000f0600000, 0x00000000f0a60000, 0x00000000f0a60000)
  from space 512K,  99% used [0x00000000f0ae0000, 0x00000000f0b5fff8, 0x00000000f0b60000)
  to   space 512K,   0% used [0x00000000f0a60000, 0x00000000f0a60000, 0x00000000f0ae0000)
 tenured generation   total 19140K, used 13123K [0x00000000f5950000, 0x00000000f6c01000, 0x0000000100000000)
   the space 19140K,  68% used [0x00000000f5950000, 0x00000000f6620c28, 0x00000000f6620e00, 0x00000000f6c01000)
 Metaspace       used 16782K, capacity 17458K, committed 17792K, reserved 1064960K
  class space    used 2433K, capacity 2580K, committed 2688K, reserved 1048576K
Event: 14.795 GC heap after
Heap after GC invocations=9 (full 1):
 def new generation   total 4992K, used 151K [0x00000000f0600000, 0x00000000f0b60000, 0x00000000f5950000)
  eden space 4480K,   0% used [0x00000000f0600000, 0x00000000f0600000, 0x00000000f0a60000)
  from space 512K,  29% used [0x00000000f0a60000, 0x00000000f0a85de0, 0x00000000f0ae0000)
  to   space 512K,   0% used [0x00000000f0ae0000, 0x00000000f0ae0000, 0x00000000f0b60000)
 tenured generation   total 19140K, used 13632K [0x00000000f5950000, 0x00000000f6c01000, 0x0000000100000000)
   the space 19140K,  71% used [0x00000000f5950000, 0x00000000f66a02f8, 0x00000000f66a0400, 0x00000000f6c01000)
 Metaspace       used 16782K, capacity 17458K, committed 17792K, reserved 1064960K
  class space    used 2433K, capacity 2580K, committed 2688K, reserved 1048576K
}
Event: 16.027 GC heap before
{Heap before GC invocations=9 (full 1):
 def new generation   total 4992K, used 4631K [0x00000000f0600000, 0x00000000f0b60000, 0x00000000f5950000)
  eden space 4480K, 100% used [0x00000000f0600000, 0x00000000f0a60000, 0x00000000f0a60000)
  from space 512K,  29% used [0x00000000f0a60000, 0x00000000f0a85de0, 0x00000000f0ae0000)
  to   space 512K,   0% used [0x00000000f0ae0000, 0x00000000f0ae0000, 0x00000000f0b60000)
 tenured generation   total 19140K, used 13632K [0x00000000f5950000, 0x00000000f6c01000, 0x0000000100000000)
   the space 19140K,  71% used [0x00000000f5950000, 0x00000000f66a02f8, 0x00000000f66a0400, 0x00000000f6c01000)
 Metaspace       used 17573K, capacity 18442K, committed 18688K, reserved 1064960K
  class space    used 2592K, capacity 2762K, committed 2816K, reserved 1048576K
Event: 16.038 GC heap after
Heap after GC invocations=10 (full 1):
 def new generation   total 4992K, used 476K [0x00000000f0600000, 0x00000000f0b60000, 0x00000000f5950000)
  eden space 4480K,   0% used [0x00000000f0600000, 0x00000000f0600000, 0x00000000f0a60000)
  from space 512K,  93% used [0x00000000f0ae0000, 0x00000000f0b57150, 0x00000000f0b60000)
  to   space 512K,   0% used [0x00000000f0a60000, 0x00000000f0a60000, 0x00000000f0ae0000)
 tenured generation   total 19140K, used 13632K [0x00000000f5950000, 0x00000000f6c01000, 0x0000000100000000)
   the space 19140K,  71% used [0x00000000f5950000, 0x00000000f66a02f8, 0x00000000f66a0400, 0x00000000f6c01000)
 Metaspace       used 17573K, capacity 18442K, committed 18688K, reserved 1064960K
  class space    used 2592K, capacity 2762K, committed 2816K, reserved 1048576K
}

Deoptimization events (10 events):
Event: 3.272 Thread 0x00007f5af020b800 Uncommon trap: reason=class_check action=maybe_recompile pc=0x00007f5ae12eba74 method=java.io.DataInputStream.readShort()S @ 4
Event: 3.272 Thread 0x00007f5af020b800 Uncommon trap: reason=class_check action=maybe_recompile pc=0x00007f5ae12eba74 method=java.io.DataInputStream.readShort()S @ 4
Event: 3.272 Thread 0x00007f5af020b800 Uncommon trap: reason=class_check action=maybe_recompile pc=0x00007f5ae12eba74 method=java.io.DataInputStream.readShort()S @ 4
Event: 3.296 Thread 0x00007f5af020b800 Uncommon trap: reason=class_check action=maybe_recompile pc=0x00007f5ae1152278 method=java.lang.String.equals(Ljava/lang/Object;)Z @ 8
Event: 3.296 Thread 0x00007f5af020b800 Uncommon trap: reason=class_check action=maybe_recompile pc=0x00007f5ae1152278 method=java.lang.String.equals(Ljava/lang/Object;)Z @ 8
Event: 3.296 Thread 0x00007f5af020b800 Uncommon trap: reason=class_check action=maybe_recompile pc=0x00007f5ae1152278 method=java.lang.String.equals(Ljava/lang/Object;)Z @ 8
Event: 3.306 Thread 0x00007f5af020b800 Uncommon trap: reason=class_check action=maybe_recompile pc=0x00007f5ae1152278 method=java.lang.String.equals(Ljava/lang/Object;)Z @ 8
Event: 3.522 Thread 0x00007f5af020b800 Uncommon trap: reason=unreached action=reinterpret pc=0x00007f5ae1358d28 method=java.util.HashMap.hash(Ljava/lang/Object;)I @ 1
Event: 3.528 Thread 0x00007f5af020b800 Uncommon trap: reason=unreached action=reinterpret pc=0x00007f5ae1385c28 method=java.util.HashMap.hash(Ljava/lang/Object;)I @ 1
Event: 11.517 Thread 0x00007f5af020b800 Uncommon trap: reason=unloaded action=reinterpret pc=0x00007f5ae1133918 method=java.lang.CharacterData.of(I)Ljava/lang/CharacterData; @ 96

Internal exceptions (10 events):
Event: 14.850 Thread 0x00007f5af020b800 Exception <a 'java/security/PrivilegedActionException'> (0x00000000f076a160) thrown at [/HUDSON/workspace/8-2-build-linux-amd64/jdk8u31/2394/hotspot/src/share/vm/prims/jvm.cpp, line 1312]
Event: 14.850 Thread 0x00007f5af020b800 Exception <a 'java/security/PrivilegedActionException'> (0x00000000f0786ca0) thrown at [/HUDSON/workspace/8-2-build-linux-amd64/jdk8u31/2394/hotspot/src/share/vm/prims/jvm.cpp, line 1312]
Event: 14.850 Thread 0x00007f5af020b800 Exception <a 'java/security/PrivilegedActionException'> (0x00000000f0787860) thrown at [/HUDSON/workspace/8-2-build-linux-amd64/jdk8u31/2394/hotspot/src/share/vm/prims/jvm.cpp, line 1312]
Event: 14.865 Thread 0x00007f5af020b800 Exception <a 'java/security/PrivilegedActionException'> (0x00000000f07b3160) thrown at [/HUDSON/workspace/8-2-build-linux-amd64/jdk8u31/2394/hotspot/src/share/vm/prims/jvm.cpp, line 1312]
Event: 14.865 Thread 0x00007f5af020b800 Exception <a 'java/security/PrivilegedActionException'> (0x00000000f07b3cc0) thrown at [/HUDSON/workspace/8-2-build-linux-amd64/jdk8u31/2394/hotspot/src/share/vm/prims/jvm.cpp, line 1312]
Event: 14.865 Thread 0x00007f5af020b800 Exception <a 'java/security/PrivilegedActionException'> (0x00000000f07d14a0) thrown at [/HUDSON/workspace/8-2-build-linux-amd64/jdk8u31/2394/hotspot/src/share/vm/prims/jvm.cpp, line 1312]
Event: 14.865 Thread 0x00007f5af020b800 Exception <a 'java/security/PrivilegedActionException'> (0x00000000f07d2018) thrown at [/HUDSON/workspace/8-2-build-linux-amd64/jdk8u31/2394/hotspot/src/share/vm/prims/jvm.cpp, line 1312]
Event: 14.866 Thread 0x00007f5af020b800 Exception <a 'java/security/PrivilegedActionException'> (0x00000000f07eeac8) thrown at [/HUDSON/workspace/8-2-build-linux-amd64/jdk8u31/2394/hotspot/src/share/vm/prims/jvm.cpp, line 1312]
Event: 14.866 Thread 0x00007f5af020b800 Exception <a 'java/security/PrivilegedActionException'> (0x00000000f07ef648) thrown at [/HUDSON/workspace/8-2-build-linux-amd64/jdk8u31/2394/hotspot/src/share/vm/prims/jvm.cpp, line 1312]
Event: 14.980 Thread 0x00007f5af020b800 Exception <a 'java/security/PrivilegedActionException'> (0x00000000f0845db8) thrown at [/HUDSON/workspace/8-2-build-linux-amd64/jdk8u31/2394/hotspot/src/share/vm/prims/jvm.cpp, line 1312]

Events (10 events):
Event: 17.258 loading class javafx/beans/Observable
Event: 17.258 loading class javafx/beans/Observable done
Event: 17.258 loading class javafx/beans/Observable
Event: 17.258 loading class javafx/beans/Observable done
Event: 17.258 loading class com/sun/javafx/scene/control/skin/TableCellSkinBase
Event: 17.258 loading class com/sun/javafx/scene/control/skin/TableCellSkinBase done
Event: 17.260 loading class com/sun/javafx/scene/control/skin/CellSkinBase$StyleableProperties
Event: 17.260 loading class com/sun/javafx/scene/control/skin/CellSkinBase$StyleableProperties done
Event: 17.260 loading class com/sun/javafx/scene/control/skin/CellSkinBase$StyleableProperties$1
Event: 17.260 loading class com/sun/javafx/scene/control/skin/CellSkinBase$StyleableProperties$1 done


Dynamic libraries:
00400000-00401000 r-xp 00000000 fd:01 266793                             /usr/local/jdk1.8.0_31/jre/bin/java
00600000-00601000 rw-p 00000000 fd:01 266793                             /usr/local/jdk1.8.0_31/jre/bin/java
015ad000-015ce000 rw-p 00000000 00:00 0                                  [heap]
f0600000-f0b60000 rw-p 00000000 00:00 0 
f0b60000-f5950000 ---p 00000000 00:00 0 
f5950000-f6c01000 rw-p 00000000 00:00 0 
f6c01000-100000000 ---p 00000000 00:00 0 
100000000-1002e0000 rw-p 00000000 00:00 0 
1002e0000-140000000 ---p 00000000 00:00 0 
7f5abaa87000-7f5abaac7000 rw-p 00000000 00:00 0 
7f5abaac7000-7f5abac87000 ---p 00000000 00:00 0 
7f5abac87000-7f5abae87000 rw-p 00000000 00:00 0 
7f5abae87000-7f5abaea3000 r--s 00393000 fd:01 266631                     /usr/local/jdk1.8.0_31/jre/lib/ext/cldrdata.jar
7f5abaea3000-7f5abb0a3000 rw-s 00000000 00:04 208928782                  /SYSV00000000 (deleted)
7f5abb0a3000-7f5abb0b3000 r-xp 00000000 fd:01 266531                     /usr/local/jdk1.8.0_31/jre/lib/amd64/libdecora_sse.so
7f5abb0b3000-7f5abb2b2000 ---p 00010000 fd:01 266531                     /usr/local/jdk1.8.0_31/jre/lib/amd64/libdecora_sse.so
7f5abb2b2000-7f5abb2b3000 r--p 0000f000 fd:01 266531                     /usr/local/jdk1.8.0_31/jre/lib/amd64/libdecora_sse.so
7f5abb2b3000-7f5abb2b4000 rw-p 00010000 fd:01 266531                     /usr/local/jdk1.8.0_31/jre/lib/amd64/libdecora_sse.so
7f5abb2b4000-7f5abb2c7000 r--s 00344000 fd:01 1186583                    /usr/local/jdk1.8.0_31/jre/lib/resources.jar
7f5abb2c7000-7f5abb4c7000 rw-p 00000000 00:00 0 
7f5abb4c7000-7f5abb571000 r--p 00000000 fd:01 536176                     /usr/share/fonts/truetype/dejavu/DejaVuSans-Bold.ttf
7f5abb571000-7f5abb771000 rw-p 00000000 00:00 0 
7f5abb771000-7f5abb774000 ---p 00000000 00:00 0 
7f5abb774000-7f5abb872000 rw-p 00000000 00:00 0                          [stack:8170]
7f5abb872000-7f5abb928000 r--p 00000000 fd:01 536177                     /usr/share/fonts/truetype/dejavu/DejaVuSans.ttf
7f5abb928000-7f5abb93c000 r--p 00000000 fd:01 265852                     /usr/local/jdk1.8.0_31/jre/lib/fonts/LucidaBrightItalic.ttf
7f5abb93c000-7f5abb94f000 r--p 00000000 fd:01 265832                     /usr/local/jdk1.8.0_31/jre/lib/fonts/LucidaBrightDemiBold.ttf
7f5abb94f000-7f5abb98b000 r--p 00000000 fd:01 265819                     /usr/local/jdk1.8.0_31/jre/lib/fonts/LucidaTypewriterRegular.ttf
7f5abb98b000-7f5abb9d9000 r--p 00000000 fd:01 265853                     /usr/local/jdk1.8.0_31/jre/lib/fonts/LucidaSansDemiBold.ttf
7f5abb9d9000-7f5abba84000 r--p 00000000 fd:01 265870                     /usr/local/jdk1.8.0_31/jre/lib/fonts/LucidaSansRegular.ttf
7f5abba84000-7f5abba88000 r-xp 00000000 fd:01 265837                     /usr/local/jdk1.8.0_31/jre/lib/amd64/libjavafx_font_pango.so
7f5abba88000-7f5abbc87000 ---p 00004000 fd:01 265837                     /usr/local/jdk1.8.0_31/jre/lib/amd64/libjavafx_font_pango.so
7f5abbc87000-7f5abbc88000 r--p 00003000 fd:01 265837                     /usr/local/jdk1.8.0_31/jre/lib/amd64/libjavafx_font_pango.so
7f5abbc88000-7f5abbc89000 rw-p 00004000 fd:01 265837                     /usr/local/jdk1.8.0_31/jre/lib/amd64/libjavafx_font_pango.so
7f5abbc89000-7f5abbc8e000 r-xp 00000000 fd:01 265822                     /usr/local/jdk1.8.0_31/jre/lib/amd64/libjavafx_font_freetype.so
7f5abbc8e000-7f5abbe8d000 ---p 00005000 fd:01 265822                     /usr/local/jdk1.8.0_31/jre/lib/amd64/libjavafx_font_freetype.so
7f5abbe8d000-7f5abbe8e000 r--p 00004000 fd:01 265822                     /usr/local/jdk1.8.0_31/jre/lib/amd64/libjavafx_font_freetype.so
7f5abbe8e000-7f5abbe8f000 rw-p 00005000 fd:01 265822                     /usr/local/jdk1.8.0_31/jre/lib/amd64/libjavafx_font_freetype.so
7f5abbe8f000-7f5abbe92000 r-xp 00000000 fd:01 266515                     /usr/local/jdk1.8.0_31/jre/lib/amd64/libjavafx_font.so
7f5abbe92000-7f5abc091000 ---p 00003000 fd:01 266515                     /usr/local/jdk1.8.0_31/jre/lib/amd64/libjavafx_font.so
7f5abc091000-7f5abc092000 r--p 00002000 fd:01 266515                     /usr/local/jdk1.8.0_31/jre/lib/amd64/libjavafx_font.so
7f5abc092000-7f5abc093000 rw-p 00003000 fd:01 266515                     /usr/local/jdk1.8.0_31/jre/lib/amd64/libjavafx_font.so
7f5abc093000-7f5abc293000 rw-p 00000000 00:00 0 
7f5abc293000-7f5abc296000 ---p 00000000 00:00 0 
7f5abc296000-7f5abc394000 rw-p 00000000 00:00 0                          [stack:8169]
7f5abc394000-7f5abc397000 ---p 00000000 00:00 0 
7f5abc397000-7f5abc495000 rw-p 00000000 00:00 0                          [stack:8168]
7f5abc495000-7f5abc4bf000 r-xp 00000000 fd:01 266612                     /usr/local/jdk1.8.0_31/jre/lib/amd64/libglass.so
7f5abc4bf000-7f5abc6bf000 ---p 0002a000 fd:01 266612                     /usr/local/jdk1.8.0_31/jre/lib/amd64/libglass.so
7f5abc6bf000-7f5abc6c1000 r--p 0002a000 fd:01 266612                     /usr/local/jdk1.8.0_31/jre/lib/amd64/libglass.so
7f5abc6c1000-7f5abc6c2000 rw-p 0002c000 fd:01 266612                     /usr/local/jdk1.8.0_31/jre/lib/amd64/libglass.so
7f5abc6c2000-7f5abc6c3000 rw-p 00000000 00:00 0 
7f5abc6c3000-7f5abc6d6000 r-xp 00000000 fd:01 266566                     /usr/local/jdk1.8.0_31/jre/lib/amd64/libprism_sw.so
7f5abc6d6000-7f5abc8d5000 ---p 00013000 fd:01 266566                     /usr/local/jdk1.8.0_31/jre/lib/amd64/libprism_sw.so
7f5abc8d5000-7f5abc8d6000 r--p 00012000 fd:01 266566                     /usr/local/jdk1.8.0_31/jre/lib/amd64/libprism_sw.so
7f5abc8d6000-7f5abc8d7000 rw-p 00013000 fd:01 266566                     /usr/local/jdk1.8.0_31/jre/lib/amd64/libprism_sw.so
7f5abc8d7000-7f5abc8dd000 r-xp 00000000 fd:01 939250                     /usr/lib/x86_64-linux-gnu/libdatrie.so.1.3.1
7f5abc8dd000-7f5abcadc000 ---p 00006000 fd:01 939250                     /usr/lib/x86_64-linux-gnu/libdatrie.so.1.3.1
7f5abcadc000-7f5abcadd000 r--p 00005000 fd:01 939250                     /usr/lib/x86_64-linux-gnu/libdatrie.so.1.3.1
7f5abcadd000-7f5abcade000 rw-p 00006000 fd:01 939250                     /usr/lib/x86_64-linux-gnu/libdatrie.so.1.3.1
7f5abcade000-7f5abcae3000 r-xp 00000000 fd:01 929739                     /usr/lib/x86_64-linux-gnu/libXdmcp.so.6.0.0
7f5abcae3000-7f5abcce2000 ---p 00005000 fd:01 929739                     /usr/lib/x86_64-linux-gnu/libXdmcp.so.6.0.0
7f5abcce2000-7f5abcce3000 r--p 00004000 fd:01 929739                     /usr/lib/x86_64-linux-gnu/libXdmcp.so.6.0.0
7f5abcce3000-7f5abcce4000 rw-p 00005000 fd:01 929739                     /usr/lib/x86_64-linux-gnu/libXdmcp.so.6.0.0
7f5abcce4000-7f5abcce6000 r-xp 00000000 fd:01 929734                     /usr/lib/x86_64-linux-gnu/libXau.so.6.0.0
7f5abcce6000-7f5abcee6000 ---p 00002000 fd:01 929734                     /usr/lib/x86_64-linux-gnu/libXau.so.6.0.0
7f5abcee6000-7f5abcee7000 r--p 00002000 fd:01 929734                     /usr/lib/x86_64-linux-gnu/libXau.so.6.0.0
7f5abcee7000-7f5abcee8000 rw-p 00003000 fd:01 929734                     /usr/lib/x86_64-linux-gnu/libXau.so.6.0.0
7f5abcee8000-7f5abcf02000 r-xp 00000000 fd:01 939266                     /usr/lib/x86_64-linux-gnu/libgraphite2.so.3.0.1
7f5abcf02000-7f5abd101000 ---p 0001a000 fd:01 939266                     /usr/lib/x86_64-linux-gnu/libgraphite2.so.3.0.1
7f5abd101000-7f5abd103000 r--p 00019000 fd:01 939266                     /usr/lib/x86_64-linux-gnu/libgraphite2.so.3.0.1
7f5abd103000-7f5abd104000 rw-p 0001b000 fd:01 939266                     /usr/lib/x86_64-linux-gnu/libgraphite2.so.3.0.1
7f5abd104000-7f5abd10f000 r-xp 00000000 fd:01 917630                     /usr/lib/x86_64-linux-gnu/libdrm.so.2.4.0
7f5abd10f000-7f5abd30e000 ---p 0000b000 fd:01 917630                     /usr/lib/x86_64-linux-gnu/libdrm.so.2.4.0
7f5abd30e000-7f5abd30f000 r--p 0000a000 fd:01 917630                     /usr/lib/x86_64-linux-gnu/libdrm.so.2.4.0
7f5abd30f000-7f5abd310000 rw-p 0000b000 fd:01 917630                     /usr/lib/x86_64-linux-gnu/libdrm.so.2.4.0
7f5abd310000-7f5abd311000 r-xp 00000000 fd:01 945056                     /usr/lib/x86_64-linux-gnu/libxshmfence.so.1.0.0
7f5abd311000-7f5abd510000 ---p 00001000 fd:01 945056                     /usr/lib/x86_64-linux-gnu/libxshmfence.so.1.0.0
7f5abd510000-7f5abd511000 r--p 00000000 fd:01 945056                     /usr/lib/x86_64-linux-gnu/libxshmfence.so.1.0.0
7f5abd511000-7f5abd512000 rw-p 00001000 fd:01 945056                     /usr/lib/x86_64-linux-gnu/libxshmfence.so.1.0.0
7f5abd512000-7f5abd517000 r-xp 00000000 fd:01 945054                     /usr/lib/x86_64-linux-gnu/libxcb-sync.so.1.0.0
7f5abd517000-7f5abd716000 ---p 00005000 fd:01 945054                     /usr/lib/x86_64-linux-gnu/libxcb-sync.so.1.0.0
7f5abd716000-7f5abd717000 r--p 00004000 fd:01 945054                     /usr/lib/x86_64-linux-gnu/libxcb-sync.so.1.0.0
7f5abd717000-7f5abd718000 rw-p 00005000 fd:01 945054                     /usr/lib/x86_64-linux-gnu/libxcb-sync.so.1.0.0
7f5abd718000-7f5abd71a000 r-xp 00000000 fd:01 945052                     /usr/lib/x86_64-linux-gnu/libxcb-present.so.0.0.0
7f5abd71a000-7f5abd919000 ---p 00002000 fd:01 945052                     /usr/lib/x86_64-linux-gnu/libxcb-present.so.0.0.0
7f5abd919000-7f5abd91a000 r--p 00001000 fd:01 945052                     /usr/lib/x86_64-linux-gnu/libxcb-present.so.0.0.0
7f5abd91a000-7f5abd91b000 rw-p 00002000 fd:01 945052                     /usr/lib/x86_64-linux-gnu/libxcb-present.so.0.0.0
7f5abd91b000-7f5abd91d000 r-xp 00000000 fd:01 945048                     /usr/lib/x86_64-linux-gnu/libxcb-dri3.so.0.0.0
7f5abd91d000-7f5abdb1c000 ---p 00002000 fd:01 945048                     /usr/lib/x86_64-linux-gnu/libxcb-dri3.so.0.0.0
7f5abdb1c000-7f5abdb1d000 r--p 00001000 fd:01 945048                     /usr/lib/x86_64-linux-gnu/libxcb-dri3.so.0.0.0
7f5abdb1d000-7f5abdb1e000 rw-p 00002000 fd:01 945048                     /usr/lib/x86_64-linux-gnu/libxcb-dri3.so.0.0.0
7f5abdb1e000-7f5abdb21000 r-xp 00000000 fd:01 944663                     /usr/lib/x86_64-linux-gnu/libxcb-dri2.so.0.0.0
7f5abdb21000-7f5abdd21000 ---p 00003000 fd:01 944663                     /usr/lib/x86_64-linux-gnu/libxcb-dri2.so.0.0.0
7f5abdd21000-7f5abdd22000 r--p 00003000 fd:01 944663                     /usr/lib/x86_64-linux-gnu/libxcb-dri2.so.0.0.0
7f5abdd22000-7f5abdd23000 rw-p 00004000 fd:01 944663                     /usr/lib/x86_64-linux-gnu/libxcb-dri2.so.0.0.0
7f5abdd23000-7f5abdd38000 r-xp 00000000 fd:01 945050                     /usr/lib/x86_64-linux-gnu/libxcb-glx.so.0.0.0
7f5abdd38000-7f5abdf37000 ---p 00015000 fd:01 945050                     /usr/lib/x86_64-linux-gnu/libxcb-glx.so.0.0.0
7f5abdf37000-7f5abdf39000 r--p 00014000 fd:01 945050                     /usr/lib/x86_64-linux-gnu/libxcb-glx.so.0.0.0
7f5abdf39000-7f5abdf3a000 rw-p 00016000 fd:01 945050                     /usr/lib/x86_64-linux-gnu/libxcb-glx.so.0.0.0
7f5abdf3a000-7f5abdf3b000 r-xp 00000000 fd:01 944667                     /usr/lib/x86_64-linux-gnu/libX11-xcb.so.1.0.0
7f5abdf3b000-7f5abe13a000 ---p 00001000 fd:01 944667                     /usr/lib/x86_64-linux-gnu/libX11-xcb.so.1.0.0
7f5abe13a000-7f5abe13b000 r--p 00000000 fd:01 944667                     /usr/lib/x86_64-linux-gnu/libX11-xcb.so.1.0.0
7f5abe13b000-7f5abe13c000 rw-p 00001000 fd:01 944667                     /usr/lib/x86_64-linux-gnu/libX11-xcb.so.1.0.0
7f5abe13c000-7f5abe15e000 r-xp 00000000 fd:01 944673                     /usr/lib/x86_64-linux-gnu/libglapi.so.0.0.0
7f5abe15e000-7f5abe35e000 ---p 00022000 fd:01 944673                     /usr/lib/x86_64-linux-gnu/libglapi.so.0.0.0
7f5abe35e000-7f5abe361000 r--p 00022000 fd:01 944673                     /usr/lib/x86_64-linux-gnu/libglapi.so.0.0.0
7f5abe361000-7f5abe362000 rw-p 00025000 fd:01 944673                     /usr/lib/x86_64-linux-gnu/libglapi.so.0.0.0
7f5abe362000-7f5abe363000 rw-p 00000000 00:00 0 
7f5abe363000-7f5abe3a0000 r-xp 00000000 fd:01 393459                     /lib/x86_64-linux-gnu/libpcre.so.3.13.1
7f5abe3a0000-7f5abe59f000 ---p 0003d000 fd:01 393459                     /lib/x86_64-linux-gnu/libpcre.so.3.13.1
7f5abe59f000-7f5abe5a0000 r--p 0003c000 fd:01 393459                     /lib/x86_64-linux-gnu/libpcre.so.3.13.1
7f5abe5a0000-7f5abe5a1000 rw-p 0003d000 fd:01 393459                     /lib/x86_64-linux-gnu/libpcre.so.3.13.1
7f5abe5a1000-7f5abe5a8000 r-xp 00000000 fd:01 920338                     /usr/lib/x86_64-linux-gnu/libffi.so.6.0.1
7f5abe5a8000-7f5abe7a7000 ---p 00007000 fd:01 920338                     /usr/lib/x86_64-linux-gnu/libffi.so.6.0.1
7f5abe7a7000-7f5abe7a8000 r--p 00006000 fd:01 920338                     /usr/lib/x86_64-linux-gnu/libffi.so.6.0.1
7f5abe7a8000-7f5abe7a9000 rw-p 00007000 fd:01 920338                     /usr/lib/x86_64-linux-gnu/libffi.so.6.0.1
7f5abe7a9000-7f5abe7d0000 r-xp 00000000 fd:01 393405                     /lib/x86_64-linux-gnu/libexpat.so.1.6.0
7f5abe7d0000-7f5abe9d0000 ---p 00027000 fd:01 393405                     /lib/x86_64-linux-gnu/libexpat.so.1.6.0
7f5abe9d0000-7f5abe9d2000 r--p 00027000 fd:01 393405                     /lib/x86_64-linux-gnu/libexpat.so.1.6.0
7f5abe9d2000-7f5abe9d3000 rw-p 00029000 fd:01 393405                     /lib/x86_64-linux-gnu/libexpat.so.1.6.0
7f5abe9d3000-7f5abe9db000 r-xp 00000000 fd:01 939252                     /usr/lib/x86_64-linux-gnu/libthai.so.0.2.0
7f5abe9db000-7f5abebda000 ---p 00008000 fd:01 939252                     /usr/lib/x86_64-linux-gnu/libthai.so.0.2.0
7f5abebda000-7f5abebdb000 r--p 00007000 fd:01 939252                     /usr/lib/x86_64-linux-gnu/libthai.so.0.2.0
7f5abebdb000-7f5abebdc000 rw-p 00008000 fd:01 939252                     /usr/lib/x86_64-linux-gnu/libthai.so.0.2.0
7f5abebdc000-7f5abebf9000 r-xp 00000000 fd:01 929741                     /usr/lib/x86_64-linux-gnu/libxcb.so.1.1.0
7f5abebf9000-7f5abedf9000 ---p 0001d000 fd:01 929741                     /usr/lib/x86_64-linux-gnu/libxcb.so.1.1.0
7f5abedf9000-7f5abedfa000 r--p 0001d000 fd:01 929741                     /usr/lib/x86_64-linux-gnu/libxcb.so.1.1.0
7f5abedfa000-7f5abedfb000 rw-p 0001e000 fd:01 929741                     /usr/lib/x86_64-linux-gnu/libxcb.so.1.1.0
7f5abedfb000-7f5abee03000 r-xp 00000000 fd:01 939239                     /usr/lib/x86_64-linux-gnu/libxcb-render.so.0.0.0
7f5abee03000-7f5abf002000 ---p 00008000 fd:01 939239                     /usr/lib/x86_64-linux-gnu/libxcb-render.so.0.0.0
7f5abf002000-7f5abf003000 r--p 00007000 fd:01 939239                     /usr/lib/x86_64-linux-gnu/libxcb-render.so.0.0.0
7f5abf003000-7f5abf004000 rw-p 00008000 fd:01 939239                     /usr/lib/x86_64-linux-gnu/libxcb-render.so.0.0.0
7f5abf004000-7f5abf006000 r-xp 00000000 fd:01 939241                     /usr/lib/x86_64-linux-gnu/libxcb-shm.so.0.0.0
7f5abf006000-7f5abf205000 ---p 00002000 fd:01 939241                     /usr/lib/x86_64-linux-gnu/libxcb-shm.so.0.0.0
7f5abf205000-7f5abf206000 r--p 00001000 fd:01 939241                     /usr/lib/x86_64-linux-gnu/libxcb-shm.so.0.0.0
7f5abf206000-7f5abf207000 rw-p 00002000 fd:01 939241                     /usr/lib/x86_64-linux-gnu/libxcb-shm.so.0.0.0
7f5abf207000-7f5abf22c000 r-xp 00000000 fd:01 393469                     /lib/x86_64-linux-gnu/libpng12.so.0.50.0
7f5abf22c000-7f5abf42b000 ---p 00025000 fd:01 393469                     /lib/x86_64-linux-gnu/libpng12.so.0.50.0
7f5abf42b000-7f5abf42c000 r--p 00024000 fd:01 393469                     /lib/x86_64-linux-gnu/libpng12.so.0.50.0
7f5abf42c000-7f5abf42d000 rw-p 00025000 fd:01 393469                     /lib/x86_64-linux-gnu/libpng12.so.0.50.0
7f5abf42d000-7f5abf4ce000 r-xp 00000000 fd:01 939236                     /usr/lib/x86_64-linux-gnu/libpixman-1.so.0.30.2
7f5abf4ce000-7f5abf6ce000 ---p 000a1000 fd:01 939236                     /usr/lib/x86_64-linux-gnu/libpixman-1.so.0.30.2
7f5abf6ce000-7f5abf6d5000 r--p 000a1000 fd:01 939236                     /usr/lib/x86_64-linux-gnu/libpixman-1.so.0.30.2
7f5abf6d5000-7f5abf6d6000 rw-p 000a8000 fd:01 939236                     /usr/lib/x86_64-linux-gnu/libpixman-1.so.0.30.2
7f5abf6d6000-7f5abf729000 r-xp 00000000 fd:01 939270                     /usr/lib/x86_64-linux-gnu/libharfbuzz.so.0.927.0
7f5abf729000-7f5abf929000 ---p 00053000 fd:01 939270                     /usr/lib/x86_64-linux-gnu/libharfbuzz.so.0.927.0
7f5abf929000-7f5abf92a000 r--p 00053000 fd:01 939270                     /usr/lib/x86_64-linux-gnu/libharfbuzz.so.0.927.0
7f5abf92a000-7f5abf92b000 rw-p 00054000 fd:01 939270                     /usr/lib/x86_64-linux-gnu/libharfbuzz.so.0.927.0
7f5abf92b000-7f5abf942000 r-xp 00000000 fd:01 393731                     /lib/x86_64-linux-gnu/libresolv-2.19.so
7f5abf942000-7f5abfb42000 ---p 00017000 fd:01 393731                     /lib/x86_64-linux-gnu/libresolv-2.19.so
7f5abfb42000-7f5abfb43000 r--p 00017000 fd:01 393731                     /lib/x86_64-linux-gnu/libresolv-2.19.so
7f5abfb43000-7f5abfb44000 rw-p 00018000 fd:01 393731                     /lib/x86_64-linux-gnu/libresolv-2.19.so
7f5abfb44000-7f5abfb46000 rw-p 00000000 00:00 0 
7f5abfb46000-7f5abfb66000 r-xp 00000000 fd:01 393377                     /lib/x86_64-linux-gnu/libselinux.so.1
7f5abfb66000-7f5abfd65000 ---p 00020000 fd:01 393377                     /lib/x86_64-linux-gnu/libselinux.so.1
7f5abfd65000-7f5abfd66000 r--p 0001f000 fd:01 393377                     /lib/x86_64-linux-gnu/libselinux.so.1
7f5abfd66000-7f5abfd67000 rw-p 00020000 fd:01 393377                     /lib/x86_64-linux-gnu/libselinux.so.1
7f5abfd67000-7f5abfd69000 rw-p 00000000 00:00 0 
7f5abfd69000-7f5abfd81000 r-xp 00000000 fd:01 393502                     /lib/x86_64-linux-gnu/libz.so.1.2.8
7f5abfd81000-7f5abff80000 ---p 00018000 fd:01 393502                     /lib/x86_64-linux-gnu/libz.so.1.2.8
7f5abff80000-7f5abff81000 r--p 00017000 fd:01 393502                     /lib/x86_64-linux-gnu/libz.so.1.2.8
7f5abff81000-7f5abff82000 rw-p 00018000 fd:01 393502                     /lib/x86_64-linux-gnu/libz.so.1.2.8
7f5abff82000-7f5abff93000 r-xp 00000000 fd:01 930005                     /usr/lib/x86_64-linux-gnu/libXext.so.6.4.0
7f5abff93000-7f5ac0192000 ---p 00011000 fd:01 930005                     /usr/lib/x86_64-linux-gnu/libXext.so.6.4.0
7f5ac0192000-7f5ac0193000 r--p 00010000 fd:01 930005                     /usr/lib/x86_64-linux-gnu/libXext.so.6.4.0
7f5ac0193000-7f5ac0194000 rw-p 00011000 fd:01 930005                     /usr/lib/x86_64-linux-gnu/libXext.so.6.4.0
7f5ac0194000-7f5ac0196000 r-xp 00000000 fd:01 939458                     /usr/lib/x86_64-linux-gnu/libXdamage.so.1.1.0
7f5ac0196000-7f5ac0395000 ---p 00002000 fd:01 939458                     /usr/lib/x86_64-linux-gnu/libXdamage.so.1.1.0
7f5ac0395000-7f5ac0396000 r--p 00001000 fd:01 939458                     /usr/lib/x86_64-linux-gnu/libXdamage.so.1.1.0
7f5ac0396000-7f5ac0397000 rw-p 00002000 fd:01 939458                     /usr/lib/x86_64-linux-gnu/libXdamage.so.1.1.0
7f5ac0397000-7f5ac0399000 r-xp 00000000 fd:01 939452                     /usr/lib/x86_64-linux-gnu/libXcomposite.so.1.0.0
7f5ac0399000-7f5ac0598000 ---p 00002000 fd:01 939452                     /usr/lib/x86_64-linux-gnu/libXcomposite.so.1.0.0
7f5ac0598000-7f5ac0599000 r--p 00001000 fd:01 939452                     /usr/lib/x86_64-linux-gnu/libXcomposite.so.1.0.0
7f5ac0599000-7f5ac059a000 rw-p 00002000 fd:01 939452                     /usr/lib/x86_64-linux-gnu/libXcomposite.so.1.0.0
7f5ac059a000-7f5ac05a3000 r-xp 00000000 fd:01 939456                     /usr/lib/x86_64-linux-gnu/libXcursor.so.1.0.2
7f5ac05a3000-7f5ac07a2000 ---p 00009000 fd:01 939456                     /usr/lib/x86_64-linux-gnu/libXcursor.so.1.0.2
7f5ac07a2000-7f5ac07a3000 r--p 00008000 fd:01 939456                     /usr/lib/x86_64-linux-gnu/libXcursor.so.1.0.2
7f5ac07a3000-7f5ac07a4000 rw-p 00009000 fd:01 939456                     /usr/lib/x86_64-linux-gnu/libXcursor.so.1.0.2
7f5ac07a4000-7f5ac07ad000 r-xp 00000000 fd:01 939466                     /usr/lib/x86_64-linux-gnu/libXrandr.so.2.2.0
7f5ac07ad000-7f5ac09ac000 ---p 00009000 fd:01 939466                     /usr/lib/x86_64-linux-gnu/libXrandr.so.2.2.0
7f5ac09ac000-7f5ac09ad000 r--p 00008000 fd:01 939466                     /usr/lib/x86_64-linux-gnu/libXrandr.so.2.2.0
7f5ac09ad000-7f5ac09ae000 rw-p 00009000 fd:01 939466                     /usr/lib/x86_64-linux-gnu/libXrandr.so.2.2.0
7f5ac09ae000-7f5ac09bd000 r-xp 00000000 fd:01 939460                     /usr/lib/x86_64-linux-gnu/libXi.so.6.1.0
7f5ac09bd000-7f5ac0bbc000 ---p 0000f000 fd:01 939460                     /usr/lib/x86_64-linux-gnu/libXi.so.6.1.0
7f5ac0bbc000-7f5ac0bbd000 r--p 0000e000 fd:01 939460                     /usr/lib/x86_64-linux-gnu/libXi.so.6.1.0
7f5ac0bbd000-7f5ac0bbe000 rw-p 0000f000 fd:01 939460                     /usr/lib/x86_64-linux-gnu/libXi.so.6.1.0
7f5ac0bbe000-7f5ac0bc0000 r-xp 00000000 fd:01 939462                     /usr/lib/x86_64-linux-gnu/libXinerama.so.1.0.0
7f5ac0bc0000-7f5ac0dbf000 ---p 00002000 fd:01 939462                     /usr/lib/x86_64-linux-gnu/libXinerama.so.1.0.0
7f5ac0dbf000-7f5ac0dc0000 r--p 00001000 fd:01 939462                     /usr/lib/x86_64-linux-gnu/libXinerama.so.1.0.0
7f5ac0dc0000-7f5ac0dc1000 rw-p 00002000 fd:01 939462                     /usr/lib/x86_64-linux-gnu/libXinerama.so.1.0.0
7f5ac0dc1000-7f5ac0dca000 r-xp 00000000 fd:01 939243                     /usr/lib/x86_64-linux-gnu/libXrender.so.1.3.0
7f5ac0dca000-7f5ac0fc9000 ---p 00009000 fd:01 939243                     /usr/lib/x86_64-linux-gnu/libXrender.so.1.3.0
7f5ac0fc9000-7f5ac0fca000 r--p 00008000 fd:01 939243                     /usr/lib/x86_64-linux-gnu/libXrender.so.1.3.0
7f5ac0fca000-7f5ac0fcb000 rw-p 00009000 fd:01 939243                     /usr/lib/x86_64-linux-gnu/libXrender.so.1.3.0
7f5ac0fcb000-7f5ac0fd0000 r-xp 00000000 fd:01 939454                     /usr/lib/x86_64-linux-gnu/libXfixes.so.3.1.0
7f5ac0fd0000-7f5ac11cf000 ---p 00005000 fd:01 939454                     /usr/lib/x86_64-linux-gnu/libXfixes.so.3.1.0
7f5ac11cf000-7f5ac11d0000 r--p 00004000 fd:01 939454                     /usr/lib/x86_64-linux-gnu/libXfixes.so.3.1.0
7f5ac11d0000-7f5ac11d1000 rw-p 00005000 fd:01 939454                     /usr/lib/x86_64-linux-gnu/libXfixes.so.3.1.0
7f5ac11d1000-7f5ac11e7000 r-xp 00000000 fd:01 393365                     /lib/x86_64-linux-gnu/libgcc_s.so.1
7f5ac11e7000-7f5ac13e6000 ---p 00016000 fd:01 393365                     /lib/x86_64-linux-gnu/libgcc_s.so.1
7f5ac13e6000-7f5ac13e7000 rw-p 00015000 fd:01 393365                     /lib/x86_64-linux-gnu/libgcc_s.so.1
7f5ac13e7000-7f5ac14cd000 r-xp 00000000 fd:01 920378                     /usr/lib/x86_64-linux-gnu/libstdc++.so.6.0.19
7f5ac14cd000-7f5ac16cc000 ---p 000e6000 fd:01 920378                     /usr/lib/x86_64-linux-gnu/libstdc++.so.6.0.19
7f5ac16cc000-7f5ac16d4000 r--p 000e5000 fd:01 920378                     /usr/lib/x86_64-linux-gnu/libstdc++.so.6.0.19
7f5ac16d4000-7f5ac16d6000 rw-p 000ed000 fd:01 920378                     /usr/lib/x86_64-linux-gnu/libstdc++.so.6.0.19
7f5ac16d6000-7f5ac16eb000 rw-p 00000000 00:00 0 
7f5ac16eb000-7f5ac174d000 r-xp 00000000 fd:01 945062                     /usr/lib/x86_64-linux-gnu/mesa/libGL.so.1.2.0
7f5ac174d000-7f5ac194c000 ---p 00062000 fd:01 945062                     /usr/lib/x86_64-linux-gnu/mesa/libGL.so.1.2.0
7f5ac194c000-7f5ac194f000 r--p 00061000 fd:01 945062                     /usr/lib/x86_64-linux-gnu/mesa/libGL.so.1.2.0
7f5ac194f000-7f5ac1950000 rw-p 00064000 fd:01 945062                     /usr/lib/x86_64-linux-gnu/mesa/libGL.so.1.2.0
7f5ac1950000-7f5ac1951000 rw-p 00000000 00:00 0 
7f5ac1951000-7f5ac1955000 r-xp 00000000 fd:01 945058                     /usr/lib/x86_64-linux-gnu/libXxf86vm.so.1.0.0
7f5ac1955000-7f5ac1b55000 ---p 00004000 fd:01 945058                     /usr/lib/x86_64-linux-gnu/libXxf86vm.so.1.0.0
7f5ac1b55000-7f5ac1b56000 r--p 00004000 fd:01 945058                     /usr/lib/x86_64-linux-gnu/libXxf86vm.so.1.0.0
7f5ac1b56000-7f5ac1b57000 rw-p 00005000 fd:01 945058                     /usr/lib/x86_64-linux-gnu/libXxf86vm.so.1.0.0
7f5ac1b57000-7f5ac1c87000 r-xp 00000000 fd:01 929994                     /usr/lib/x86_64-linux-gnu/libX11.so.6.3.0
7f5ac1c87000-7f5ac1e87000 ---p 00130000 fd:01 929994                     /usr/lib/x86_64-linux-gnu/libX11.so.6.3.0
7f5ac1e87000-7f5ac1e88000 r--p 00130000 fd:01 929994                     /usr/lib/x86_64-linux-gnu/libX11.so.6.3.0
7f5ac1e88000-7f5ac1e8c000 rw-p 00131000 fd:01 929994                     /usr/lib/x86_64-linux-gnu/libX11.so.6.3.0
7f5ac1e8c000-7f5ac1e91000 r-xp 00000000 fd:01 945543                     /usr/lib/x86_64-linux-gnu/libXtst.so.6.1.0
7f5ac1e91000-7f5ac2090000 ---p 00005000 fd:01 945543                     /usr/lib/x86_64-linux-gnu/libXtst.so.6.1.0
7f5ac2090000-7f5ac2091000 r--p 00004000 fd:01 945543                     /usr/lib/x86_64-linux-gnu/libXtst.so.6.1.0
7f5ac2091000-7f5ac2092000 rw-p 00005000 fd:01 945543                     /usr/lib/x86_64-linux-gnu/libXtst.so.6.1.0
7f5ac2092000-7f5ac2198000 r-xp 00000000 fd:01 393346                     /lib/x86_64-linux-gnu/libglib-2.0.so.0.4002.0
7f5ac2198000-7f5ac2397000 ---p 00106000 fd:01 393346                     /lib/x86_64-linux-gnu/libglib-2.0.so.0.4002.0
7f5ac2397000-7f5ac2398000 r--p 00105000 fd:01 393346                     /lib/x86_64-linux-gnu/libglib-2.0.so.0.4002.0
7f5ac2398000-7f5ac2399000 rw-p 00106000 fd:01 393346                     /lib/x86_64-linux-gnu/libglib-2.0.so.0.4002.0
7f5ac2399000-7f5ac239a000 rw-p 00000000 00:00 0 
7f5ac239a000-7f5ac239b000 r-xp 00000000 fd:01 920173                     /usr/lib/x86_64-linux-gnu/libgthread-2.0.so.0.4002.0
7f5ac239b000-7f5ac259a000 ---p 00001000 fd:01 920173                     /usr/lib/x86_64-linux-gnu/libgthread-2.0.so.0.4002.0
7f5ac259a000-7f5ac259b000 r--p 00000000 fd:01 920173                     /usr/lib/x86_64-linux-gnu/libgthread-2.0.so.0.4002.0
7f5ac259b000-7f5ac259c000 rw-p 00001000 fd:01 920173                     /usr/lib/x86_64-linux-gnu/libgthread-2.0.so.0.4002.0
7f5ac259c000-7f5ac259f000 r-xp 00000000 fd:01 920171                     /usr/lib/x86_64-linux-gnu/libgmodule-2.0.so.0.4002.0
7f5ac259f000-7f5ac279e000 ---p 00003000 fd:01 920171                     /usr/lib/x86_64-linux-gnu/libgmodule-2.0.so.0.4002.0
7f5ac279e000-7f5ac279f000 r--p 00002000 fd:01 920171                     /usr/lib/x86_64-linux-gnu/libgmodule-2.0.so.0.4002.0
7f5ac279f000-7f5ac27a0000 rw-p 00003000 fd:01 920171                     /usr/lib/x86_64-linux-gnu/libgmodule-2.0.so.0.4002.0
7f5ac27a0000-7f5ac27ef000 r-xp 00000000 fd:01 920172                     /usr/lib/x86_64-linux-gnu/libgobject-2.0.so.0.4002.0
7f5ac27ef000-7f5ac29ef000 ---p 0004f000 fd:01 920172                     /usr/lib/x86_64-linux-gnu/libgobject-2.0.so.0.4002.0
7f5ac29ef000-7f5ac29f0000 r--p 0004f000 fd:01 920172                     /usr/lib/x86_64-linux-gnu/libgobject-2.0.so.0.4002.0
7f5ac29f0000-7f5ac29f1000 rw-p 00050000 fd:01 920172                     /usr/lib/x86_64-linux-gnu/libgobject-2.0.so.0.4002.0
7f5ac29f1000-7f5ac2a2b000 r-xp 00000000 fd:01 939234                     /usr/lib/x86_64-linux-gnu/libfontconfig.so.1.8.0
7f5ac2a2b000-7f5ac2c2a000 ---p 0003a000 fd:01 939234                     /usr/lib/x86_64-linux-gnu/libfontconfig.so.1.8.0
7f5ac2c2a000-7f5ac2c2c000 r--p 00039000 fd:01 939234                     /usr/lib/x86_64-linux-gnu/libfontconfig.so.1.8.0
7f5ac2c2c000-7f5ac2c2d000 rw-p 0003b000 fd:01 939234                     /usr/lib/x86_64-linux-gnu/libfontconfig.so.1.8.0
7f5ac2c2d000-7f5ac2cca000 r-xp 00000000 fd:01 920445                     /usr/lib/x86_64-linux-gnu/libfreetype.so.6.11.1
7f5ac2cca000-7f5ac2ec9000 ---p 0009d000 fd:01 920445                     /usr/lib/x86_64-linux-gnu/libfreetype.so.6.11.1
7f5ac2ec9000-7f5ac2ecf000 r--p 0009c000 fd:01 920445                     /usr/lib/x86_64-linux-gnu/libfreetype.so.6.11.1
7f5ac2ecf000-7f5ac2ed0000 rw-p 000a2000 fd:01 920445                     /usr/lib/x86_64-linux-gnu/libfreetype.so.6.11.1
7f5ac2ed0000-7f5ac2f1a000 r-xp 00000000 fd:01 939264                     /usr/lib/x86_64-linux-gnu/libpango-1.0.so.0.3600.3
7f5ac2f1a000-7f5ac311a000 ---p 0004a000 fd:01 939264                     /usr/lib/x86_64-linux-gnu/libpango-1.0.so.0.3600.3
7f5ac311a000-7f5ac311c000 r--p 0004a000 fd:01 939264                     /usr/lib/x86_64-linux-gnu/libpango-1.0.so.0.3600.3
7f5ac311c000-7f5ac311d000 rw-p 0004c000 fd:01 939264                     /usr/lib/x86_64-linux-gnu/libpango-1.0.so.0.3600.3
7f5ac311d000-7f5ac3223000 r-xp 00000000 fd:01 939245                     /usr/lib/x86_64-linux-gnu/libcairo.so.2.11301.0
7f5ac3223000-7f5ac3422000 ---p 00106000 fd:01 939245                     /usr/lib/x86_64-linux-gnu/libcairo.so.2.11301.0
7f5ac3422000-7f5ac3425000 r--p 00105000 fd:01 939245                     /usr/lib/x86_64-linux-gnu/libcairo.so.2.11301.0
7f5ac3425000-7f5ac3426000 rw-p 00108000 fd:01 939245                     /usr/lib/x86_64-linux-gnu/libcairo.so.2.11301.0
7f5ac3426000-7f5ac3428000 rw-p 00000000 00:00 0 
7f5ac3428000-7f5ac3433000 r-xp 00000000 fd:01 939274                     /usr/lib/x86_64-linux-gnu/libpangocairo-1.0.so.0.3600.3
7f5ac3433000-7f5ac3633000 ---p 0000b000 fd:01 939274                     /usr/lib/x86_64-linux-gnu/libpangocairo-1.0.so.0.3600.3
7f5ac3633000-7f5ac3634000 r--p 0000b000 fd:01 939274                     /usr/lib/x86_64-linux-gnu/libpangocairo-1.0.so.0.3600.3
7f5ac3634000-7f5ac3635000 rw-p 0000c000 fd:01 939274                     /usr/lib/x86_64-linux-gnu/libpangocairo-1.0.so.0.3600.3
7f5ac3635000-7f5ac3654000 r-xp 00000000 fd:01 939231                     /usr/lib/x86_64-linux-gnu/libgdk_pixbuf-2.0.so.0.3000.7
7f5ac3654000-7f5ac3854000 ---p 0001f000 fd:01 939231                     /usr/lib/x86_64-linux-gnu/libgdk_pixbuf-2.0.so.0.3000.7
7f5ac3854000-7f5ac3855000 r--p 0001f000 fd:01 939231                     /usr/lib/x86_64-linux-gnu/libgdk_pixbuf-2.0.so.0.3000.7
7f5ac3855000-7f5ac3856000 rw-p 00020000 fd:01 939231                     /usr/lib/x86_64-linux-gnu/libgdk_pixbuf-2.0.so.0.3000.7
7f5ac3856000-7f5ac386a000 r-xp 00000000 fd:01 939272                     /usr/lib/x86_64-linux-gnu/libpangoft2-1.0.so.0.3600.3
7f5ac386a000-7f5ac3a69000 ---p 00014000 fd:01 939272                     /usr/lib/x86_64-linux-gnu/libpangoft2-1.0.so.0.3600.3
7f5ac3a69000-7f5ac3a6a000 r--p 00013000 fd:01 939272                     /usr/lib/x86_64-linux-gnu/libpangoft2-1.0.so.0.3600.3
7f5ac3a6a000-7f5ac3a6b000 rw-p 00014000 fd:01 939272                     /usr/lib/x86_64-linux-gnu/libpangoft2-1.0.so.0.3600.3
7f5ac3a6b000-7f5ac3bd7000 r-xp 00000000 fd:01 920174                     /usr/lib/x86_64-linux-gnu/libgio-2.0.so.0.4002.0
7f5ac3bd7000-7f5ac3dd6000 ---p 0016c000 fd:01 920174                     /usr/lib/x86_64-linux-gnu/libgio-2.0.so.0.4002.0
7f5ac3dd6000-7f5ac3dda000 r--p 0016b000 fd:01 920174                     /usr/lib/x86_64-linux-gnu/libgio-2.0.so.0.4002.0
7f5ac3dda000-7f5ac3ddc000 rw-p 0016f000 fd:01 920174                     /usr/lib/x86_64-linux-gnu/libgio-2.0.so.0.4002.0
7f5ac3ddc000-7f5ac3dde000 rw-p 00000000 00:00 0 
7f5ac3dde000-7f5ac3dfd000 r-xp 00000000 fd:01 939408                     /usr/lib/x86_64-linux-gnu/libatk-1.0.so.0.21009.1
7f5ac3dfd000-7f5ac3ffd000 ---p 0001f000 fd:01 939408                     /usr/lib/x86_64-linux-gnu/libatk-1.0.so.0.21009.1
7f5ac3ffd000-7f5ac3fff000 r--p 0001f000 fd:01 939408                     /usr/lib/x86_64-linux-gnu/libatk-1.0.so.0.21009.1
7f5ac3fff000-7f5ac4000000 rw-p 00021000 fd:01 939408                     /usr/lib/x86_64-linux-gnu/libatk-1.0.so.0.21009.1
7f5ac4000000-7f5ac4830000 rw-p 00000000 00:00 0 
7f5ac4830000-7f5ac8000000 ---p 00000000 00:00 0 
7f5ac8000000-7f5ac8084000 rw-p 00000000 00:00 0 
7f5ac8084000-7f5acc000000 ---p 00000000 00:00 0 
7f5acc000000-7f5acc021000 rw-p 00000000 00:00 0 
7f5acc021000-7f5ad0000000 ---p 00000000 00:00 0 
7f5ad0000000-7f5ad0ce6000 rw-p 00000000 00:00 0 
7f5ad0ce6000-7f5ad4000000 ---p 00000000 00:00 0 
7f5ad4000000-7f5ad4021000 rw-p 00000000 00:00 0 
7f5ad4021000-7f5ad8000000 ---p 00000000 00:00 0 
7f5ad8000000-7f5ad8021000 rw-p 00000000 00:00 0 
7f5ad8021000-7f5adc000000 ---p 00000000 00:00 0 
7f5adc000000-7f5adc0a1000 rw-p 00000000 00:00 0 
7f5adc0a1000-7f5ae0000000 ---p 00000000 00:00 0 
7f5ae0002000-7f5ae000d000 r--s 00116000 fd:01 266600                     /usr/local/jdk1.8.0_31/jre/lib/ext/localedata.jar
7f5ae000d000-7f5ae0020000 r--p 00000000 fd:01 265823                     /usr/local/jdk1.8.0_31/jre/lib/fonts/LucidaBrightDemiItalic.ttf
7f5ae0020000-7f5ae0075000 r--p 00000000 fd:01 265838                     /usr/local/jdk1.8.0_31/jre/lib/fonts/LucidaBrightRegular.ttf
7f5ae0075000-7f5ae0078000 ---p 00000000 00:00 0 
7f5ae0078000-7f5ae0176000 rw-p 00000000 00:00 0                          [stack:8167]
7f5ae0176000-7f5ae0223000 r-xp 00000000 fd:01 944688                     /usr/lib/x86_64-linux-gnu/libgdk-x11-2.0.so.0.2400.23
7f5ae0223000-7f5ae0422000 ---p 000ad000 fd:01 944688                     /usr/lib/x86_64-linux-gnu/libgdk-x11-2.0.so.0.2400.23
7f5ae0422000-7f5ae0426000 r--p 000ac000 fd:01 944688                     /usr/lib/x86_64-linux-gnu/libgdk-x11-2.0.so.0.2400.23
7f5ae0426000-7f5ae0428000 rw-p 000b0000 fd:01 944688                     /usr/lib/x86_64-linux-gnu/libgdk-x11-2.0.so.0.2400.23
7f5ae0428000-7f5ae0857000 r-xp 00000000 fd:01 944687                     /usr/lib/x86_64-linux-gnu/libgtk-x11-2.0.so.0.2400.23
7f5ae0857000-7f5ae0a56000 ---p 0042f000 fd:01 944687                     /usr/lib/x86_64-linux-gnu/libgtk-x11-2.0.so.0.2400.23
7f5ae0a56000-7f5ae0a5d000 r--p 0042e000 fd:01 944687                     /usr/lib/x86_64-linux-gnu/libgtk-x11-2.0.so.0.2400.23
7f5ae0a5d000-7f5ae0a61000 rw-p 00435000 fd:01 944687                     /usr/lib/x86_64-linux-gnu/libgtk-x11-2.0.so.0.2400.23
7f5ae0a61000-7f5ae0a64000 rw-p 00000000 00:00 0 
7f5ae0a64000-7f5ae0a70000 r-xp 00000000 fd:01 266542                     /usr/local/jdk1.8.0_31/jre/lib/amd64/libprism_es2.so
7f5ae0a70000-7f5ae0c6f000 ---p 0000c000 fd:01 266542                     /usr/local/jdk1.8.0_31/jre/lib/amd64/libprism_es2.so
7f5ae0c6f000-7f5ae0c70000 r--p 0000b000 fd:01 266542                     /usr/local/jdk1.8.0_31/jre/lib/amd64/libprism_es2.so
7f5ae0c70000-7f5ae0c71000 rw-p 0000c000 fd:01 266542                     /usr/local/jdk1.8.0_31/jre/lib/amd64/libprism_es2.so
7f5ae0c71000-7f5ae0c74000 ---p 00000000 00:00 0 
7f5ae0c74000-7f5ae0d72000 rw-p 00000000 00:00 0                          [stack:8166]
7f5ae0d72000-7f5ae0dfe000 r--s 00fea000 fd:01 266679                     /usr/local/jdk1.8.0_31/jre/lib/ext/jfxrt.jar
7f5ae0dfe000-7f5ae0dff000 ---p 00000000 00:00 0 
7f5ae0dff000-7f5ae0eff000 rw-p 00000000 00:00 0                          [stack:8165]
7f5ae0eff000-7f5ae0f02000 ---p 00000000 00:00 0 
7f5ae0f02000-7f5ae1000000 rw-p 00000000 00:00 0                          [stack:8164]
7f5ae1000000-7f5ae15d0000 rwxp 00000000 00:00 0 
7f5ae15e0000-7f5af0000000 ---p 00000000 00:00 0 
7f5af0000000-7f5af0406000 rw-p 00000000 00:00 0 
7f5af0406000-7f5af4000000 ---p 00000000 00:00 0 
7f5af4001000-7f5af403b000 r--p 00000000 fd:01 265831                     /usr/local/jdk1.8.0_31/jre/lib/fonts/LucidaTypewriterBold.ttf
7f5af403b000-7f5af403e000 ---p 00000000 00:00 0 
7f5af403e000-7f5af413c000 rw-p 00000000 00:00 0                          [stack:8163]
7f5af413c000-7f5af413f000 ---p 00000000 00:00 0 
7f5af413f000-7f5af423d000 rw-p 00000000 00:00 0                          [stack:8162]
7f5af423d000-7f5af4240000 ---p 00000000 00:00 0 
7f5af4240000-7f5af433e000 rw-p 00000000 00:00 0                          [stack:8161]
7f5af433e000-7f5af4607000 r--p 00000000 fd:01 923282                     /usr/lib/locale/locale-archive
7f5af4607000-7f5af460a000 ---p 00000000 00:00 0 
7f5af460a000-7f5af4708000 rw-p 00000000 00:00 0                          [stack:8160]
7f5af4708000-7f5af470b000 ---p 00000000 00:00 0 
7f5af470b000-7f5af4809000 rw-p 00000000 00:00 0                          [stack:8159]
7f5af4809000-7f5af480a000 ---p 00000000 00:00 0 
7f5af480a000-7f5af4959000 rw-p 00000000 00:00 0                          [stack:8158]
7f5af4959000-7f5af4b2f000 r--s 03cae000 fd:01 1186613                    /usr/local/jdk1.8.0_31/jre/lib/rt.jar
7f5af4b2f000-7f5af5400000 rw-p 00000000 00:00 0 
7f5af5400000-7f5af5418000 rw-p 00000000 00:00 0 
7f5af5418000-7f5af57c0000 ---p 00000000 00:00 0 
7f5af57c0000-7f5af57da000 r-xp 00000000 fd:01 266651                     /usr/local/jdk1.8.0_31/jre/lib/amd64/libzip.so
7f5af57da000-7f5af59da000 ---p 0001a000 fd:01 266651                     /usr/local/jdk1.8.0_31/jre/lib/amd64/libzip.so
7f5af59da000-7f5af59db000 rw-p 0001a000 fd:01 266651                     /usr/local/jdk1.8.0_31/jre/lib/amd64/libzip.so
7f5af59db000-7f5af59e6000 r-xp 00000000 fd:01 393803                     /lib/x86_64-linux-gnu/libnss_files-2.19.so
7f5af59e6000-7f5af5be5000 ---p 0000b000 fd:01 393803                     /lib/x86_64-linux-gnu/libnss_files-2.19.so
7f5af5be5000-7f5af5be6000 r--p 0000a000 fd:01 393803                     /lib/x86_64-linux-gnu/libnss_files-2.19.so
7f5af5be6000-7f5af5be7000 rw-p 0000b000 fd:01 393803                     /lib/x86_64-linux-gnu/libnss_files-2.19.so
7f5af5be7000-7f5af5bf2000 r-xp 00000000 fd:01 393823                     /lib/x86_64-linux-gnu/libnss_nis-2.19.so
7f5af5bf2000-7f5af5df1000 ---p 0000b000 fd:01 393823                     /lib/x86_64-linux-gnu/libnss_nis-2.19.so
7f5af5df1000-7f5af5df2000 r--p 0000a000 fd:01 393823                     /lib/x86_64-linux-gnu/libnss_nis-2.19.so
7f5af5df2000-7f5af5df3000 rw-p 0000b000 fd:01 393823                     /lib/x86_64-linux-gnu/libnss_nis-2.19.so
7f5af5df3000-7f5af5e0a000 r-xp 00000000 fd:01 393812                     /lib/x86_64-linux-gnu/libnsl-2.19.so
7f5af5e0a000-7f5af6009000 ---p 00017000 fd:01 393812                     /lib/x86_64-linux-gnu/libnsl-2.19.so
7f5af6009000-7f5af600a000 r--p 00016000 fd:01 393812                     /lib/x86_64-linux-gnu/libnsl-2.19.so
7f5af600a000-7f5af600b000 rw-p 00017000 fd:01 393812                     /lib/x86_64-linux-gnu/libnsl-2.19.so
7f5af600b000-7f5af600d000 rw-p 00000000 00:00 0 
7f5af600d000-7f5af6016000 r-xp 00000000 fd:01 393811                     /lib/x86_64-linux-gnu/libnss_compat-2.19.so
7f5af6016000-7f5af6215000 ---p 00009000 fd:01 393811                     /lib/x86_64-linux-gnu/libnss_compat-2.19.so
7f5af6215000-7f5af6216000 r--p 00008000 fd:01 393811                     /lib/x86_64-linux-gnu/libnss_compat-2.19.so
7f5af6216000-7f5af6217000 rw-p 00009000 fd:01 393811                     /lib/x86_64-linux-gnu/libnss_compat-2.19.so
7f5af6217000-7f5af6241000 r-xp 00000000 fd:01 266628                     /usr/local/jdk1.8.0_31/jre/lib/amd64/libjava.so
7f5af6241000-7f5af6441000 ---p 0002a000 fd:01 266628                     /usr/local/jdk1.8.0_31/jre/lib/amd64/libjava.so
7f5af6441000-7f5af6443000 rw-p 0002a000 fd:01 266628                     /usr/local/jdk1.8.0_31/jre/lib/amd64/libjava.so
7f5af6443000-7f5af6450000 r-xp 00000000 fd:01 266597                     /usr/local/jdk1.8.0_31/jre/lib/amd64/libverify.so
7f5af6450000-7f5af6650000 ---p 0000d000 fd:01 266597                     /usr/local/jdk1.8.0_31/jre/lib/amd64/libverify.so
7f5af6650000-7f5af6652000 rw-p 0000d000 fd:01 266597                     /usr/local/jdk1.8.0_31/jre/lib/amd64/libverify.so
7f5af6652000-7f5af6659000 r-xp 00000000 fd:01 393820                     /lib/x86_64-linux-gnu/librt-2.19.so
7f5af6659000-7f5af6858000 ---p 00007000 fd:01 393820                     /lib/x86_64-linux-gnu/librt-2.19.so
7f5af6858000-7f5af6859000 r--p 00006000 fd:01 393820                     /lib/x86_64-linux-gnu/librt-2.19.so
7f5af6859000-7f5af685a000 rw-p 00007000 fd:01 393820                     /lib/x86_64-linux-gnu/librt-2.19.so
7f5af685a000-7f5af695f000 r-xp 00000000 fd:01 393802                     /lib/x86_64-linux-gnu/libm-2.19.so
7f5af695f000-7f5af6b5e000 ---p 00105000 fd:01 393802                     /lib/x86_64-linux-gnu/libm-2.19.so
7f5af6b5e000-7f5af6b5f000 r--p 00104000 fd:01 393802                     /lib/x86_64-linux-gnu/libm-2.19.so
7f5af6b5f000-7f5af6b60000 rw-p 00105000 fd:01 393802                     /lib/x86_64-linux-gnu/libm-2.19.so
7f5af6b60000-7f5af77ce000 r-xp 00000000 fd:01 266525                     /usr/local/jdk1.8.0_31/jre/lib/amd64/server/libjvm.so
7f5af77ce000-7f5af79cd000 ---p 00c6e000 fd:01 266525                     /usr/local/jdk1.8.0_31/jre/lib/amd64/server/libjvm.so
7f5af79cd000-7f5af7aa3000 rw-p 00c6d000 fd:01 266525                     /usr/local/jdk1.8.0_31/jre/lib/amd64/server/libjvm.so
7f5af7aa3000-7f5af7ae6000 rw-p 00000000 00:00 0 
7f5af7ae6000-7f5af7ca1000 r-xp 00000000 fd:01 393817                     /lib/x86_64-linux-gnu/libc-2.19.so
7f5af7ca1000-7f5af7ea0000 ---p 001bb000 fd:01 393817                     /lib/x86_64-linux-gnu/libc-2.19.so
7f5af7ea0000-7f5af7ea4000 r--p 001ba000 fd:01 393817                     /lib/x86_64-linux-gnu/libc-2.19.so
7f5af7ea4000-7f5af7ea6000 rw-p 001be000 fd:01 393817                     /lib/x86_64-linux-gnu/libc-2.19.so
7f5af7ea6000-7f5af7eab000 rw-p 00000000 00:00 0 
7f5af7eab000-7f5af7eae000 r-xp 00000000 fd:01 393806                     /lib/x86_64-linux-gnu/libdl-2.19.so
7f5af7eae000-7f5af80ad000 ---p 00003000 fd:01 393806                     /lib/x86_64-linux-gnu/libdl-2.19.so
7f5af80ad000-7f5af80ae000 r--p 00002000 fd:01 393806                     /lib/x86_64-linux-gnu/libdl-2.19.so
7f5af80ae000-7f5af80af000 rw-p 00003000 fd:01 393806                     /lib/x86_64-linux-gnu/libdl-2.19.so
7f5af80af000-7f5af80c4000 r-xp 00000000 fd:01 266580                     /usr/local/jdk1.8.0_31/jre/lib/amd64/jli/libjli.so
7f5af80c4000-7f5af82c3000 ---p 00015000 fd:01 266580                     /usr/local/jdk1.8.0_31/jre/lib/amd64/jli/libjli.so
7f5af82c3000-7f5af82c4000 rw-p 00014000 fd:01 266580                     /usr/local/jdk1.8.0_31/jre/lib/amd64/jli/libjli.so
7f5af82c4000-7f5af82dd000 r-xp 00000000 fd:01 393818                     /lib/x86_64-linux-gnu/libpthread-2.19.so
7f5af82dd000-7f5af84dc000 ---p 00019000 fd:01 393818                     /lib/x86_64-linux-gnu/libpthread-2.19.so
7f5af84dc000-7f5af84dd000 r--p 00018000 fd:01 393818                     /lib/x86_64-linux-gnu/libpthread-2.19.so
7f5af84dd000-7f5af84de000 rw-p 00019000 fd:01 393818                     /lib/x86_64-linux-gnu/libpthread-2.19.so
7f5af84de000-7f5af84e2000 rw-p 00000000 00:00 0 
7f5af84e2000-7f5af8505000 r-xp 00000000 fd:01 393814                     /lib/x86_64-linux-gnu/ld-2.19.so
7f5af8507000-7f5af850c000 r--s 00084000 fd:01 1186611                    /usr/local/jdk1.8.0_31/jre/lib/jfr.jar
7f5af850c000-7f5af8517000 r--s 00000000 fd:01 132248                     /var/cache/fontconfig/d589a48862398ed80a3d6066f4f56f4c-le64.cache-4
7f5af8517000-7f5af851a000 r--s 00000000 fd:01 132164                     /var/cache/fontconfig/e13b20fdb08344e0e664864cc2ede53d-le64.cache-4
7f5af851a000-7f5af851e000 r--s 00094000 fd:01 1186608                    /usr/local/jdk1.8.0_31/jre/lib/jsse.jar
7f5af851e000-7f5af8528000 rw-p 00000000 00:00 0 
7f5af8528000-7f5af8572000 ---p 00000000 00:00 0 
7f5af8572000-7f5af8575000 rw-p 00000000 00:00 0 
7f5af8575000-7f5af859b000 ---p 00000000 00:00 0 
7f5af859b000-7f5af85a6000 rw-p 00000000 00:00 0 
7f5af85a6000-7f5af85ef000 ---p 00000000 00:00 0 
7f5af85ef000-7f5af85f0000 rw-p 00000000 00:00 0 
7f5af85f0000-7f5af85f3000 ---p 00000000 00:00 0 
7f5af85f3000-7f5af86f5000 rw-p 00000000 00:00 0                          [stack:8157]
7f5af86f7000-7f5af86f8000 r--s 00010000 fd:01 264742                     /home/main/ePrescriptions/JavaFXML1/dist/run445777536/JavaFXML1.jar
7f5af86f8000-7f5af8700000 rw-s 00000000 fd:01 264754                     /tmp/hsperfdata_main/8153
7f5af8700000-7f5af8701000 rw-p 00000000 00:00 0 
7f5af8701000-7f5af8702000 r--p 00000000 00:00 0 
7f5af8702000-7f5af8704000 rw-p 00000000 00:00 0 
7f5af8704000-7f5af8705000 r--p 00022000 fd:01 393814                     /lib/x86_64-linux-gnu/ld-2.19.so
7f5af8705000-7f5af8706000 rw-p 00023000 fd:01 393814                     /lib/x86_64-linux-gnu/ld-2.19.so
7f5af8706000-7f5af8707000 rw-p 00000000 00:00 0 
7fff18149000-7fff1816a000 rw-p 00000000 00:00 0                          [stack]
7fff181fe000-7fff18200000 r-xp 00000000 00:00 0                          [vdso]
ffffffffff600000-ffffffffff601000 r-xp 00000000 00:00 0                  [vsyscall]

VM Arguments:
jvm_args: -Dfile.encoding=UTF-8 
java_command: /home/main/ePrescriptions/JavaFXML1/dist/run445777536/JavaFXML1.jar
java_class_path (initial): /home/main/ePrescriptions/JavaFXML1/dist/run445777536/JavaFXML1.jar
Launcher Type: SUN_STANDARD

Environment Variables:
PATH=/usr/local/sbin:/usr/local/bin:/usr/sbin:/usr/bin:/sbin:/bin:/usr/games:/usr/local/games
LD_LIBRARY_PATH=/usr/local/jdk1.8.0_31/jre/lib/amd64:/usr/local/jdk1.8.0_31/jre/lib/i386:
SHELL=/bin/bash
DISPLAY=:1.0

Signal Handlers:
SIGSEGV: [libjvm.so+0xa7a650], sa_mask[0]=11111111011111111101111111111110, sa_flags=SA_RESTART|SA_SIGINFO
SIGBUS: [libjvm.so+0xa7a650], sa_mask[0]=11111111011111111101111111111110, sa_flags=SA_RESTART|SA_SIGINFO
SIGFPE: [libjvm.so+0x8e28f0], sa_mask[0]=11111111011111111101111111111110, sa_flags=SA_RESTART|SA_SIGINFO
SIGPIPE: SIG_IGN, sa_mask[0]=00000000000010000000000000000000, sa_flags=SA_RESTART
SIGXFSZ: [libjvm.so+0x8e28f0], sa_mask[0]=11111111011111111101111111111110, sa_flags=SA_RESTART|SA_SIGINFO
SIGILL: [libjvm.so+0x8e28f0], sa_mask[0]=11111111011111111101111111111110, sa_flags=SA_RESTART|SA_SIGINFO
SIGUSR1: SIG_DFL, sa_mask[0]=00000000000000000000000000000000, sa_flags=none
SIGUSR2: [libjvm.so+0x8e4120], sa_mask[0]=00100000000000000000000000000000, sa_flags=SA_RESTART|SA_SIGINFO
SIGHUP: [libjvm.so+0x8e54e0], sa_mask[0]=11111111011111111101111111111110, sa_flags=SA_RESTART|SA_SIGINFO
SIGINT: SIG_IGN, sa_mask[0]=00000000000000000000000000000000, sa_flags=none
SIGTERM: [libjvm.so+0x8e54e0], sa_mask[0]=11111111011111111101111111111110, sa_flags=SA_RESTART|SA_SIGINFO
SIGQUIT: [libjvm.so+0x8e54e0], sa_mask[0]=11111111011111111101111111111110, sa_flags=SA_RESTART|SA_SIGINFO


---------------  S Y S T E M  ---------------

OS:DISTRIB_ID=Ubuntu
DISTRIB_RELEASE=14.04
DISTRIB_CODENAME=trusty
DISTRIB_DESCRIPTION="Ubuntu 14.04.2 LTS"

uname:Linux 3.13.0-43-generic #72-Ubuntu SMP Mon Dec 8 19:35:06 UTC 2014 x86_64
libc:glibc 2.19 NPTL 2.19 
rlimit: STACK 8192k, CORE 0k, NPROC 7782, NOFILE 4096, AS infinity
load average:0.93 0.49 0.38

/proc/meminfo:
MemTotal:        1017880 kB
MemFree:           52532 kB
Buffers:             220 kB
Cached:            32804 kB
SwapCached:            0 kB
Active:           882420 kB
Inactive:          32336 kB
Active(anon):     882016 kB
Inactive(anon):    28172 kB
Active(file):        404 kB
Inactive(file):     4164 kB
Unevictable:           0 kB
Mlocked:               0 kB
SwapTotal:             0 kB
SwapFree:              0 kB
Dirty:                96 kB
Writeback:             0 kB
AnonPages:        881796 kB
Mapped:            29256 kB
Shmem:             28392 kB
Slab:              22408 kB
SReclaimable:      10464 kB
SUnreclaim:        11944 kB
KernelStack:        1768 kB
PageTables:        12340 kB
NFS_Unstable:          0 kB
Bounce:                0 kB
WritebackTmp:          0 kB
CommitLimit:      508940 kB
Committed_AS:    1352276 kB
VmallocTotal:   34359738367 kB
VmallocUsed:        8908 kB
VmallocChunk:   34359722236 kB
HardwareCorrupted:     0 kB
AnonHugePages:    299008 kB
HugePages_Total:       0
HugePages_Free:        0
HugePages_Rsvd:        0
HugePages_Surp:        0
Hugepagesize:       2048 kB
DirectMap4k:       45048 kB
DirectMap2M:     1003520 kB
DirectMap1G:           0 kB


CPU:total 1 (1 cores per cpu, 1 threads per core) family 6 model 45 stepping 7, cmov, cx8, fxsr, mmx, sse, sse2, sse3, ssse3, sse4.1, sse4.2, popcnt, avx, aes, clmul, tsc

/proc/cpuinfo:
processor	: 0
vendor_id	: GenuineIntel
cpu family	: 6
model		: 45
model name	: Intel(R) Xeon(R) CPU E5-2630 0 @ 2.30GHz
stepping	: 7
microcode	: 0x1
cpu MHz		: 2299.998
cache size	: 15360 KB
physical id	: 0
siblings	: 1
core id		: 0
cpu cores	: 1
apicid		: 0
initial apicid	: 0
fpu		: yes
fpu_exception	: yes
cpuid level	: 13
wp		: yes
flags		: fpu vme de pse tsc msr pae mce cx8 apic sep mtrr pge mca cmov pat pse36 clflush mmx fxsr sse sse2 ss syscall nx pdpe1gb rdtscp lm constant_tsc arch_perfmon rep_good nopl eagerfpu pni pclmulqdq vmx ssse3 cx16 pcid sse4_1 sse4_2 x2apic popcnt tsc_deadline_timer aes xsave avx hypervisor lahf_lm xsaveopt vnmi ept tsc_adjust
bogomips	: 4599.99
clflush size	: 64
cache_alignment	: 64
address sizes	: 40 bits physical, 48 bits virtual
power management:



Memory: 4k page, physical 1017880k(52532k free), swap 0k(0k free)

vm_info: Java HotSpot(TM) 64-Bit Server VM (25.31-b07) for linux-amd64 JRE (1.8.0_31-b13), built on Dec 17 2014 20:40:15 by "java_re" with gcc 4.3.0 20080428 (Red Hat 4.3.0-8)

time: Tue Mar 17 12:19:49 2015
elapsed time: 17 seconds (0d 0h 0m 17s)

