#
# There is insufficient memory for the Java Runtime Environment to continue.
# Native memory allocation (mmap) failed to map 5636096 bytes for committing reserved memory.
# Possible reasons:
#   The system is out of physical RAM or swap space
#   In 32 bit mode, the process size limit was hit
# Possible solutions:
#   Reduce memory load on the system
#   Increase physical memory or swap space
#   Check if swap backing store is full
#   Use 64 bit Java on a 64 bit OS
#   Decrease Java heap size (-Xmx/-Xms)
#   Decrease number of Java threads
#   Decrease Java thread stack sizes (-Xss)
#   Set larger code cache with -XX:ReservedCodeCacheSize=
# This output file may be truncated or incomplete.
#
#  Out of Memory Error (os_linux.cpp:2671), pid=15385, tid=139636778112768
#
# JRE version:  (8.0_31-b13) (build )
# Java VM: Java HotSpot(TM) 64-Bit Server VM (25.31-b07 mixed mode linux-amd64 compressed oops)
# Failed to write core dump. Core dumps have been disabled. To enable core dumping, try "ulimit -c unlimited" before starting Java again
#

---------------  T H R E A D  ---------------

Current thread (0x00007effb0009800):  JavaThread "Unknown thread" [_thread_in_vm, id=15388, stack(0x00007effb87e9000,0x00007effb88ea000)]

Stack: [0x00007effb87e9000,0x00007effb88ea000],  sp=0x00007effb88e83c0,  free space=1020k
Native frames: (J=compiled Java code, j=interpreted, Vv=VM code, C=native code)
V  [libjvm.so+0xa79e0a]  VMError::report_and_die()+0x2ca
V  [libjvm.so+0x4e57bb]  report_vm_out_of_memory(char const*, int, unsigned long, VMErrorType, char const*)+0x8b
V  [libjvm.so+0x8e5a23]  os::Linux::commit_memory_impl(char*, unsigned long, bool)+0x103
V  [libjvm.so+0x8e5f79]  os::pd_commit_memory(char*, unsigned long, unsigned long, bool)+0x29
V  [libjvm.so+0x8dfc4a]  os::commit_memory(char*, unsigned long, unsigned long, bool)+0x2a
V  [libjvm.so+0xa75d39]  VirtualSpace::expand_by(unsigned long, bool)+0x1c9
V  [libjvm.so+0xa768ce]  VirtualSpace::initialize(ReservedSpace, unsigned long)+0xee
V  [libjvm.so+0x5d2e21]  CardGeneration::CardGeneration(ReservedSpace, unsigned long, int, GenRemSet*)+0xf1
V  [libjvm.so+0xa209bc]  TenuredGeneration::TenuredGeneration(ReservedSpace, unsigned long, int, GenRemSet*)+0x5c
V  [libjvm.so+0x5d409b]  GenerationSpec::init(ReservedSpace, int, GenRemSet*)+0x33b
V  [libjvm.so+0x5c2bee]  GenCollectedHeap::initialize()+0x1ee
V  [libjvm.so+0xa45d4d]  Universe::initialize_heap()+0xfd
V  [libjvm.so+0xa4616f]  universe_init()+0x3f
V  [libjvm.so+0x6128d5]  init_globals()+0x65
V  [libjvm.so+0xa2bdbd]  Threads::create_vm(JavaVMInitArgs*, bool*)+0x24d
V  [libjvm.so+0x6a9b34]  JNI_CreateJavaVM+0x74
C  [libjli.so+0x736e]  JavaMain+0x9e
C  [libpthread.so.0+0x8182]  start_thread+0xc2


---------------  P R O C E S S  ---------------

Java Threads: ( => current thread )

Other Threads:

=>0x00007effb0009800 (exited) JavaThread "Unknown thread" [_thread_in_vm, id=15388, stack(0x00007effb87e9000,0x00007effb88ea000)]

VM state:not at safepoint (not fully initialized)

VM Mutex/Monitor currently owned by a thread: None

GC Heap History (0 events):
No events

Deoptimization events (0 events):
No events

Internal exceptions (0 events):
No events

Events (0 events):
No events


Dynamic libraries:
00400000-00401000 r-xp 00000000 fd:01 266793                             /usr/local/jdk1.8.0_31/jre/bin/java
00600000-00601000 rw-p 00000000 fd:01 266793                             /usr/local/jdk1.8.0_31/jre/bin/java
021d6000-021f7000 rw-p 00000000 00:00 0                                  [heap]
f8200000-f84a0000 rw-p 00000000 00:00 0 
f84a0000-fac00000 ---p 00000000 00:00 0 
fb160000-100000000 ---p 00000000 00:00 0 
7effa1000000-7effa1270000 rwxp 00000000 00:00 0 
7effa1270000-7effb0000000 ---p 00000000 00:00 0 
7effb0000000-7effb0033000 rw-p 00000000 00:00 0 
7effb0033000-7effb4000000 ---p 00000000 00:00 0 
7effb5382000-7effb5602000 rw-p 00000000 00:00 0 
7effb5602000-7effb59b8000 ---p 00000000 00:00 0 
7effb59b8000-7effb59d2000 r-xp 00000000 fd:01 266651                     /usr/local/jdk1.8.0_31/jre/lib/amd64/libzip.so
7effb59d2000-7effb5bd2000 ---p 0001a000 fd:01 266651                     /usr/local/jdk1.8.0_31/jre/lib/amd64/libzip.so
7effb5bd2000-7effb5bd3000 rw-p 0001a000 fd:01 266651                     /usr/local/jdk1.8.0_31/jre/lib/amd64/libzip.so
7effb5bd3000-7effb5bde000 r-xp 00000000 fd:01 410445                     /lib/x86_64-linux-gnu/libnss_files-2.19.so
7effb5bde000-7effb5ddd000 ---p 0000b000 fd:01 410445                     /lib/x86_64-linux-gnu/libnss_files-2.19.so
7effb5ddd000-7effb5dde000 r--p 0000a000 fd:01 410445                     /lib/x86_64-linux-gnu/libnss_files-2.19.so
7effb5dde000-7effb5ddf000 rw-p 0000b000 fd:01 410445                     /lib/x86_64-linux-gnu/libnss_files-2.19.so
7effb5ddf000-7effb5dea000 r-xp 00000000 fd:01 393633                     /lib/x86_64-linux-gnu/libnss_nis-2.19.so
7effb5dea000-7effb5fe9000 ---p 0000b000 fd:01 393633                     /lib/x86_64-linux-gnu/libnss_nis-2.19.so
7effb5fe9000-7effb5fea000 r--p 0000a000 fd:01 393633                     /lib/x86_64-linux-gnu/libnss_nis-2.19.so
7effb5fea000-7effb5feb000 rw-p 0000b000 fd:01 393633                     /lib/x86_64-linux-gnu/libnss_nis-2.19.so
7effb5feb000-7effb6002000 r-xp 00000000 fd:01 393595                     /lib/x86_64-linux-gnu/libnsl-2.19.so
7effb6002000-7effb6201000 ---p 00017000 fd:01 393595                     /lib/x86_64-linux-gnu/libnsl-2.19.so
7effb6201000-7effb6202000 r--p 00016000 fd:01 393595                     /lib/x86_64-linux-gnu/libnsl-2.19.so
7effb6202000-7effb6203000 rw-p 00017000 fd:01 393595                     /lib/x86_64-linux-gnu/libnsl-2.19.so
7effb6203000-7effb6205000 rw-p 00000000 00:00 0 
7effb6205000-7effb620e000 r-xp 00000000 fd:01 393583                     /lib/x86_64-linux-gnu/libnss_compat-2.19.so
7effb620e000-7effb640d000 ---p 00009000 fd:01 393583                     /lib/x86_64-linux-gnu/libnss_compat-2.19.so
7effb640d000-7effb640e000 r--p 00008000 fd:01 393583                     /lib/x86_64-linux-gnu/libnss_compat-2.19.so
7effb640e000-7effb640f000 rw-p 00009000 fd:01 393583                     /lib/x86_64-linux-gnu/libnss_compat-2.19.so
7effb640f000-7effb6439000 r-xp 00000000 fd:01 266628                     /usr/local/jdk1.8.0_31/jre/lib/amd64/libjava.so
7effb6439000-7effb6639000 ---p 0002a000 fd:01 266628                     /usr/local/jdk1.8.0_31/jre/lib/amd64/libjava.so
7effb6639000-7effb663b000 rw-p 0002a000 fd:01 266628                     /usr/local/jdk1.8.0_31/jre/lib/amd64/libjava.so
7effb663b000-7effb6648000 r-xp 00000000 fd:01 266597                     /usr/local/jdk1.8.0_31/jre/lib/amd64/libverify.so
7effb6648000-7effb6848000 ---p 0000d000 fd:01 266597                     /usr/local/jdk1.8.0_31/jre/lib/amd64/libverify.so
7effb6848000-7effb684a000 rw-p 0000d000 fd:01 266597                     /usr/local/jdk1.8.0_31/jre/lib/amd64/libverify.so
7effb684a000-7effb6851000 r-xp 00000000 fd:01 393395                     /lib/x86_64-linux-gnu/librt-2.19.so
7effb6851000-7effb6a50000 ---p 00007000 fd:01 393395                     /lib/x86_64-linux-gnu/librt-2.19.so
7effb6a50000-7effb6a51000 r--p 00006000 fd:01 393395                     /lib/x86_64-linux-gnu/librt-2.19.so
7effb6a51000-7effb6a52000 rw-p 00007000 fd:01 393395                     /lib/x86_64-linux-gnu/librt-2.19.so
7effb6a52000-7effb6b57000 r-xp 00000000 fd:01 393590                     /lib/x86_64-linux-gnu/libm-2.19.so
7effb6b57000-7effb6d56000 ---p 00105000 fd:01 393590                     /lib/x86_64-linux-gnu/libm-2.19.so
7effb6d56000-7effb6d57000 r--p 00104000 fd:01 393590                     /lib/x86_64-linux-gnu/libm-2.19.so
7effb6d57000-7effb6d58000 rw-p 00105000 fd:01 393590                     /lib/x86_64-linux-gnu/libm-2.19.so
7effb6d58000-7effb79c6000 r-xp 00000000 fd:01 266525                     /usr/local/jdk1.8.0_31/jre/lib/amd64/server/libjvm.so
7effb79c6000-7effb7bc5000 ---p 00c6e000 fd:01 266525                     /usr/local/jdk1.8.0_31/jre/lib/amd64/server/libjvm.so
7effb7bc5000-7effb7c9b000 rw-p 00c6d000 fd:01 266525                     /usr/local/jdk1.8.0_31/jre/lib/amd64/server/libjvm.so
7effb7c9b000-7effb7cde000 rw-p 00000000 00:00 0 
7effb7cde000-7effb7e99000 r-xp 00000000 fd:01 393378                     /lib/x86_64-linux-gnu/libc-2.19.so
7effb7e99000-7effb8099000 ---p 001bb000 fd:01 393378                     /lib/x86_64-linux-gnu/libc-2.19.so
7effb8099000-7effb809d000 r--p 001bb000 fd:01 393378                     /lib/x86_64-linux-gnu/libc-2.19.so
7effb809d000-7effb809f000 rw-p 001bf000 fd:01 393378                     /lib/x86_64-linux-gnu/libc-2.19.so
7effb809f000-7effb80a4000 rw-p 00000000 00:00 0 
7effb80a4000-7effb80a7000 r-xp 00000000 fd:01 393415                     /lib/x86_64-linux-gnu/libdl-2.19.so
7effb80a7000-7effb82a6000 ---p 00003000 fd:01 393415                     /lib/x86_64-linux-gnu/libdl-2.19.so
7effb82a6000-7effb82a7000 r--p 00002000 fd:01 393415                     /lib/x86_64-linux-gnu/libdl-2.19.so
7effb82a7000-7effb82a8000 rw-p 00003000 fd:01 393415                     /lib/x86_64-linux-gnu/libdl-2.19.so
7effb82a8000-7effb82bd000 r-xp 00000000 fd:01 266580                     /usr/local/jdk1.8.0_31/jre/lib/amd64/jli/libjli.so
7effb82bd000-7effb84bc000 ---p 00015000 fd:01 266580                     /usr/local/jdk1.8.0_31/jre/lib/amd64/jli/libjli.so
7effb84bc000-7effb84bd000 rw-p 00014000 fd:01 266580                     /usr/local/jdk1.8.0_31/jre/lib/amd64/jli/libjli.so
7effb84bd000-7effb84d6000 r-xp 00000000 fd:01 404934                     /lib/x86_64-linux-gnu/libpthread-2.19.so
7effb84d6000-7effb86d5000 ---p 00019000 fd:01 404934                     /lib/x86_64-linux-gnu/libpthread-2.19.so
7effb86d5000-7effb86d6000 r--p 00018000 fd:01 404934                     /lib/x86_64-linux-gnu/libpthread-2.19.so
7effb86d6000-7effb86d7000 rw-p 00019000 fd:01 404934                     /lib/x86_64-linux-gnu/libpthread-2.19.so
7effb86d7000-7effb86db000 rw-p 00000000 00:00 0 
7effb86db000-7effb86fe000 r-xp 00000000 fd:01 393326                     /lib/x86_64-linux-gnu/ld-2.19.so
7effb87a9000-7effb87ab000 rw-p 00000000 00:00 0 
7effb87ab000-7effb87e8000 ---p 00000000 00:00 0 
7effb87e8000-7effb87e9000 rw-p 00000000 00:00 0 
7effb87e9000-7effb87ec000 ---p 00000000 00:00 0 
7effb87ec000-7effb88ef000 rw-p 00000000 00:00 0                          [stack:15388]
7effb88ef000-7effb88f1000 rw-p 00000000 00:00 0 
7effb88f1000-7effb88f9000 rw-s 00000000 fd:01 262273                     /tmp/hsperfdata_main/15385
7effb88f9000-7effb88fa000 rw-p 00000000 00:00 0 
7effb88fa000-7effb88fb000 r--p 00000000 00:00 0 
7effb88fb000-7effb88fd000 rw-p 00000000 00:00 0 
7effb88fd000-7effb88fe000 r--p 00022000 fd:01 393326                     /lib/x86_64-linux-gnu/ld-2.19.so
7effb88fe000-7effb88ff000 rw-p 00023000 fd:01 393326                     /lib/x86_64-linux-gnu/ld-2.19.so
7effb88ff000-7effb8900000 rw-p 00000000 00:00 0 
7fff6536f000-7fff65390000 rw-p 00000000 00:00 0                          [stack]
7fff653fe000-7fff65400000 r-xp 00000000 00:00 0                          [vdso]
ffffffffff600000-ffffffffff601000 r-xp 00000000 00:00 0                  [vsyscall]

VM Arguments:
java_command: <unknown>
java_class_path (initial): .
Launcher Type: SUN_STANDARD

Environment Variables:
PATH=/usr/local/sbin:/usr/local/bin:/usr/sbin:/usr/bin:/sbin:/bin:/usr/games:/usr/local/games
LD_LIBRARY_PATH=/usr/local/jdk1.8.0_31/jre/lib/amd64:/usr/local/jdk1.8.0_31/jre/lib/i386:
SHELL=/bin/bash
DISPLAY=:1.0

Signal Handlers:
SIGSEGV: [libjvm.so+0xa7a650], sa_mask[0]=11111111011111111101111111111110, sa_flags=SA_RESTART|SA_SIGINFO
SIGBUS: [libjvm.so+0xa7a650], sa_mask[0]=11111111011111111101111111111110, sa_flags=SA_RESTART|SA_SIGINFO
SIGFPE: [libjvm.so+0x8e28f0], sa_mask[0]=11111111011111111101111111111110, sa_flags=SA_RESTART|SA_SIGINFO
SIGPIPE: [libjvm.so+0x8e28f0], sa_mask[0]=11111111011111111101111111111110, sa_flags=SA_RESTART|SA_SIGINFO
SIGXFSZ: [libjvm.so+0x8e28f0], sa_mask[0]=11111111011111111101111111111110, sa_flags=SA_RESTART|SA_SIGINFO
SIGILL: [libjvm.so+0x8e28f0], sa_mask[0]=11111111011111111101111111111110, sa_flags=SA_RESTART|SA_SIGINFO
SIGUSR1: SIG_DFL, sa_mask[0]=00000000000000000000000000000000, sa_flags=none
SIGUSR2: [libjvm.so+0x8e4120], sa_mask[0]=00100000000000000000000000000000, sa_flags=SA_RESTART|SA_SIGINFO
SIGHUP: SIG_DFL, sa_mask[0]=00000000000000000000000000000000, sa_flags=none
SIGINT: SIG_IGN, sa_mask[0]=00000000000000000000000000000000, sa_flags=none
SIGTERM: SIG_DFL, sa_mask[0]=00000000000000000000000000000000, sa_flags=none
SIGQUIT: SIG_DFL, sa_mask[0]=00000000000000000000000000000000, sa_flags=none


---------------  S Y S T E M  ---------------

OS:DISTRIB_ID=Ubuntu
DISTRIB_RELEASE=14.04
DISTRIB_CODENAME=trusty
DISTRIB_DESCRIPTION="Ubuntu 14.04.2 LTS"

uname:Linux 3.13.0-43-generic #72-Ubuntu SMP Mon Dec 8 19:35:06 UTC 2014 x86_64
libc:glibc 2.19 NPTL 2.19 
rlimit: STACK 8192k, CORE 0k, NPROC 3750, NOFILE 4096, AS infinity
load average:2.22 1.17 0.69

/proc/meminfo:
MemTotal:         501800 kB
MemFree:            4916 kB
Buffers:             196 kB
Cached:             5744 kB
SwapCached:            0 kB
Active:           449032 kB
Inactive:           5052 kB
Active(anon):     448380 kB
Inactive(anon):     4096 kB
Active(file):        652 kB
Inactive(file):      956 kB
Unevictable:           0 kB
Mlocked:               0 kB
SwapTotal:             0 kB
SwapFree:              0 kB
Dirty:                 0 kB
Writeback:             0 kB
AnonPages:        448172 kB
Mapped:             4716 kB
Shmem:              4304 kB
Slab:              20616 kB
SReclaimable:       9488 kB
SUnreclaim:        11128 kB
KernelStack:        1496 kB
PageTables:        10076 kB
NFS_Unstable:          0 kB
Bounce:                0 kB
WritebackTmp:          0 kB
CommitLimit:      250900 kB
Committed_AS:     965140 kB
VmallocTotal:   34359738367 kB
VmallocUsed:        7884 kB
VmallocChunk:   34359723260 kB
HardwareCorrupted:     0 kB
AnonHugePages:         0 kB
HugePages_Total:       0
HugePages_Free:        0
HugePages_Rsvd:        0
HugePages_Surp:        0
Hugepagesize:       2048 kB
DirectMap4k:       34808 kB
DirectMap2M:      489472 kB
DirectMap1G:           0 kB


CPU:total 1 (1 cores per cpu, 1 threads per core) family 6 model 62 stepping 4, cmov, cx8, fxsr, mmx, sse, sse2, sse3, ssse3, sse4.1, sse4.2, popcnt, avx, aes, clmul, erms, tsc

/proc/cpuinfo:
processor	: 0
vendor_id	: GenuineIntel
cpu family	: 6
model		: 62
model name	: Intel(R) Xeon(R) CPU E5-2630L v2 @ 2.40GHz
stepping	: 4
microcode	: 0x1
cpu MHz		: 2399.998
cache size	: 15360 KB
physical id	: 0
siblings	: 1
core id		: 0
cpu cores	: 1
apicid		: 0
initial apicid	: 0
fpu		: yes
fpu_exception	: yes
cpuid level	: 13
wp		: yes
flags		: fpu vme de pse tsc msr pae mce cx8 apic sep mtrr pge mca cmov pat pse36 clflush mmx fxsr sse sse2 ss syscall nx pdpe1gb rdtscp lm constant_tsc arch_perfmon rep_good nopl eagerfpu pni pclmulqdq vmx ssse3 cx16 pcid sse4_1 sse4_2 x2apic popcnt tsc_deadline_timer aes xsave avx f16c rdrand hypervisor lahf_lm xsaveopt vnmi ept fsgsbase tsc_adjust smep erms
bogomips	: 4799.99
clflush size	: 64
cache_alignment	: 64
address sizes	: 40 bits physical, 48 bits virtual
power management:



Memory: 4k page, physical 501800k(4916k free), swap 0k(0k free)

vm_info: Java HotSpot(TM) 64-Bit Server VM (25.31-b07) for linux-amd64 JRE (1.8.0_31-b13), built on Dec 17 2014 20:40:15 by "java_re" with gcc 4.3.0 20080428 (Red Hat 4.3.0-8)

time: Thu Feb 26 00:45:16 2015
elapsed time: 0 seconds (0d 0h 0m 0s)

