#
# There is insufficient memory for the Java Runtime Environment to continue.
# Native memory allocation (mmap) failed to map 8392704 bytes for committing reserved memory.
# Possible reasons:
#   The system is out of physical RAM or swap space
#   In 32 bit mode, the process size limit was hit
# Possible solutions:
#   Reduce memory load on the system
#   Increase physical memory or swap space
#   Check if swap backing store is full
#   Use 64 bit Java on a 64 bit OS
#   Decrease Java heap size (-Xmx/-Xms)
#   Decrease number of Java threads
#   Decrease Java thread stack sizes (-Xss)
#   Set larger code cache with -XX:ReservedCodeCacheSize=
# This output file may be truncated or incomplete.
#
#  Out of Memory Error (os_linux.cpp:2671), pid=16115, tid=139988439926528
#
# JRE version: Java(TM) SE Runtime Environment (8.0_31-b13) (build 1.8.0_31-b13)
# Java VM: Java HotSpot(TM) 64-Bit Server VM (25.31-b07 mixed mode linux-amd64 compressed oops)
# Failed to write core dump. Core dumps have been disabled. To enable core dumping, try "ulimit -c unlimited" before starting Java again
#

---------------  T H R E A D  ---------------

Current thread (0x00007f5194093000):  VMThread [stack: 0x00007f51992c0000,0x00007f51993c1000] [id=16120]

Stack: [0x00007f51992c0000,0x00007f51993c1000],  sp=0x00007f51993bf4a0,  free space=1021k
Native frames: (J=compiled Java code, j=interpreted, Vv=VM code, C=native code)
V  [libjvm.so+0xa79e0a]  VMError::report_and_die()+0x2ca
V  [libjvm.so+0x4e57bb]  report_vm_out_of_memory(char const*, int, unsigned long, VMErrorType, char const*)+0x8b
V  [libjvm.so+0x8e5a23]  os::Linux::commit_memory_impl(char*, unsigned long, bool)+0x103
V  [libjvm.so+0x8e5f79]  os::pd_commit_memory(char*, unsigned long, unsigned long, bool)+0x29
V  [libjvm.so+0x8dfc4a]  os::commit_memory(char*, unsigned long, unsigned long, bool)+0x2a
V  [libjvm.so+0xa75d39]  VirtualSpace::expand_by(unsigned long, bool)+0x1c9
V  [libjvm.so+0x5d1f65]  OneContigSpaceCardGeneration::grow_by(unsigned long)+0x25
V  [libjvm.so+0x5d232f]  CardGeneration::expand(unsigned long, unsigned long)+0x6f
V  [libjvm.so+0x5d23de]  OneContigSpaceCardGeneration::expand(unsigned long, unsigned long)+0x3e
V  [libjvm.so+0x5d20b8]  OneContigSpaceCardGeneration::expand_and_allocate(unsigned long, bool, bool)+0xc8
V  [libjvm.so+0x474fdc]  GenCollectorPolicy::expand_heap_and_allocate(unsigned long, bool)+0xcc
V  [libjvm.so+0x475952]  GenCollectorPolicy::satisfy_failed_allocation(unsigned long, bool)+0x162
V  [libjvm.so+0xa7abd4]  VM_GenCollectForAllocation::doit()+0x94
V  [libjvm.so+0xa82ba5]  VM_Operation::evaluate()+0x55
V  [libjvm.so+0xa80f7a]  VMThread::evaluate_operation(VM_Operation*)+0xba
V  [libjvm.so+0xa812fe]  VMThread::loop()+0x1ce
V  [libjvm.so+0xa81770]  VMThread::run()+0x70
V  [libjvm.so+0x8e8158]  java_start(Thread*)+0x108

VM_Operation (0x00007f51988618d0): GenCollectForAllocation, mode: safepoint, requested by thread 0x00007f5194196800


---------------  P R O C E S S  ---------------

Java Threads: ( => current thread )
  0x00007f5174131800 JavaThread "Prism Font Disposer" daemon [_thread_blocked, id=16134, stack(0x00007f5160435000,0x00007f5160536000)]
  0x00007f51941ee000 JavaThread "JavaFX-Launcher" [_thread_blocked, id=16133, stack(0x00007f5160d6a000,0x00007f5160e6b000)]
  0x00007f51941ea000 JavaThread "JavaFX Application Thread" [_thread_blocked, id=16132, stack(0x00007f5160e6b000,0x00007f5160f6c000)]
  0x00007f51941e6000 JavaThread "Thread-1" daemon [_thread_blocked, id=16131, stack(0x00007f5160f6c000,0x00007f516106d000)]
  0x00007f5194196800 JavaThread "QuantumRenderer-0" daemon [_thread_blocked, id=16130, stack(0x00007f5198763000,0x00007f5198864000)]
  0x00007f51940d0800 JavaThread "Service Thread" daemon [_thread_blocked, id=16126, stack(0x00007f51989f1000,0x00007f5198af2000)]
  0x00007f51940cb800 JavaThread "C1 CompilerThread1" daemon [_thread_blocked, id=16125, stack(0x00007f5198af2000,0x00007f5198bf3000)]
  0x00007f51940c9800 JavaThread "C2 CompilerThread0" daemon [_thread_blocked, id=16124, stack(0x00007f5198bf3000,0x00007f5198cf4000)]
  0x00007f51940c7800 JavaThread "Signal Dispatcher" daemon [_thread_blocked, id=16123, stack(0x00007f5198cf4000,0x00007f5198df5000)]
  0x00007f519409a000 JavaThread "Finalizer" daemon [_thread_blocked, id=16122, stack(0x00007f51990be000,0x00007f51991bf000)]
  0x00007f5194098000 JavaThread "Reference Handler" daemon [_thread_blocked, id=16121, stack(0x00007f51991bf000,0x00007f51992c0000)]
  0x00007f519400a000 JavaThread "main" [_thread_blocked, id=16119, stack(0x00007f519d04d000,0x00007f519d14e000)]

Other Threads:
=>0x00007f5194093000 VMThread [stack: 0x00007f51992c0000,0x00007f51993c1000] [id=16120]
  0x00007f51940de000 WatcherThread [stack: 0x00007f51988f0000,0x00007f51989f1000] [id=16127]

VM state:at safepoint (normal execution)

VM Mutex/Monitor currently owned by a thread:  ([mutex/lock_event])
[0x00007f51940060b0] Threads_lock - owner thread: 0x00007f5194093000
[0x00007f51940065b0] Heap_lock - owner thread: 0x00007f5194196800

Heap:
 def new generation   total 2560K, used 0K [0x00000000f8200000, 0x00000000f84c0000, 0x00000000fac00000)
  eden space 2304K,   0% used [0x00000000f8200000, 0x00000000f8200000, 0x00000000f8440000)
  from space 256K,   0% used [0x00000000f8440000, 0x00000000f8440000, 0x00000000f8480000)
  to   space 256K,   0% used [0x00000000f8480000, 0x00000000f8480000, 0x00000000f84c0000)
 tenured generation   total 5504K, used 3182K [0x00000000fac00000, 0x00000000fb160000, 0x0000000100000000)
   the space 5504K,  57% used [0x00000000fac00000, 0x00000000faf1bba0, 0x00000000faf1bc00, 0x00000000fb160000)
 Metaspace       used 12557K, capacity 12968K, committed 13056K, reserved 1060864K
  class space    used 1885K, capacity 1973K, committed 2048K, reserved 1048576K

Card table byte_map: [0x00007f519d00d000,0x00007f519d04d000] byte_map_base: 0x00007f519c84c000

Polling page: 0x00007f519d15e000

CodeCache: size=245760Kb used=3501Kb max_used=3501Kb free=242258Kb
 bounds [0x00007f5185000000, 0x00007f5185370000, 0x00007f5194000000]
 total_blobs=1435 nmethods=910 adapters=440
 compilation: enabled

Compilation events (10 events):
Event: 3.812 Thread 0x00007f51940cb800  906       3       java.util.Collections$EmptyList::isEmpty (2 bytes)
Event: 3.812 Thread 0x00007f51940cb800 nmethod 906 0x00007f5185368c10 code [0x00007f5185368d60, 0x00007f5185368eb0]
Event: 3.812 Thread 0x00007f51940cb800  907       3       com.sun.javafx.collections.VetoableListDecorator::size (10 bytes)
Event: 3.813 Thread 0x00007f51940cb800 nmethod 907 0x00007f5185368f10 code [0x00007f5185369080, 0x00007f5185369280]
Event: 3.813 Thread 0x00007f51940cb800  908       3       com.sun.javafx.geom.RectBounds::getMaxX (5 bytes)
Event: 3.813 Thread 0x00007f51940cb800 nmethod 908 0x00007f5185369350 code [0x00007f51853694a0, 0x00007f51853695f0]
Event: 3.862 Thread 0x00007f51940cb800  909       3       java.lang.Float::floatToIntBits (26 bytes)
Event: 3.867 Thread 0x00007f51940cb800 nmethod 909 0x00007f518536c9d0 code [0x00007f518536cb40, 0x00007f518536cd10]
Event: 3.867 Thread 0x00007f51940cb800  910       3       java.util.Vector::elementData (7 bytes)
Event: 3.867 Thread 0x00007f51940cb800 nmethod 910 0x00007f518536cd90 code [0x00007f518536cf00, 0x00007f518536d070]

GC Heap History (10 events):
Event: 1.874 GC heap before
{Heap before GC invocations=5 (full 0):
 def new generation   total 2432K, used 2432K [0x00000000f8200000, 0x00000000f84a0000, 0x00000000fac00000)
  eden space 2176K, 100% used [0x00000000f8200000, 0x00000000f8420000, 0x00000000f8420000)
  from space 256K, 100% used [0x00000000f8460000, 0x00000000f84a0000, 0x00000000f84a0000)
  to   space 256K,   0% used [0x00000000f8420000, 0x00000000f8420000, 0x00000000f8460000)
 tenured generation   total 5504K, used 1650K [0x00000000fac00000, 0x00000000fb160000, 0x0000000100000000)
   the space 5504K,  29% used [0x00000000fac00000, 0x00000000fad9c800, 0x00000000fad9c800, 0x00000000fb160000)
 Metaspace       used 8935K, capacity 9314K, committed 9600K, reserved 1056768K
  class space    used 1233K, capacity 1322K, committed 1408K, reserved 1048576K
Event: 1.879 GC heap after
Heap after GC invocations=6 (full 0):
 def new generation   total 2432K, used 255K [0x00000000f8200000, 0x00000000f84a0000, 0x00000000fac00000)
  eden space 2176K,   0% used [0x00000000f8200000, 0x00000000f8200000, 0x00000000f8420000)
  from space 256K,  99% used [0x00000000f8420000, 0x00000000f845fff0, 0x00000000f8460000)
  to   space 256K,   0% used [0x00000000f8460000, 0x00000000f8460000, 0x00000000f84a0000)
 tenured generation   total 5504K, used 1900K [0x00000000fac00000, 0x00000000fb160000, 0x0000000100000000)
   the space 5504K,  34% used [0x00000000fac00000, 0x00000000faddb3a0, 0x00000000faddb400, 0x00000000fb160000)
 Metaspace       used 8935K, capacity 9314K, committed 9600K, reserved 1056768K
  class space    used 1233K, capacity 1322K, committed 1408K, reserved 1048576K
}
Event: 2.091 GC heap before
{Heap before GC invocations=6 (full 0):
 def new generation   total 2432K, used 2431K [0x00000000f8200000, 0x00000000f84a0000, 0x00000000fac00000)
  eden space 2176K, 100% used [0x00000000f8200000, 0x00000000f8420000, 0x00000000f8420000)
  from space 256K,  99% used [0x00000000f8420000, 0x00000000f845fff0, 0x00000000f8460000)
  to   space 256K,   0% used [0x00000000f8460000, 0x00000000f8460000, 0x00000000f84a0000)
 tenured generation   total 5504K, used 1900K [0x00000000fac00000, 0x00000000fb160000, 0x0000000100000000)
   the space 5504K,  34% used [0x00000000fac00000, 0x00000000faddb3a0, 0x00000000faddb400, 0x00000000fb160000)
 Metaspace       used 9893K, capacity 10262K, committed 10496K, reserved 1058816K
  class space    used 1389K, capacity 1486K, committed 1536K, reserved 1048576K
Event: 2.097 GC heap after
Heap after GC invocations=7 (full 0):
 def new generation   total 2432K, used 127K [0x00000000f8200000, 0x00000000f84a0000, 0x00000000fac00000)
  eden space 2176K,   0% used [0x00000000f8200000, 0x00000000f8200000, 0x00000000f8420000)
  from space 256K,  49% used [0x00000000f8460000, 0x00000000f847fd58, 0x00000000f84a0000)
  to   space 256K,   0% used [0x00000000f8420000, 0x00000000f8420000, 0x00000000f8460000)
 tenured generation   total 5504K, used 2137K [0x00000000fac00000, 0x00000000fb160000, 0x0000000100000000)
   the space 5504K,  38% used [0x00000000fac00000, 0x00000000fae16758, 0x00000000fae16800, 0x00000000fb160000)
 Metaspace       used 9893K, capacity 10262K, committed 10496K, reserved 1058816K
  class space    used 1389K, capacity 1486K, committed 1536K, reserved 1048576K
}
Event: 2.382 GC heap before
{Heap before GC invocations=7 (full 0):
 def new generation   total 2432K, used 2303K [0x00000000f8200000, 0x00000000f84a0000, 0x00000000fac00000)
  eden space 2176K, 100% used [0x00000000f8200000, 0x00000000f8420000, 0x00000000f8420000)
  from space 256K,  49% used [0x00000000f8460000, 0x00000000f847fd58, 0x00000000f84a0000)
  to   space 256K,   0% used [0x00000000f8420000, 0x00000000f8420000, 0x00000000f8460000)
 tenured generation   total 5504K, used 2137K [0x00000000fac00000, 0x00000000fb160000, 0x0000000100000000)
   the space 5504K,  38% used [0x00000000fac00000, 0x00000000fae16758, 0x00000000fae16800, 0x00000000fb160000)
 Metaspace       used 10836K, capacity 11208K, committed 11392K, reserved 1058816K
  class space    used 1535K, capacity 1627K, committed 1664K, reserved 1048576K
Event: 2.387 GC heap after
Heap after GC invocations=8 (full 0):
 def new generation   total 2432K, used 256K [0x00000000f8200000, 0x00000000f84a0000, 0x00000000fac00000)
  eden space 2176K,   0% used [0x00000000f8200000, 0x00000000f8200000, 0x00000000f8420000)
  from space 256K, 100% used [0x00000000f8420000, 0x00000000f8460000, 0x00000000f8460000)
  to   space 256K,   0% used [0x00000000f8460000, 0x00000000f8460000, 0x00000000f84a0000)
 tenured generation   total 5504K, used 2221K [0x00000000fac00000, 0x00000000fb160000, 0x0000000100000000)
   the space 5504K,  40% used [0x00000000fac00000, 0x00000000fae2b780, 0x00000000fae2b800, 0x00000000fb160000)
 Metaspace       used 10836K, capacity 11208K, committed 11392K, reserved 1058816K
  class space    used 1535K, capacity 1627K, committed 1664K, reserved 1048576K
}
Event: 2.519 GC heap before
{Heap before GC invocations=8 (full 0):
 def new generation   total 2432K, used 2432K [0x00000000f8200000, 0x00000000f84a0000, 0x00000000fac00000)
  eden space 2176K, 100% used [0x00000000f8200000, 0x00000000f8420000, 0x00000000f8420000)
  from space 256K, 100% used [0x00000000f8420000, 0x00000000f8460000, 0x00000000f8460000)
  to   space 256K,   0% used [0x00000000f8460000, 0x00000000f8460000, 0x00000000f84a0000)
 tenured generation   total 5504K, used 2221K [0x00000000fac00000, 0x00000000fb160000, 0x0000000100000000)
   the space 5504K,  40% used [0x00000000fac00000, 0x00000000fae2b780, 0x00000000fae2b800, 0x00000000fb160000)
 Metaspace       used 11670K, capacity 12056K, committed 12160K, reserved 1058816K
  class space    used 1738K, capacity 1833K, committed 1920K, reserved 1048576K
Event: 2.523 GC heap after
Heap after GC invocations=9 (full 0):
 def new generation   total 2432K, used 144K [0x00000000f8200000, 0x00000000f84a0000, 0x00000000fac00000)
  eden space 2176K,   0% used [0x00000000f8200000, 0x00000000f8200000, 0x00000000f8420000)
  from space 256K,  56% used [0x00000000f8460000, 0x00000000f84840a8, 0x00000000f84a0000)
  to   space 256K,   0% used [0x00000000f8420000, 0x00000000f8420000, 0x00000000f8460000)
 tenured generation   total 5504K, used 2472K [0x00000000fac00000, 0x00000000fb160000, 0x0000000100000000)
   the space 5504K,  44% used [0x00000000fac00000, 0x00000000fae6a0f0, 0x00000000fae6a200, 0x00000000fb160000)
 Metaspace       used 11670K, capacity 12056K, committed 12160K, reserved 1058816K
  class space    used 1738K, capacity 1833K, committed 1920K, reserved 1048576K
}
Event: 3.877 GC heap before
{Heap before GC invocations=9 (full 0):
 def new generation   total 2432K, used 2114K [0x00000000f8200000, 0x00000000f84a0000, 0x00000000fac00000)
  eden space 2176K,  90% used [0x00000000f8200000, 0x00000000f83ec9c8, 0x00000000f8420000)
  from space 256K,  56% used [0x00000000f8460000, 0x00000000f84840a8, 0x00000000f84a0000)
  to   space 256K,   0% used [0x00000000f8420000, 0x00000000f8420000, 0x00000000f8460000)
 tenured generation   total 5504K, used 2472K [0x00000000fac00000, 0x00000000fb160000, 0x0000000100000000)
   the space 5504K,  44% used [0x00000000fac00000, 0x00000000fae6a0f0, 0x00000000fae6a200, 0x00000000fb160000)
 Metaspace       used 12559K, capacity 12970K, committed 13056K, reserved 1060864K
  class space    used 1886K, capacity 1974K, committed 2048K, reserved 1048576K
Event: 3.913 GC heap after
Heap after GC invocations=10 (full 1):
 def new generation   total 2560K, used 0K [0x00000000f8200000, 0x00000000f84c0000, 0x00000000fac00000)
  eden space 2304K,   0% used [0x00000000f8200000, 0x00000000f8200000, 0x00000000f8440000)
  from space 256K,   0% used [0x00000000f8440000, 0x00000000f8440000, 0x00000000f8480000)
  to   space 256K,   0% used [0x00000000f8480000, 0x00000000f8480000, 0x00000000f84c0000)
 tenured generation   total 5504K, used 3182K [0x00000000fac00000, 0x00000000fb160000, 0x0000000100000000)
   the space 5504K,  57% used [0x00000000fac00000, 0x00000000faf1bba0, 0x00000000faf1bc00, 0x00000000fb160000)
 Metaspace       used 12557K, capacity 12968K, committed 13056K, reserved 1060864K
  class space    used 1885K, capacity 1973K, committed 2048K, reserved 1048576K
}

Deoptimization events (9 events):
Event: 2.261 Thread 0x00007f51941ea000 Uncommon trap: reason=class_check action=maybe_recompile pc=0x00007f51852982f4 method=java.io.DataInputStream.readShort()S @ 4
Event: 2.263 Thread 0x00007f51941ea000 Uncommon trap: reason=class_check action=maybe_recompile pc=0x00007f51852982f4 method=java.io.DataInputStream.readShort()S @ 4
Event: 2.265 Thread 0x00007f51941ea000 Uncommon trap: reason=class_check action=maybe_recompile pc=0x00007f51852982f4 method=java.io.DataInputStream.readShort()S @ 4
Event: 2.265 Thread 0x00007f51941ea000 Uncommon trap: reason=class_check action=maybe_recompile pc=0x00007f51852982f4 method=java.io.DataInputStream.readShort()S @ 4
Event: 2.291 Thread 0x00007f51941ea000 Uncommon trap: reason=class_check action=maybe_recompile pc=0x00007f5185123cb8 method=java.lang.String.equals(Ljava/lang/Object;)Z @ 8
Event: 2.291 Thread 0x00007f51941ea000 Uncommon trap: reason=class_check action=maybe_recompile pc=0x00007f5185123cb8 method=java.lang.String.equals(Ljava/lang/Object;)Z @ 8
Event: 2.291 Thread 0x00007f51941ea000 Uncommon trap: reason=class_check action=maybe_recompile pc=0x00007f5185123cb8 method=java.lang.String.equals(Ljava/lang/Object;)Z @ 8
Event: 2.357 Thread 0x00007f51941ea000 Uncommon trap: reason=class_check action=maybe_recompile pc=0x00007f5185123cb8 method=java.lang.String.equals(Ljava/lang/Object;)Z @ 8
Event: 2.855 Thread 0x00007f51941ea000 Uncommon trap: reason=unreached action=reinterpret pc=0x00007f5185324a30 method=sun.misc.URLClassPath$JarLoader.ensureOpen()V @ 4

Internal exceptions (10 events):
Event: 1.365 Thread 0x00007f51941ea000 Exception <a 'java/lang/NullPointerException'> (0x00000000f8360c18) thrown at [/HUDSON/workspace/8-2-build-linux-amd64/jdk8u31/2394/hotspot/src/share/vm/interpreter/linkResolver.cpp, line 1178]
Event: 1.365 Thread 0x00007f51941ea000 Exception <a 'java/lang/NullPointerException'> (0x00000000f8360c18) thrown at [/HUDSON/workspace/8-2-build-linux-amd64/jdk8u31/2394/hotspot/src/share/vm/prims/jvm.cpp, line 1316]
Event: 1.850 Thread 0x00007f51941ea000 Exception <a 'java/security/PrivilegedActionException'> (0x00000000f8353850) thrown at [/HUDSON/workspace/8-2-build-linux-amd64/jdk8u31/2394/hotspot/src/share/vm/prims/jvm.cpp, line 1312]
Event: 2.076 Thread 0x00007f51941ea000 Exception <a 'java/security/PrivilegedActionException'> (0x00000000f83fe0a8) thrown at [/HUDSON/workspace/8-2-build-linux-amd64/jdk8u31/2394/hotspot/src/share/vm/prims/jvm.cpp, line 1312]
Event: 2.081 Thread 0x00007f51941ea000 Exception <a 'java/security/PrivilegedActionException'> (0x00000000f8412d30) thrown at [/HUDSON/workspace/8-2-build-linux-amd64/jdk8u31/2394/hotspot/src/share/vm/prims/jvm.cpp, line 1312]
Event: 2.099 Thread 0x00007f51941ea000 Exception <a 'java/security/PrivilegedActionException'> (0x00000000f8211e28) thrown at [/HUDSON/workspace/8-2-build-linux-amd64/jdk8u31/2394/hotspot/src/share/vm/prims/jvm.cpp, line 1312]
Event: 2.442 Thread 0x00007f51941ea000 Exception <a 'java/security/PrivilegedActionException'> (0x00000000f82e6460) thrown at [/HUDSON/workspace/8-2-build-linux-amd64/jdk8u31/2394/hotspot/src/share/vm/prims/jvm.cpp, line 1312]
Event: 2.445 Thread 0x00007f51941ea000 Exception <a 'java/security/PrivilegedActionException'> (0x00000000f82fbb70) thrown at [/HUDSON/workspace/8-2-build-linux-amd64/jdk8u31/2394/hotspot/src/share/vm/prims/jvm.cpp, line 1312]
Event: 2.454 Thread 0x00007f51941ea000 Exception <a 'java/security/PrivilegedActionException'> (0x00000000f8315300) thrown at [/HUDSON/workspace/8-2-build-linux-amd64/jdk8u31/2394/hotspot/src/share/vm/prims/jvm.cpp, line 1312]
Event: 2.855 Thread 0x00007f51941ea000 Implicit null exception at 0x00007f51853230ae to 0x00007f5185324a11

Events (10 events):
Event: 3.857 loading class com/sun/javafx/geom/transform/AffineBase$1 done
Event: 3.858 loading class com/sun/javafx/geom/transform/BaseTransform$Degree
Event: 3.858 loading class com/sun/javafx/geom/transform/BaseTransform$Degree done
Event: 3.859 loading class com/sun/prism/sw/SWPaint$1
Event: 3.859 loading class com/sun/prism/sw/SWPaint$1 done
Event: 3.860 loading class com/sun/prism/PrinterGraphics
Event: 3.860 loading class com/sun/prism/PrinterGraphics done
Event: 3.872 loading class com/sun/javafx/sg/prism/RegionImageCache
Event: 3.872 loading class com/sun/javafx/sg/prism/RegionImageCache done
Event: 3.875 Executing VM operation: GenCollectForAllocation


Dynamic libraries:
00400000-00401000 r-xp 00000000 fd:01 266793                             /usr/local/jdk1.8.0_31/jre/bin/java
00600000-00601000 rw-p 00000000 fd:01 266793                             /usr/local/jdk1.8.0_31/jre/bin/java
00dd5000-00df6000 rw-p 00000000 00:00 0                                  [heap]
f8200000-f84c0000 rw-p 00000000 00:00 0 
f84c0000-fac00000 ---p 00000000 00:00 0 
fac00000-fb160000 rw-p 00000000 00:00 0 
fb961000-100000000 ---p 00000000 00:00 0 
100000000-100200000 rw-p 00000000 00:00 0 
100200000-140000000 ---p 00000000 00:00 0 
7f5160022000-7f5160035000 r--s 00344000 fd:01 1186583                    /usr/local/jdk1.8.0_31/jre/lib/resources.jar
7f5160035000-7f51600f5000 rw-p 00000000 00:00 0 
7f51600f5000-7f5160235000 ---p 00000000 00:00 0 
7f5160235000-7f5160435000 rw-p 00000000 00:00 0 
7f5160435000-7f5160438000 ---p 00000000 00:00 0 
7f5160438000-7f5160536000 rw-p 00000000 00:00 0                          [stack:16134]
7f5160536000-7f51605ec000 r--p 00000000 fd:01 536177                     /usr/share/fonts/truetype/dejavu/DejaVuSans.ttf
7f51605ec000-7f5160628000 r--p 00000000 fd:01 265819                     /usr/local/jdk1.8.0_31/jre/lib/fonts/LucidaTypewriterRegular.ttf
7f5160628000-7f5160676000 r--p 00000000 fd:01 265853                     /usr/local/jdk1.8.0_31/jre/lib/fonts/LucidaSansDemiBold.ttf
7f5160676000-7f5160721000 r--p 00000000 fd:01 265870                     /usr/local/jdk1.8.0_31/jre/lib/fonts/LucidaSansRegular.ttf
7f5160721000-7f516075b000 r--p 00000000 fd:01 265831                     /usr/local/jdk1.8.0_31/jre/lib/fonts/LucidaTypewriterBold.ttf
7f516075b000-7f516075f000 r-xp 00000000 fd:01 265837                     /usr/local/jdk1.8.0_31/jre/lib/amd64/libjavafx_font_pango.so
7f516075f000-7f516095e000 ---p 00004000 fd:01 265837                     /usr/local/jdk1.8.0_31/jre/lib/amd64/libjavafx_font_pango.so
7f516095e000-7f516095f000 r--p 00003000 fd:01 265837                     /usr/local/jdk1.8.0_31/jre/lib/amd64/libjavafx_font_pango.so
7f516095f000-7f5160960000 rw-p 00004000 fd:01 265837                     /usr/local/jdk1.8.0_31/jre/lib/amd64/libjavafx_font_pango.so
7f5160960000-7f5160965000 r-xp 00000000 fd:01 265822                     /usr/local/jdk1.8.0_31/jre/lib/amd64/libjavafx_font_freetype.so
7f5160965000-7f5160b64000 ---p 00005000 fd:01 265822                     /usr/local/jdk1.8.0_31/jre/lib/amd64/libjavafx_font_freetype.so
7f5160b64000-7f5160b65000 r--p 00004000 fd:01 265822                     /usr/local/jdk1.8.0_31/jre/lib/amd64/libjavafx_font_freetype.so
7f5160b65000-7f5160b66000 rw-p 00005000 fd:01 265822                     /usr/local/jdk1.8.0_31/jre/lib/amd64/libjavafx_font_freetype.so
7f5160b66000-7f5160b69000 r-xp 00000000 fd:01 266515                     /usr/local/jdk1.8.0_31/jre/lib/amd64/libjavafx_font.so
7f5160b69000-7f5160d68000 ---p 00003000 fd:01 266515                     /usr/local/jdk1.8.0_31/jre/lib/amd64/libjavafx_font.so
7f5160d68000-7f5160d69000 r--p 00002000 fd:01 266515                     /usr/local/jdk1.8.0_31/jre/lib/amd64/libjavafx_font.so
7f5160d69000-7f5160d6a000 rw-p 00003000 fd:01 266515                     /usr/local/jdk1.8.0_31/jre/lib/amd64/libjavafx_font.so
7f5160d6a000-7f5160d6d000 ---p 00000000 00:00 0 
7f5160d6d000-7f5160e6b000 rw-p 00000000 00:00 0                          [stack:16133]
7f5160e6b000-7f5160e6e000 ---p 00000000 00:00 0 
7f5160e6e000-7f5160f6c000 rw-p 00000000 00:00 0                          [stack:16132]
7f5160f6c000-7f5160f6f000 ---p 00000000 00:00 0 
7f5160f6f000-7f516106d000 rw-p 00000000 00:00 0                          [stack:16131]
7f516106d000-7f5161097000 r-xp 00000000 fd:01 266612                     /usr/local/jdk1.8.0_31/jre/lib/amd64/libglass.so
7f5161097000-7f5161297000 ---p 0002a000 fd:01 266612                     /usr/local/jdk1.8.0_31/jre/lib/amd64/libglass.so
7f5161297000-7f5161299000 r--p 0002a000 fd:01 266612                     /usr/local/jdk1.8.0_31/jre/lib/amd64/libglass.so
7f5161299000-7f516129a000 rw-p 0002c000 fd:01 266612                     /usr/local/jdk1.8.0_31/jre/lib/amd64/libglass.so
7f516129a000-7f516129b000 rw-p 00000000 00:00 0 
7f516129b000-7f51612ae000 r-xp 00000000 fd:01 266566                     /usr/local/jdk1.8.0_31/jre/lib/amd64/libprism_sw.so
7f51612ae000-7f51614ad000 ---p 00013000 fd:01 266566                     /usr/local/jdk1.8.0_31/jre/lib/amd64/libprism_sw.so
7f51614ad000-7f51614ae000 r--p 00012000 fd:01 266566                     /usr/local/jdk1.8.0_31/jre/lib/amd64/libprism_sw.so
7f51614ae000-7f51614af000 rw-p 00013000 fd:01 266566                     /usr/local/jdk1.8.0_31/jre/lib/amd64/libprism_sw.so
7f51614af000-7f51614b5000 r-xp 00000000 fd:01 939250                     /usr/lib/x86_64-linux-gnu/libdatrie.so.1.3.1
7f51614b5000-7f51616b4000 ---p 00006000 fd:01 939250                     /usr/lib/x86_64-linux-gnu/libdatrie.so.1.3.1
7f51616b4000-7f51616b5000 r--p 00005000 fd:01 939250                     /usr/lib/x86_64-linux-gnu/libdatrie.so.1.3.1
7f51616b5000-7f51616b6000 rw-p 00006000 fd:01 939250                     /usr/lib/x86_64-linux-gnu/libdatrie.so.1.3.1
7f51616b6000-7f51616bb000 r-xp 00000000 fd:01 929739                     /usr/lib/x86_64-linux-gnu/libXdmcp.so.6.0.0
7f51616bb000-7f51618ba000 ---p 00005000 fd:01 929739                     /usr/lib/x86_64-linux-gnu/libXdmcp.so.6.0.0
7f51618ba000-7f51618bb000 r--p 00004000 fd:01 929739                     /usr/lib/x86_64-linux-gnu/libXdmcp.so.6.0.0
7f51618bb000-7f51618bc000 rw-p 00005000 fd:01 929739                     /usr/lib/x86_64-linux-gnu/libXdmcp.so.6.0.0
7f51618bc000-7f51618be000 r-xp 00000000 fd:01 929734                     /usr/lib/x86_64-linux-gnu/libXau.so.6.0.0
7f51618be000-7f5161abe000 ---p 00002000 fd:01 929734                     /usr/lib/x86_64-linux-gnu/libXau.so.6.0.0
7f5161abe000-7f5161abf000 r--p 00002000 fd:01 929734                     /usr/lib/x86_64-linux-gnu/libXau.so.6.0.0
7f5161abf000-7f5161ac0000 rw-p 00003000 fd:01 929734                     /usr/lib/x86_64-linux-gnu/libXau.so.6.0.0
7f5161ac0000-7f5161ada000 r-xp 00000000 fd:01 939266                     /usr/lib/x86_64-linux-gnu/libgraphite2.so.3.0.1
7f5161ada000-7f5161cd9000 ---p 0001a000 fd:01 939266                     /usr/lib/x86_64-linux-gnu/libgraphite2.so.3.0.1
7f5161cd9000-7f5161cdb000 r--p 00019000 fd:01 939266                     /usr/lib/x86_64-linux-gnu/libgraphite2.so.3.0.1
7f5161cdb000-7f5161cdc000 rw-p 0001b000 fd:01 939266                     /usr/lib/x86_64-linux-gnu/libgraphite2.so.3.0.1
7f5161cdc000-7f5161ce7000 r-xp 00000000 fd:01 917630                     /usr/lib/x86_64-linux-gnu/libdrm.so.2.4.0
7f5161ce7000-7f5161ee6000 ---p 0000b000 fd:01 917630                     /usr/lib/x86_64-linux-gnu/libdrm.so.2.4.0
7f5161ee6000-7f5161ee7000 r--p 0000a000 fd:01 917630                     /usr/lib/x86_64-linux-gnu/libdrm.so.2.4.0
7f5161ee7000-7f5161ee8000 rw-p 0000b000 fd:01 917630                     /usr/lib/x86_64-linux-gnu/libdrm.so.2.4.0
7f5161ee8000-7f5161ee9000 r-xp 00000000 fd:01 945056                     /usr/lib/x86_64-linux-gnu/libxshmfence.so.1.0.0
7f5161ee9000-7f51620e8000 ---p 00001000 fd:01 945056                     /usr/lib/x86_64-linux-gnu/libxshmfence.so.1.0.0
7f51620e8000-7f51620e9000 r--p 00000000 fd:01 945056                     /usr/lib/x86_64-linux-gnu/libxshmfence.so.1.0.0
7f51620e9000-7f51620ea000 rw-p 00001000 fd:01 945056                     /usr/lib/x86_64-linux-gnu/libxshmfence.so.1.0.0
7f51620ea000-7f51620ef000 r-xp 00000000 fd:01 945054                     /usr/lib/x86_64-linux-gnu/libxcb-sync.so.1.0.0
7f51620ef000-7f51622ee000 ---p 00005000 fd:01 945054                     /usr/lib/x86_64-linux-gnu/libxcb-sync.so.1.0.0
7f51622ee000-7f51622ef000 r--p 00004000 fd:01 945054                     /usr/lib/x86_64-linux-gnu/libxcb-sync.so.1.0.0
7f51622ef000-7f51622f0000 rw-p 00005000 fd:01 945054                     /usr/lib/x86_64-linux-gnu/libxcb-sync.so.1.0.0
7f51622f0000-7f51622f2000 r-xp 00000000 fd:01 945052                     /usr/lib/x86_64-linux-gnu/libxcb-present.so.0.0.0
7f51622f2000-7f51624f1000 ---p 00002000 fd:01 945052                     /usr/lib/x86_64-linux-gnu/libxcb-present.so.0.0.0
7f51624f1000-7f51624f2000 r--p 00001000 fd:01 945052                     /usr/lib/x86_64-linux-gnu/libxcb-present.so.0.0.0
7f51624f2000-7f51624f3000 rw-p 00002000 fd:01 945052                     /usr/lib/x86_64-linux-gnu/libxcb-present.so.0.0.0
7f51624f3000-7f51624f5000 r-xp 00000000 fd:01 945048                     /usr/lib/x86_64-linux-gnu/libxcb-dri3.so.0.0.0
7f51624f5000-7f51626f4000 ---p 00002000 fd:01 945048                     /usr/lib/x86_64-linux-gnu/libxcb-dri3.so.0.0.0
7f51626f4000-7f51626f5000 r--p 00001000 fd:01 945048                     /usr/lib/x86_64-linux-gnu/libxcb-dri3.so.0.0.0
7f51626f5000-7f51626f6000 rw-p 00002000 fd:01 945048                     /usr/lib/x86_64-linux-gnu/libxcb-dri3.so.0.0.0
7f51626f6000-7f51626f9000 r-xp 00000000 fd:01 944663                     /usr/lib/x86_64-linux-gnu/libxcb-dri2.so.0.0.0
7f51626f9000-7f51628f9000 ---p 00003000 fd:01 944663                     /usr/lib/x86_64-linux-gnu/libxcb-dri2.so.0.0.0
7f51628f9000-7f51628fa000 r--p 00003000 fd:01 944663                     /usr/lib/x86_64-linux-gnu/libxcb-dri2.so.0.0.0
7f51628fa000-7f51628fb000 rw-p 00004000 fd:01 944663                     /usr/lib/x86_64-linux-gnu/libxcb-dri2.so.0.0.0
7f51628fb000-7f5162910000 r-xp 00000000 fd:01 945050                     /usr/lib/x86_64-linux-gnu/libxcb-glx.so.0.0.0
7f5162910000-7f5162b0f000 ---p 00015000 fd:01 945050                     /usr/lib/x86_64-linux-gnu/libxcb-glx.so.0.0.0
7f5162b0f000-7f5162b11000 r--p 00014000 fd:01 945050                     /usr/lib/x86_64-linux-gnu/libxcb-glx.so.0.0.0
7f5162b11000-7f5162b12000 rw-p 00016000 fd:01 945050                     /usr/lib/x86_64-linux-gnu/libxcb-glx.so.0.0.0
7f5162b12000-7f5162b13000 r-xp 00000000 fd:01 944667                     /usr/lib/x86_64-linux-gnu/libX11-xcb.so.1.0.0
7f5162b13000-7f5162d12000 ---p 00001000 fd:01 944667                     /usr/lib/x86_64-linux-gnu/libX11-xcb.so.1.0.0
7f5162d12000-7f5162d13000 r--p 00000000 fd:01 944667                     /usr/lib/x86_64-linux-gnu/libX11-xcb.so.1.0.0
7f5162d13000-7f5162d14000 rw-p 00001000 fd:01 944667                     /usr/lib/x86_64-linux-gnu/libX11-xcb.so.1.0.0
7f5162d14000-7f5162d36000 r-xp 00000000 fd:01 944673                     /usr/lib/x86_64-linux-gnu/libglapi.so.0.0.0
7f5162d36000-7f5162f36000 ---p 00022000 fd:01 944673                     /usr/lib/x86_64-linux-gnu/libglapi.so.0.0.0
7f5162f36000-7f5162f39000 r--p 00022000 fd:01 944673                     /usr/lib/x86_64-linux-gnu/libglapi.so.0.0.0
7f5162f39000-7f5162f3a000 rw-p 00025000 fd:01 944673                     /usr/lib/x86_64-linux-gnu/libglapi.so.0.0.0
7f5162f3a000-7f5162f3b000 rw-p 00000000 00:00 0 
7f5162f3b000-7f5162f78000 r-xp 00000000 fd:01 393459                     /lib/x86_64-linux-gnu/libpcre.so.3.13.1
7f5162f78000-7f5163177000 ---p 0003d000 fd:01 393459                     /lib/x86_64-linux-gnu/libpcre.so.3.13.1
7f5163177000-7f5163178000 r--p 0003c000 fd:01 393459                     /lib/x86_64-linux-gnu/libpcre.so.3.13.1
7f5163178000-7f5163179000 rw-p 0003d000 fd:01 393459                     /lib/x86_64-linux-gnu/libpcre.so.3.13.1
7f5163179000-7f5163180000 r-xp 00000000 fd:01 920338                     /usr/lib/x86_64-linux-gnu/libffi.so.6.0.1
7f5163180000-7f516337f000 ---p 00007000 fd:01 920338                     /usr/lib/x86_64-linux-gnu/libffi.so.6.0.1
7f516337f000-7f5163380000 r--p 00006000 fd:01 920338                     /usr/lib/x86_64-linux-gnu/libffi.so.6.0.1
7f5163380000-7f5163381000 rw-p 00007000 fd:01 920338                     /usr/lib/x86_64-linux-gnu/libffi.so.6.0.1
7f5163381000-7f51633a8000 r-xp 00000000 fd:01 393405                     /lib/x86_64-linux-gnu/libexpat.so.1.6.0
7f51633a8000-7f51635a8000 ---p 00027000 fd:01 393405                     /lib/x86_64-linux-gnu/libexpat.so.1.6.0
7f51635a8000-7f51635aa000 r--p 00027000 fd:01 393405                     /lib/x86_64-linux-gnu/libexpat.so.1.6.0
7f51635aa000-7f51635ab000 rw-p 00029000 fd:01 393405                     /lib/x86_64-linux-gnu/libexpat.so.1.6.0
7f51635ab000-7f51635b3000 r-xp 00000000 fd:01 939252                     /usr/lib/x86_64-linux-gnu/libthai.so.0.2.0
7f51635b3000-7f51637b2000 ---p 00008000 fd:01 939252                     /usr/lib/x86_64-linux-gnu/libthai.so.0.2.0
7f51637b2000-7f51637b3000 r--p 00007000 fd:01 939252                     /usr/lib/x86_64-linux-gnu/libthai.so.0.2.0
7f51637b3000-7f51637b4000 rw-p 00008000 fd:01 939252                     /usr/lib/x86_64-linux-gnu/libthai.so.0.2.0
7f51637b4000-7f51637d1000 r-xp 00000000 fd:01 929741                     /usr/lib/x86_64-linux-gnu/libxcb.so.1.1.0
7f51637d1000-7f51639d1000 ---p 0001d000 fd:01 929741                     /usr/lib/x86_64-linux-gnu/libxcb.so.1.1.0
7f51639d1000-7f51639d2000 r--p 0001d000 fd:01 929741                     /usr/lib/x86_64-linux-gnu/libxcb.so.1.1.0
7f51639d2000-7f51639d3000 rw-p 0001e000 fd:01 929741                     /usr/lib/x86_64-linux-gnu/libxcb.so.1.1.0
7f51639d3000-7f51639db000 r-xp 00000000 fd:01 939239                     /usr/lib/x86_64-linux-gnu/libxcb-render.so.0.0.0
7f51639db000-7f5163bda000 ---p 00008000 fd:01 939239                     /usr/lib/x86_64-linux-gnu/libxcb-render.so.0.0.0
7f5163bda000-7f5163bdb000 r--p 00007000 fd:01 939239                     /usr/lib/x86_64-linux-gnu/libxcb-render.so.0.0.0
7f5163bdb000-7f5163bdc000 rw-p 00008000 fd:01 939239                     /usr/lib/x86_64-linux-gnu/libxcb-render.so.0.0.0
7f5163bdc000-7f5163bde000 r-xp 00000000 fd:01 939241                     /usr/lib/x86_64-linux-gnu/libxcb-shm.so.0.0.0
7f5163bde000-7f5163ddd000 ---p 00002000 fd:01 939241                     /usr/lib/x86_64-linux-gnu/libxcb-shm.so.0.0.0
7f5163ddd000-7f5163dde000 r--p 00001000 fd:01 939241                     /usr/lib/x86_64-linux-gnu/libxcb-shm.so.0.0.0
7f5163dde000-7f5163ddf000 rw-p 00002000 fd:01 939241                     /usr/lib/x86_64-linux-gnu/libxcb-shm.so.0.0.0
7f5163ddf000-7f5163e04000 r-xp 00000000 fd:01 393469                     /lib/x86_64-linux-gnu/libpng12.so.0.50.0
7f5163e04000-7f5164003000 ---p 00025000 fd:01 393469                     /lib/x86_64-linux-gnu/libpng12.so.0.50.0
7f5164003000-7f5164004000 r--p 00024000 fd:01 393469                     /lib/x86_64-linux-gnu/libpng12.so.0.50.0
7f5164004000-7f5164005000 rw-p 00025000 fd:01 393469                     /lib/x86_64-linux-gnu/libpng12.so.0.50.0
7f5164005000-7f51640a6000 r-xp 00000000 fd:01 939236                     /usr/lib/x86_64-linux-gnu/libpixman-1.so.0.30.2
7f51640a6000-7f51642a6000 ---p 000a1000 fd:01 939236                     /usr/lib/x86_64-linux-gnu/libpixman-1.so.0.30.2
7f51642a6000-7f51642ad000 r--p 000a1000 fd:01 939236                     /usr/lib/x86_64-linux-gnu/libpixman-1.so.0.30.2
7f51642ad000-7f51642ae000 rw-p 000a8000 fd:01 939236                     /usr/lib/x86_64-linux-gnu/libpixman-1.so.0.30.2
7f51642ae000-7f5164301000 r-xp 00000000 fd:01 939270                     /usr/lib/x86_64-linux-gnu/libharfbuzz.so.0.927.0
7f5164301000-7f5164501000 ---p 00053000 fd:01 939270                     /usr/lib/x86_64-linux-gnu/libharfbuzz.so.0.927.0
7f5164501000-7f5164502000 r--p 00053000 fd:01 939270                     /usr/lib/x86_64-linux-gnu/libharfbuzz.so.0.927.0
7f5164502000-7f5164503000 rw-p 00054000 fd:01 939270                     /usr/lib/x86_64-linux-gnu/libharfbuzz.so.0.927.0
7f5164503000-7f516451a000 r-xp 00000000 fd:01 393627                     /lib/x86_64-linux-gnu/libresolv-2.19.so
7f516451a000-7f516471a000 ---p 00017000 fd:01 393627                     /lib/x86_64-linux-gnu/libresolv-2.19.so
7f516471a000-7f516471b000 r--p 00017000 fd:01 393627                     /lib/x86_64-linux-gnu/libresolv-2.19.so
7f516471b000-7f516471c000 rw-p 00018000 fd:01 393627                     /lib/x86_64-linux-gnu/libresolv-2.19.so
7f516471c000-7f516471e000 rw-p 00000000 00:00 0 
7f516471e000-7f516473e000 r-xp 00000000 fd:01 393377                     /lib/x86_64-linux-gnu/libselinux.so.1
7f516473e000-7f516493d000 ---p 00020000 fd:01 393377                     /lib/x86_64-linux-gnu/libselinux.so.1
7f516493d000-7f516493e000 r--p 0001f000 fd:01 393377                     /lib/x86_64-linux-gnu/libselinux.so.1
7f516493e000-7f516493f000 rw-p 00020000 fd:01 393377                     /lib/x86_64-linux-gnu/libselinux.so.1
7f516493f000-7f5164941000 rw-p 00000000 00:00 0 
7f5164941000-7f5164959000 r-xp 00000000 fd:01 393502                     /lib/x86_64-linux-gnu/libz.so.1.2.8
7f5164959000-7f5164b58000 ---p 00018000 fd:01 393502                     /lib/x86_64-linux-gnu/libz.so.1.2.8
7f5164b58000-7f5164b59000 r--p 00017000 fd:01 393502                     /lib/x86_64-linux-gnu/libz.so.1.2.8
7f5164b59000-7f5164b5a000 rw-p 00018000 fd:01 393502                     /lib/x86_64-linux-gnu/libz.so.1.2.8
7f5164b5a000-7f5164b6b000 r-xp 00000000 fd:01 930005                     /usr/lib/x86_64-linux-gnu/libXext.so.6.4.0
7f5164b6b000-7f5164d6a000 ---p 00011000 fd:01 930005                     /usr/lib/x86_64-linux-gnu/libXext.so.6.4.0
7f5164d6a000-7f5164d6b000 r--p 00010000 fd:01 930005                     /usr/lib/x86_64-linux-gnu/libXext.so.6.4.0
7f5164d6b000-7f5164d6c000 rw-p 00011000 fd:01 930005                     /usr/lib/x86_64-linux-gnu/libXext.so.6.4.0
7f5164d6c000-7f5164d6e000 r-xp 00000000 fd:01 939458                     /usr/lib/x86_64-linux-gnu/libXdamage.so.1.1.0
7f5164d6e000-7f5164f6d000 ---p 00002000 fd:01 939458                     /usr/lib/x86_64-linux-gnu/libXdamage.so.1.1.0
7f5164f6d000-7f5164f6e000 r--p 00001000 fd:01 939458                     /usr/lib/x86_64-linux-gnu/libXdamage.so.1.1.0
7f5164f6e000-7f5164f6f000 rw-p 00002000 fd:01 939458                     /usr/lib/x86_64-linux-gnu/libXdamage.so.1.1.0
7f5164f6f000-7f5164f71000 r-xp 00000000 fd:01 939452                     /usr/lib/x86_64-linux-gnu/libXcomposite.so.1.0.0
7f5164f71000-7f5165170000 ---p 00002000 fd:01 939452                     /usr/lib/x86_64-linux-gnu/libXcomposite.so.1.0.0
7f5165170000-7f5165171000 r--p 00001000 fd:01 939452                     /usr/lib/x86_64-linux-gnu/libXcomposite.so.1.0.0
7f5165171000-7f5165172000 rw-p 00002000 fd:01 939452                     /usr/lib/x86_64-linux-gnu/libXcomposite.so.1.0.0
7f5165172000-7f516517b000 r-xp 00000000 fd:01 939456                     /usr/lib/x86_64-linux-gnu/libXcursor.so.1.0.2
7f516517b000-7f516537a000 ---p 00009000 fd:01 939456                     /usr/lib/x86_64-linux-gnu/libXcursor.so.1.0.2
7f516537a000-7f516537b000 r--p 00008000 fd:01 939456                     /usr/lib/x86_64-linux-gnu/libXcursor.so.1.0.2
7f516537b000-7f516537c000 rw-p 00009000 fd:01 939456                     /usr/lib/x86_64-linux-gnu/libXcursor.so.1.0.2
7f516537c000-7f5165385000 r-xp 00000000 fd:01 939466                     /usr/lib/x86_64-linux-gnu/libXrandr.so.2.2.0
7f5165385000-7f5165584000 ---p 00009000 fd:01 939466                     /usr/lib/x86_64-linux-gnu/libXrandr.so.2.2.0
7f5165584000-7f5165585000 r--p 00008000 fd:01 939466                     /usr/lib/x86_64-linux-gnu/libXrandr.so.2.2.0
7f5165585000-7f5165586000 rw-p 00009000 fd:01 939466                     /usr/lib/x86_64-linux-gnu/libXrandr.so.2.2.0
7f5165586000-7f5165595000 r-xp 00000000 fd:01 939460                     /usr/lib/x86_64-linux-gnu/libXi.so.6.1.0
7f5165595000-7f5165794000 ---p 0000f000 fd:01 939460                     /usr/lib/x86_64-linux-gnu/libXi.so.6.1.0
7f5165794000-7f5165795000 r--p 0000e000 fd:01 939460                     /usr/lib/x86_64-linux-gnu/libXi.so.6.1.0
7f5165795000-7f5165796000 rw-p 0000f000 fd:01 939460                     /usr/lib/x86_64-linux-gnu/libXi.so.6.1.0
7f5165796000-7f5165798000 r-xp 00000000 fd:01 939462                     /usr/lib/x86_64-linux-gnu/libXinerama.so.1.0.0
7f5165798000-7f5165997000 ---p 00002000 fd:01 939462                     /usr/lib/x86_64-linux-gnu/libXinerama.so.1.0.0
7f5165997000-7f5165998000 r--p 00001000 fd:01 939462                     /usr/lib/x86_64-linux-gnu/libXinerama.so.1.0.0
7f5165998000-7f5165999000 rw-p 00002000 fd:01 939462                     /usr/lib/x86_64-linux-gnu/libXinerama.so.1.0.0
7f5165999000-7f51659a2000 r-xp 00000000 fd:01 939243                     /usr/lib/x86_64-linux-gnu/libXrender.so.1.3.0
7f51659a2000-7f5165ba1000 ---p 00009000 fd:01 939243                     /usr/lib/x86_64-linux-gnu/libXrender.so.1.3.0
7f5165ba1000-7f5165ba2000 r--p 00008000 fd:01 939243                     /usr/lib/x86_64-linux-gnu/libXrender.so.1.3.0
7f5165ba2000-7f5165ba3000 rw-p 00009000 fd:01 939243                     /usr/lib/x86_64-linux-gnu/libXrender.so.1.3.0
7f5165ba3000-7f5165ba8000 r-xp 00000000 fd:01 939454                     /usr/lib/x86_64-linux-gnu/libXfixes.so.3.1.0
7f5165ba8000-7f5165da7000 ---p 00005000 fd:01 939454                     /usr/lib/x86_64-linux-gnu/libXfixes.so.3.1.0
7f5165da7000-7f5165da8000 r--p 00004000 fd:01 939454                     /usr/lib/x86_64-linux-gnu/libXfixes.so.3.1.0
7f5165da8000-7f5165da9000 rw-p 00005000 fd:01 939454                     /usr/lib/x86_64-linux-gnu/libXfixes.so.3.1.0
7f5165da9000-7f5165dbf000 r-xp 00000000 fd:01 393365                     /lib/x86_64-linux-gnu/libgcc_s.so.1
7f5165dbf000-7f5165fbe000 ---p 00016000 fd:01 393365                     /lib/x86_64-linux-gnu/libgcc_s.so.1
7f5165fbe000-7f5165fbf000 rw-p 00015000 fd:01 393365                     /lib/x86_64-linux-gnu/libgcc_s.so.1
7f5165fbf000-7f51660a5000 r-xp 00000000 fd:01 920378                     /usr/lib/x86_64-linux-gnu/libstdc++.so.6.0.19
7f51660a5000-7f51662a4000 ---p 000e6000 fd:01 920378                     /usr/lib/x86_64-linux-gnu/libstdc++.so.6.0.19
7f51662a4000-7f51662ac000 r--p 000e5000 fd:01 920378                     /usr/lib/x86_64-linux-gnu/libstdc++.so.6.0.19
7f51662ac000-7f51662ae000 rw-p 000ed000 fd:01 920378                     /usr/lib/x86_64-linux-gnu/libstdc++.so.6.0.19
7f51662ae000-7f51662c3000 rw-p 00000000 00:00 0 
7f51662c3000-7f5166325000 r-xp 00000000 fd:01 945062                     /usr/lib/x86_64-linux-gnu/mesa/libGL.so.1.2.0
7f5166325000-7f5166524000 ---p 00062000 fd:01 945062                     /usr/lib/x86_64-linux-gnu/mesa/libGL.so.1.2.0
7f5166524000-7f5166527000 r--p 00061000 fd:01 945062                     /usr/lib/x86_64-linux-gnu/mesa/libGL.so.1.2.0
7f5166527000-7f5166528000 rw-p 00064000 fd:01 945062                     /usr/lib/x86_64-linux-gnu/mesa/libGL.so.1.2.0
7f5166528000-7f5166529000 rw-p 00000000 00:00 0 
7f5166529000-7f516652d000 r-xp 00000000 fd:01 945058                     /usr/lib/x86_64-linux-gnu/libXxf86vm.so.1.0.0
7f516652d000-7f516672d000 ---p 00004000 fd:01 945058                     /usr/lib/x86_64-linux-gnu/libXxf86vm.so.1.0.0
7f516672d000-7f516672e000 r--p 00004000 fd:01 945058                     /usr/lib/x86_64-linux-gnu/libXxf86vm.so.1.0.0
7f516672e000-7f516672f000 rw-p 00005000 fd:01 945058                     /usr/lib/x86_64-linux-gnu/libXxf86vm.so.1.0.0
7f516672f000-7f516685f000 r-xp 00000000 fd:01 929994                     /usr/lib/x86_64-linux-gnu/libX11.so.6.3.0
7f516685f000-7f5166a5f000 ---p 00130000 fd:01 929994                     /usr/lib/x86_64-linux-gnu/libX11.so.6.3.0
7f5166a5f000-7f5166a60000 r--p 00130000 fd:01 929994                     /usr/lib/x86_64-linux-gnu/libX11.so.6.3.0
7f5166a60000-7f5166a64000 rw-p 00131000 fd:01 929994                     /usr/lib/x86_64-linux-gnu/libX11.so.6.3.0
7f5166a64000-7f5166a69000 r-xp 00000000 fd:01 945543                     /usr/lib/x86_64-linux-gnu/libXtst.so.6.1.0
7f5166a69000-7f5166c68000 ---p 00005000 fd:01 945543                     /usr/lib/x86_64-linux-gnu/libXtst.so.6.1.0
7f5166c68000-7f5166c69000 r--p 00004000 fd:01 945543                     /usr/lib/x86_64-linux-gnu/libXtst.so.6.1.0
7f5166c69000-7f5166c6a000 rw-p 00005000 fd:01 945543                     /usr/lib/x86_64-linux-gnu/libXtst.so.6.1.0
7f5166c6a000-7f5166d70000 r-xp 00000000 fd:01 393346                     /lib/x86_64-linux-gnu/libglib-2.0.so.0.4002.0
7f5166d70000-7f5166f6f000 ---p 00106000 fd:01 393346                     /lib/x86_64-linux-gnu/libglib-2.0.so.0.4002.0
7f5166f6f000-7f5166f70000 r--p 00105000 fd:01 393346                     /lib/x86_64-linux-gnu/libglib-2.0.so.0.4002.0
7f5166f70000-7f5166f71000 rw-p 00106000 fd:01 393346                     /lib/x86_64-linux-gnu/libglib-2.0.so.0.4002.0
7f5166f71000-7f5166f72000 rw-p 00000000 00:00 0 
7f5166f72000-7f5166f73000 r-xp 00000000 fd:01 920173                     /usr/lib/x86_64-linux-gnu/libgthread-2.0.so.0.4002.0
7f5166f73000-7f5167172000 ---p 00001000 fd:01 920173                     /usr/lib/x86_64-linux-gnu/libgthread-2.0.so.0.4002.0
7f5167172000-7f5167173000 r--p 00000000 fd:01 920173                     /usr/lib/x86_64-linux-gnu/libgthread-2.0.so.0.4002.0
7f5167173000-7f5167174000 rw-p 00001000 fd:01 920173                     /usr/lib/x86_64-linux-gnu/libgthread-2.0.so.0.4002.0
7f5167174000-7f5167177000 r-xp 00000000 fd:01 920171                     /usr/lib/x86_64-linux-gnu/libgmodule-2.0.so.0.4002.0
7f5167177000-7f5167376000 ---p 00003000 fd:01 920171                     /usr/lib/x86_64-linux-gnu/libgmodule-2.0.so.0.4002.0
7f5167376000-7f5167377000 r--p 00002000 fd:01 920171                     /usr/lib/x86_64-linux-gnu/libgmodule-2.0.so.0.4002.0
7f5167377000-7f5167378000 rw-p 00003000 fd:01 920171                     /usr/lib/x86_64-linux-gnu/libgmodule-2.0.so.0.4002.0
7f5167378000-7f51673c7000 r-xp 00000000 fd:01 920172                     /usr/lib/x86_64-linux-gnu/libgobject-2.0.so.0.4002.0
7f51673c7000-7f51675c7000 ---p 0004f000 fd:01 920172                     /usr/lib/x86_64-linux-gnu/libgobject-2.0.so.0.4002.0
7f51675c7000-7f51675c8000 r--p 0004f000 fd:01 920172                     /usr/lib/x86_64-linux-gnu/libgobject-2.0.so.0.4002.0
7f51675c8000-7f51675c9000 rw-p 00050000 fd:01 920172                     /usr/lib/x86_64-linux-gnu/libgobject-2.0.so.0.4002.0
7f51675c9000-7f5167603000 r-xp 00000000 fd:01 939234                     /usr/lib/x86_64-linux-gnu/libfontconfig.so.1.8.0
7f5167603000-7f5167802000 ---p 0003a000 fd:01 939234                     /usr/lib/x86_64-linux-gnu/libfontconfig.so.1.8.0
7f5167802000-7f5167804000 r--p 00039000 fd:01 939234                     /usr/lib/x86_64-linux-gnu/libfontconfig.so.1.8.0
7f5167804000-7f5167805000 rw-p 0003b000 fd:01 939234                     /usr/lib/x86_64-linux-gnu/libfontconfig.so.1.8.0
7f5167805000-7f51678a2000 r-xp 00000000 fd:01 920445                     /usr/lib/x86_64-linux-gnu/libfreetype.so.6.11.1
7f51678a2000-7f5167aa1000 ---p 0009d000 fd:01 920445                     /usr/lib/x86_64-linux-gnu/libfreetype.so.6.11.1
7f5167aa1000-7f5167aa7000 r--p 0009c000 fd:01 920445                     /usr/lib/x86_64-linux-gnu/libfreetype.so.6.11.1
7f5167aa7000-7f5167aa8000 rw-p 000a2000 fd:01 920445                     /usr/lib/x86_64-linux-gnu/libfreetype.so.6.11.1
7f5167aa8000-7f5167af2000 r-xp 00000000 fd:01 939264                     /usr/lib/x86_64-linux-gnu/libpango-1.0.so.0.3600.3
7f5167af2000-7f5167cf2000 ---p 0004a000 fd:01 939264                     /usr/lib/x86_64-linux-gnu/libpango-1.0.so.0.3600.3
7f5167cf2000-7f5167cf4000 r--p 0004a000 fd:01 939264                     /usr/lib/x86_64-linux-gnu/libpango-1.0.so.0.3600.3
7f5167cf4000-7f5167cf5000 rw-p 0004c000 fd:01 939264                     /usr/lib/x86_64-linux-gnu/libpango-1.0.so.0.3600.3
7f5167cf5000-7f5167dfb000 r-xp 00000000 fd:01 939245                     /usr/lib/x86_64-linux-gnu/libcairo.so.2.11301.0
7f5167dfb000-7f5167ffa000 ---p 00106000 fd:01 939245                     /usr/lib/x86_64-linux-gnu/libcairo.so.2.11301.0
7f5167ffa000-7f5167ffd000 r--p 00105000 fd:01 939245                     /usr/lib/x86_64-linux-gnu/libcairo.so.2.11301.0
7f5167ffd000-7f5167ffe000 rw-p 00108000 fd:01 939245                     /usr/lib/x86_64-linux-gnu/libcairo.so.2.11301.0
7f5167ffe000-7f5168000000 rw-p 00000000 00:00 0 
7f5168000000-7f51682e4000 rw-p 00000000 00:00 0 
7f51682e4000-7f516c000000 ---p 00000000 00:00 0 
7f516c000000-7f516c05d000 rw-p 00000000 00:00 0 
7f516c05d000-7f5170000000 ---p 00000000 00:00 0 
7f5170000000-7f5170021000 rw-p 00000000 00:00 0 
7f5170021000-7f5174000000 ---p 00000000 00:00 0 
7f5174000000-7f51745e6000 rw-p 00000000 00:00 0 
7f51745e6000-7f5178000000 ---p 00000000 00:00 0 
7f5178000000-7f5178021000 rw-p 00000000 00:00 0 
7f5178021000-7f517c000000 ---p 00000000 00:00 0 
7f517c000000-7f517c021000 rw-p 00000000 00:00 0 
7f517c021000-7f5180000000 ---p 00000000 00:00 0 
7f5180000000-7f51802e7000 rw-p 00000000 00:00 0 
7f51802e7000-7f5184000000 ---p 00000000 00:00 0 
7f518400e000-7f5184019000 r-xp 00000000 fd:01 939274                     /usr/lib/x86_64-linux-gnu/libpangocairo-1.0.so.0.3600.3
7f5184019000-7f5184219000 ---p 0000b000 fd:01 939274                     /usr/lib/x86_64-linux-gnu/libpangocairo-1.0.so.0.3600.3
7f5184219000-7f518421a000 r--p 0000b000 fd:01 939274                     /usr/lib/x86_64-linux-gnu/libpangocairo-1.0.so.0.3600.3
7f518421a000-7f518421b000 rw-p 0000c000 fd:01 939274                     /usr/lib/x86_64-linux-gnu/libpangocairo-1.0.so.0.3600.3
7f518421b000-7f518423a000 r-xp 00000000 fd:01 939231                     /usr/lib/x86_64-linux-gnu/libgdk_pixbuf-2.0.so.0.3000.7
7f518423a000-7f518443a000 ---p 0001f000 fd:01 939231                     /usr/lib/x86_64-linux-gnu/libgdk_pixbuf-2.0.so.0.3000.7
7f518443a000-7f518443b000 r--p 0001f000 fd:01 939231                     /usr/lib/x86_64-linux-gnu/libgdk_pixbuf-2.0.so.0.3000.7
7f518443b000-7f518443c000 rw-p 00020000 fd:01 939231                     /usr/lib/x86_64-linux-gnu/libgdk_pixbuf-2.0.so.0.3000.7
7f518443c000-7f5184450000 r-xp 00000000 fd:01 939272                     /usr/lib/x86_64-linux-gnu/libpangoft2-1.0.so.0.3600.3
7f5184450000-7f518464f000 ---p 00014000 fd:01 939272                     /usr/lib/x86_64-linux-gnu/libpangoft2-1.0.so.0.3600.3
7f518464f000-7f5184650000 r--p 00013000 fd:01 939272                     /usr/lib/x86_64-linux-gnu/libpangoft2-1.0.so.0.3600.3
7f5184650000-7f5184651000 rw-p 00014000 fd:01 939272                     /usr/lib/x86_64-linux-gnu/libpangoft2-1.0.so.0.3600.3
7f5184651000-7f51847bd000 r-xp 00000000 fd:01 920174                     /usr/lib/x86_64-linux-gnu/libgio-2.0.so.0.4002.0
7f51847bd000-7f51849bc000 ---p 0016c000 fd:01 920174                     /usr/lib/x86_64-linux-gnu/libgio-2.0.so.0.4002.0
7f51849bc000-7f51849c0000 r--p 0016b000 fd:01 920174                     /usr/lib/x86_64-linux-gnu/libgio-2.0.so.0.4002.0
7f51849c0000-7f51849c2000 rw-p 0016f000 fd:01 920174                     /usr/lib/x86_64-linux-gnu/libgio-2.0.so.0.4002.0
7f51849c2000-7f51849c4000 rw-p 00000000 00:00 0 
7f51849c4000-7f5184df3000 r-xp 00000000 fd:01 944687                     /usr/lib/x86_64-linux-gnu/libgtk-x11-2.0.so.0.2400.23
7f5184df3000-7f5184ff2000 ---p 0042f000 fd:01 944687                     /usr/lib/x86_64-linux-gnu/libgtk-x11-2.0.so.0.2400.23
7f5184ff2000-7f5184ff9000 r--p 0042e000 fd:01 944687                     /usr/lib/x86_64-linux-gnu/libgtk-x11-2.0.so.0.2400.23
7f5184ff9000-7f5184ffd000 rw-p 00435000 fd:01 944687                     /usr/lib/x86_64-linux-gnu/libgtk-x11-2.0.so.0.2400.23
7f5184ffd000-7f5185000000 rw-p 00000000 00:00 0 
7f5185000000-7f5185370000 rwxp 00000000 00:00 0 
7f5185370000-7f5194000000 ---p 00000000 00:00 0 
7f5194000000-7f51943e0000 rw-p 00000000 00:00 0 
7f51943e0000-7f5198000000 ---p 00000000 00:00 0 
7f5198001000-7f5198006000 r--s 00084000 fd:01 1186611                    /usr/local/jdk1.8.0_31/jre/lib/jfr.jar
7f5198006000-7f519801a000 r--p 00000000 fd:01 265852                     /usr/local/jdk1.8.0_31/jre/lib/fonts/LucidaBrightItalic.ttf
7f519801a000-7f519802d000 r--p 00000000 fd:01 265832                     /usr/local/jdk1.8.0_31/jre/lib/fonts/LucidaBrightDemiBold.ttf
7f519802d000-7f5198082000 r--p 00000000 fd:01 265838                     /usr/local/jdk1.8.0_31/jre/lib/fonts/LucidaBrightRegular.ttf
7f5198082000-7f51980a1000 r-xp 00000000 fd:01 939408                     /usr/lib/x86_64-linux-gnu/libatk-1.0.so.0.21009.1
7f51980a1000-7f51982a1000 ---p 0001f000 fd:01 939408                     /usr/lib/x86_64-linux-gnu/libatk-1.0.so.0.21009.1
7f51982a1000-7f51982a3000 r--p 0001f000 fd:01 939408                     /usr/lib/x86_64-linux-gnu/libatk-1.0.so.0.21009.1
7f51982a3000-7f51982a4000 rw-p 00021000 fd:01 939408                     /usr/lib/x86_64-linux-gnu/libatk-1.0.so.0.21009.1
7f51982a4000-7f5198351000 r-xp 00000000 fd:01 944688                     /usr/lib/x86_64-linux-gnu/libgdk-x11-2.0.so.0.2400.23
7f5198351000-7f5198550000 ---p 000ad000 fd:01 944688                     /usr/lib/x86_64-linux-gnu/libgdk-x11-2.0.so.0.2400.23
7f5198550000-7f5198554000 r--p 000ac000 fd:01 944688                     /usr/lib/x86_64-linux-gnu/libgdk-x11-2.0.so.0.2400.23
7f5198554000-7f5198556000 rw-p 000b0000 fd:01 944688                     /usr/lib/x86_64-linux-gnu/libgdk-x11-2.0.so.0.2400.23
7f5198556000-7f5198562000 r-xp 00000000 fd:01 266542                     /usr/local/jdk1.8.0_31/jre/lib/amd64/libprism_es2.so
7f5198562000-7f5198761000 ---p 0000c000 fd:01 266542                     /usr/local/jdk1.8.0_31/jre/lib/amd64/libprism_es2.so
7f5198761000-7f5198762000 r--p 0000b000 fd:01 266542                     /usr/local/jdk1.8.0_31/jre/lib/amd64/libprism_es2.so
7f5198762000-7f5198763000 rw-p 0000c000 fd:01 266542                     /usr/local/jdk1.8.0_31/jre/lib/amd64/libprism_es2.so
7f5198763000-7f5198766000 ---p 00000000 00:00 0 
7f5198766000-7f5198864000 rw-p 00000000 00:00 0                          [stack:16130]
7f5198864000-7f51988f0000 r--s 00fea000 fd:01 266679                     /usr/local/jdk1.8.0_31/jre/lib/ext/jfxrt.jar
7f51988f0000-7f51988f1000 ---p 00000000 00:00 0 
7f51988f1000-7f51989f1000 rw-p 00000000 00:00 0                          [stack:16127]
7f51989f1000-7f51989f4000 ---p 00000000 00:00 0 
7f51989f4000-7f5198af2000 rw-p 00000000 00:00 0                          [stack:16126]
7f5198af2000-7f5198af5000 ---p 00000000 00:00 0 
7f5198af5000-7f5198bf3000 rw-p 00000000 00:00 0                          [stack:16125]
7f5198bf3000-7f5198bf6000 ---p 00000000 00:00 0 
7f5198bf6000-7f5198cf4000 rw-p 00000000 00:00 0                          [stack:16124]
7f5198cf4000-7f5198cf7000 ---p 00000000 00:00 0 
7f5198cf7000-7f5198df5000 rw-p 00000000 00:00 0                          [stack:16123]
7f5198df5000-7f51990be000 r--p 00000000 fd:01 923282                     /usr/lib/locale/locale-archive
7f51990be000-7f51990c1000 ---p 00000000 00:00 0 
7f51990c1000-7f51991bf000 rw-p 00000000 00:00 0                          [stack:16122]
7f51991bf000-7f51991c2000 ---p 00000000 00:00 0 
7f51991c2000-7f51992c0000 rw-p 00000000 00:00 0                          [stack:16121]
7f51992c0000-7f51992c1000 ---p 00000000 00:00 0 
7f51992c1000-7f5199410000 rw-p 00000000 00:00 0                          [stack:16120]
7f5199410000-7f51995e6000 r--s 03cae000 fd:01 1186613                    /usr/local/jdk1.8.0_31/jre/lib/rt.jar
7f51995e6000-7f5199e5c000 rw-p 00000000 00:00 0 
7f5199e5c000-7f5199e6a000 rw-p 00000000 00:00 0 
7f5199e6a000-7f519a21c000 ---p 00000000 00:00 0 
7f519a21c000-7f519a236000 r-xp 00000000 fd:01 266651                     /usr/local/jdk1.8.0_31/jre/lib/amd64/libzip.so
7f519a236000-7f519a436000 ---p 0001a000 fd:01 266651                     /usr/local/jdk1.8.0_31/jre/lib/amd64/libzip.so
7f519a436000-7f519a437000 rw-p 0001a000 fd:01 266651                     /usr/local/jdk1.8.0_31/jre/lib/amd64/libzip.so
7f519a437000-7f519a442000 r-xp 00000000 fd:01 410445                     /lib/x86_64-linux-gnu/libnss_files-2.19.so
7f519a442000-7f519a641000 ---p 0000b000 fd:01 410445                     /lib/x86_64-linux-gnu/libnss_files-2.19.so
7f519a641000-7f519a642000 r--p 0000a000 fd:01 410445                     /lib/x86_64-linux-gnu/libnss_files-2.19.so
7f519a642000-7f519a643000 rw-p 0000b000 fd:01 410445                     /lib/x86_64-linux-gnu/libnss_files-2.19.so
7f519a643000-7f519a64e000 r-xp 00000000 fd:01 393633                     /lib/x86_64-linux-gnu/libnss_nis-2.19.so
7f519a64e000-7f519a84d000 ---p 0000b000 fd:01 393633                     /lib/x86_64-linux-gnu/libnss_nis-2.19.so
7f519a84d000-7f519a84e000 r--p 0000a000 fd:01 393633                     /lib/x86_64-linux-gnu/libnss_nis-2.19.so
7f519a84e000-7f519a84f000 rw-p 0000b000 fd:01 393633                     /lib/x86_64-linux-gnu/libnss_nis-2.19.so
7f519a84f000-7f519a866000 r-xp 00000000 fd:01 393595                     /lib/x86_64-linux-gnu/libnsl-2.19.so
7f519a866000-7f519aa65000 ---p 00017000 fd:01 393595                     /lib/x86_64-linux-gnu/libnsl-2.19.so
7f519aa65000-7f519aa66000 r--p 00016000 fd:01 393595                     /lib/x86_64-linux-gnu/libnsl-2.19.so
7f519aa66000-7f519aa67000 rw-p 00017000 fd:01 393595                     /lib/x86_64-linux-gnu/libnsl-2.19.so
7f519aa67000-7f519aa69000 rw-p 00000000 00:00 0 
7f519aa69000-7f519aa72000 r-xp 00000000 fd:01 393583                     /lib/x86_64-linux-gnu/libnss_compat-2.19.so
7f519aa72000-7f519ac71000 ---p 00009000 fd:01 393583                     /lib/x86_64-linux-gnu/libnss_compat-2.19.so
7f519ac71000-7f519ac72000 r--p 00008000 fd:01 393583                     /lib/x86_64-linux-gnu/libnss_compat-2.19.so
7f519ac72000-7f519ac73000 rw-p 00009000 fd:01 393583                     /lib/x86_64-linux-gnu/libnss_compat-2.19.so
7f519ac73000-7f519ac9d000 r-xp 00000000 fd:01 266628                     /usr/local/jdk1.8.0_31/jre/lib/amd64/libjava.so
7f519ac9d000-7f519ae9d000 ---p 0002a000 fd:01 266628                     /usr/local/jdk1.8.0_31/jre/lib/amd64/libjava.so
7f519ae9d000-7f519ae9f000 rw-p 0002a000 fd:01 266628                     /usr/local/jdk1.8.0_31/jre/lib/amd64/libjava.so
7f519ae9f000-7f519aeac000 r-xp 00000000 fd:01 266597                     /usr/local/jdk1.8.0_31/jre/lib/amd64/libverify.so
7f519aeac000-7f519b0ac000 ---p 0000d000 fd:01 266597                     /usr/local/jdk1.8.0_31/jre/lib/amd64/libverify.so
7f519b0ac000-7f519b0ae000 rw-p 0000d000 fd:01 266597                     /usr/local/jdk1.8.0_31/jre/lib/amd64/libverify.so
7f519b0ae000-7f519b0b5000 r-xp 00000000 fd:01 393395                     /lib/x86_64-linux-gnu/librt-2.19.so
7f519b0b5000-7f519b2b4000 ---p 00007000 fd:01 393395                     /lib/x86_64-linux-gnu/librt-2.19.so
7f519b2b4000-7f519b2b5000 r--p 00006000 fd:01 393395                     /lib/x86_64-linux-gnu/librt-2.19.so
7f519b2b5000-7f519b2b6000 rw-p 00007000 fd:01 393395                     /lib/x86_64-linux-gnu/librt-2.19.so
7f519b2b6000-7f519b3bb000 r-xp 00000000 fd:01 393590                     /lib/x86_64-linux-gnu/libm-2.19.so
7f519b3bb000-7f519b5ba000 ---p 00105000 fd:01 393590                     /lib/x86_64-linux-gnu/libm-2.19.so
7f519b5ba000-7f519b5bb000 r--p 00104000 fd:01 393590                     /lib/x86_64-linux-gnu/libm-2.19.so
7f519b5bb000-7f519b5bc000 rw-p 00105000 fd:01 393590                     /lib/x86_64-linux-gnu/libm-2.19.so
7f519b5bc000-7f519c22a000 r-xp 00000000 fd:01 266525                     /usr/local/jdk1.8.0_31/jre/lib/amd64/server/libjvm.so
7f519c22a000-7f519c429000 ---p 00c6e000 fd:01 266525                     /usr/local/jdk1.8.0_31/jre/lib/amd64/server/libjvm.so
7f519c429000-7f519c4ff000 rw-p 00c6d000 fd:01 266525                     /usr/local/jdk1.8.0_31/jre/lib/amd64/server/libjvm.so
7f519c4ff000-7f519c542000 rw-p 00000000 00:00 0 
7f519c542000-7f519c6fd000 r-xp 00000000 fd:01 393378                     /lib/x86_64-linux-gnu/libc-2.19.so
7f519c6fd000-7f519c8fd000 ---p 001bb000 fd:01 393378                     /lib/x86_64-linux-gnu/libc-2.19.so
7f519c8fd000-7f519c901000 r--p 001bb000 fd:01 393378                     /lib/x86_64-linux-gnu/libc-2.19.so
7f519c901000-7f519c903000 rw-p 001bf000 fd:01 393378                     /lib/x86_64-linux-gnu/libc-2.19.so
7f519c903000-7f519c908000 rw-p 00000000 00:00 0 
7f519c908000-7f519c90b000 r-xp 00000000 fd:01 393415                     /lib/x86_64-linux-gnu/libdl-2.19.so
7f519c90b000-7f519cb0a000 ---p 00003000 fd:01 393415                     /lib/x86_64-linux-gnu/libdl-2.19.so
7f519cb0a000-7f519cb0b000 r--p 00002000 fd:01 393415                     /lib/x86_64-linux-gnu/libdl-2.19.so
7f519cb0b000-7f519cb0c000 rw-p 00003000 fd:01 393415                     /lib/x86_64-linux-gnu/libdl-2.19.so
7f519cb0c000-7f519cb21000 r-xp 00000000 fd:01 266580                     /usr/local/jdk1.8.0_31/jre/lib/amd64/jli/libjli.so
7f519cb21000-7f519cd20000 ---p 00015000 fd:01 266580                     /usr/local/jdk1.8.0_31/jre/lib/amd64/jli/libjli.so
7f519cd20000-7f519cd21000 rw-p 00014000 fd:01 266580                     /usr/local/jdk1.8.0_31/jre/lib/amd64/jli/libjli.so
7f519cd21000-7f519cd3a000 r-xp 00000000 fd:01 404934                     /lib/x86_64-linux-gnu/libpthread-2.19.so
7f519cd3a000-7f519cf39000 ---p 00019000 fd:01 404934                     /lib/x86_64-linux-gnu/libpthread-2.19.so
7f519cf39000-7f519cf3a000 r--p 00018000 fd:01 404934                     /lib/x86_64-linux-gnu/libpthread-2.19.so
7f519cf3a000-7f519cf3b000 rw-p 00019000 fd:01 404934                     /lib/x86_64-linux-gnu/libpthread-2.19.so
7f519cf3b000-7f519cf3f000 rw-p 00000000 00:00 0 
7f519cf3f000-7f519cf62000 r-xp 00000000 fd:01 393326                     /lib/x86_64-linux-gnu/ld-2.19.so
7f519cf66000-7f519cf79000 r--p 00000000 fd:01 265823                     /usr/local/jdk1.8.0_31/jre/lib/fonts/LucidaBrightDemiItalic.ttf
7f519cf79000-7f519cf84000 r--s 00000000 fd:01 132248                     /var/cache/fontconfig/d589a48862398ed80a3d6066f4f56f4c-le64.cache-4
7f519cf84000-7f519cf87000 r--s 00000000 fd:01 132164                     /var/cache/fontconfig/e13b20fdb08344e0e664864cc2ede53d-le64.cache-4
7f519cf87000-7f519cfe5000 rw-p 00000000 00:00 0 
7f519cfe5000-7f519d00d000 ---p 00000000 00:00 0 
7f519d00d000-7f519d00f000 rw-p 00000000 00:00 0 
7f519d00f000-7f519d022000 ---p 00000000 00:00 0 
7f519d022000-7f519d025000 rw-p 00000000 00:00 0 
7f519d025000-7f519d04c000 ---p 00000000 00:00 0 
7f519d04c000-7f519d04d000 rw-p 00000000 00:00 0 
7f519d04d000-7f519d050000 ---p 00000000 00:00 0 
7f519d050000-7f519d152000 rw-p 00000000 00:00 0                          [stack:16119]
7f519d153000-7f519d154000 rw-p 00000000 00:00 0 
7f519d154000-7f519d155000 r--s 00000000 fd:01 393662                     /home/main/Dropbox/CSULB/343/pharm-project/JavaFXApplication1/dist/run1039100579/JavaFXApplication1.jar
7f519d155000-7f519d15d000 rw-s 00000000 fd:01 262278                     /tmp/hsperfdata_main/16115
7f519d15d000-7f519d15e000 rw-p 00000000 00:00 0 
7f519d15e000-7f519d15f000 ---p 00000000 00:00 0 
7f519d15f000-7f519d161000 rw-p 00000000 00:00 0 
7f519d161000-7f519d162000 r--p 00022000 fd:01 393326                     /lib/x86_64-linux-gnu/ld-2.19.so
7f519d162000-7f519d163000 rw-p 00023000 fd:01 393326                     /lib/x86_64-linux-gnu/ld-2.19.so
7f519d163000-7f519d164000 rw-p 00000000 00:00 0 
7fffce981000-7fffce9a2000 rw-p 00000000 00:00 0                          [stack]
7fffce9fe000-7fffcea00000 r-xp 00000000 00:00 0                          [vdso]
ffffffffff600000-ffffffffff601000 r-xp 00000000 00:00 0                  [vsyscall]

VM Arguments:
jvm_args: -Dfile.encoding=UTF-8 
java_command: /home/main/Dropbox/CSULB/343/pharm-project/JavaFXApplication1/dist/run1039100579/JavaFXApplication1.jar
java_class_path (initial): /home/main/Dropbox/CSULB/343/pharm-project/JavaFXApplication1/dist/run1039100579/JavaFXApplication1.jar
Launcher Type: SUN_STANDARD

Environment Variables:
PATH=/usr/local/sbin:/usr/local/bin:/usr/sbin:/usr/bin:/sbin:/bin:/usr/games:/usr/local/games
LD_LIBRARY_PATH=/usr/local/jdk1.8.0_31/jre/lib/amd64:/usr/local/jdk1.8.0_31/jre/lib/i386:
SHELL=/bin/bash
DISPLAY=:1.0

Signal Handlers:
SIGSEGV: [libjvm.so+0xa7a650], sa_mask[0]=11111111011111111101111111111110, sa_flags=SA_RESTART|SA_SIGINFO
SIGBUS: [libjvm.so+0xa7a650], sa_mask[0]=11111111011111111101111111111110, sa_flags=SA_RESTART|SA_SIGINFO
SIGFPE: [libjvm.so+0x8e28f0], sa_mask[0]=11111111011111111101111111111110, sa_flags=SA_RESTART|SA_SIGINFO
SIGPIPE: SIG_IGN, sa_mask[0]=00000000000010000000000000000000, sa_flags=SA_RESTART
SIGXFSZ: [libjvm.so+0x8e28f0], sa_mask[0]=11111111011111111101111111111110, sa_flags=SA_RESTART|SA_SIGINFO
SIGILL: [libjvm.so+0x8e28f0], sa_mask[0]=11111111011111111101111111111110, sa_flags=SA_RESTART|SA_SIGINFO
SIGUSR1: SIG_DFL, sa_mask[0]=00000000000000000000000000000000, sa_flags=none
SIGUSR2: [libjvm.so+0x8e4120], sa_mask[0]=00100000000000000000000000000000, sa_flags=SA_RESTART|SA_SIGINFO
SIGHUP: [libjvm.so+0x8e54e0], sa_mask[0]=11111111011111111101111111111110, sa_flags=SA_RESTART|SA_SIGINFO
SIGINT: SIG_IGN, sa_mask[0]=00000000000000000000000000000000, sa_flags=none
SIGTERM: [libjvm.so+0x8e54e0], sa_mask[0]=11111111011111111101111111111110, sa_flags=SA_RESTART|SA_SIGINFO
SIGQUIT: [libjvm.so+0x8e54e0], sa_mask[0]=11111111011111111101111111111110, sa_flags=SA_RESTART|SA_SIGINFO


---------------  S Y S T E M  ---------------

OS:DISTRIB_ID=Ubuntu
DISTRIB_RELEASE=14.04
DISTRIB_CODENAME=trusty
DISTRIB_DESCRIPTION="Ubuntu 14.04.2 LTS"

uname:Linux 3.13.0-43-generic #72-Ubuntu SMP Mon Dec 8 19:35:06 UTC 2014 x86_64
libc:glibc 2.19 NPTL 2.19 
rlimit: STACK 8192k, CORE 0k, NPROC 3750, NOFILE 4096, AS infinity
load average:2.16 1.50 0.88

/proc/meminfo:
MemTotal:         501800 kB
MemFree:            6348 kB
Buffers:             224 kB
Cached:             6884 kB
SwapCached:            0 kB
Active:           444948 kB
Inactive:           5816 kB
Active(anon):     443936 kB
Inactive(anon):     4176 kB
Active(file):       1012 kB
Inactive(file):     1640 kB
Unevictable:           0 kB
Mlocked:               0 kB
SwapTotal:             0 kB
SwapFree:              0 kB
Dirty:                32 kB
Writeback:             0 kB
AnonPages:        443728 kB
Mapped:             5152 kB
Shmem:              4396 kB
Slab:              22048 kB
SReclaimable:      10480 kB
SUnreclaim:        11568 kB
KernelStack:        1648 kB
PageTables:        10376 kB
NFS_Unstable:          0 kB
Bounce:                0 kB
WritebackTmp:          0 kB
CommitLimit:      250900 kB
Committed_AS:     958284 kB
VmallocTotal:   34359738367 kB
VmallocUsed:        7884 kB
VmallocChunk:   34359723260 kB
HardwareCorrupted:     0 kB
AnonHugePages:         0 kB
HugePages_Total:       0
HugePages_Free:        0
HugePages_Rsvd:        0
HugePages_Surp:        0
Hugepagesize:       2048 kB
DirectMap4k:       34808 kB
DirectMap2M:      489472 kB
DirectMap1G:           0 kB


CPU:total 1 (1 cores per cpu, 1 threads per core) family 6 model 62 stepping 4, cmov, cx8, fxsr, mmx, sse, sse2, sse3, ssse3, sse4.1, sse4.2, popcnt, avx, aes, clmul, erms, tsc

/proc/cpuinfo:
processor	: 0
vendor_id	: GenuineIntel
cpu family	: 6
model		: 62
model name	: Intel(R) Xeon(R) CPU E5-2630L v2 @ 2.40GHz
stepping	: 4
microcode	: 0x1
cpu MHz		: 2399.998
cache size	: 15360 KB
physical id	: 0
siblings	: 1
core id		: 0
cpu cores	: 1
apicid		: 0
initial apicid	: 0
fpu		: yes
fpu_exception	: yes
cpuid level	: 13
wp		: yes
flags		: fpu vme de pse tsc msr pae mce cx8 apic sep mtrr pge mca cmov pat pse36 clflush mmx fxsr sse sse2 ss syscall nx pdpe1gb rdtscp lm constant_tsc arch_perfmon rep_good nopl eagerfpu pni pclmulqdq vmx ssse3 cx16 pcid sse4_1 sse4_2 x2apic popcnt tsc_deadline_timer aes xsave avx f16c rdrand hypervisor lahf_lm xsaveopt vnmi ept fsgsbase tsc_adjust smep erms
bogomips	: 4799.99
clflush size	: 64
cache_alignment	: 64
address sizes	: 40 bits physical, 48 bits virtual
power management:



Memory: 4k page, physical 501800k(6348k free), swap 0k(0k free)

vm_info: Java HotSpot(TM) 64-Bit Server VM (25.31-b07) for linux-amd64 JRE (1.8.0_31-b13), built on Dec 17 2014 20:40:15 by "java_re" with gcc 4.3.0 20080428 (Red Hat 4.3.0-8)

time: Thu Feb 26 00:47:36 2015
elapsed time: 4 seconds (0d 0h 0m 4s)

